Warning[205] E:\DESKTOP\HOC\DA_VXL_VDK\ASSEMBLY\FULL_TEMP.X\NEWASMTEMPLATE.ASM 1 : Found directive in column 1. (PROCESSOR)
Warning[205] E:\DESKTOP\HOC\DA_VXL_VDK\ASSEMBLY\FULL_TEMP.X\NEWASMTEMPLATE.ASM 63 : Found directive in column 1. (cblock)
Warning[205] E:\DESKTOP\HOC\DA_VXL_VDK\ASSEMBLY\FULL_TEMP.X\NEWASMTEMPLATE.ASM 68 : Found directive in column 1. (ENDC)
Warning[205] E:\DESKTOP\HOC\DA_VXL_VDK\ASSEMBLY\FULL_TEMP.X\NEWASMTEMPLATE.ASM 74 : Found directive in column 1. (org)
Warning[203] E:\DESKTOP\HOC\DA_VXL_VDK\ASSEMBLY\FULL_TEMP.X\NEWASMTEMPLATE.ASM 75 : Found opcode in column 1. (goto)
Warning[205] E:\DESKTOP\HOC\DA_VXL_VDK\ASSEMBLY\FULL_TEMP.X\NEWASMTEMPLATE.ASM 78 : Found directive in column 1. (org)
Warning[203] E:\DESKTOP\HOC\DA_VXL_VDK\ASSEMBLY\FULL_TEMP.X\NEWASMTEMPLATE.ASM 79 : Found opcode in column 1. (MOVWF)
Warning[203] E:\DESKTOP\HOC\DA_VXL_VDK\ASSEMBLY\FULL_TEMP.X\NEWASMTEMPLATE.ASM 80 : Found opcode in column 1. (MOVFF)
Warning[203] E:\DESKTOP\HOC\DA_VXL_VDK\ASSEMBLY\FULL_TEMP.X\NEWASMTEMPLATE.ASM 81 : Found opcode in column 1. (MOVFF)
Warning[203] E:\DESKTOP\HOC\DA_VXL_VDK\ASSEMBLY\FULL_TEMP.X\NEWASMTEMPLATE.ASM 85 : Found opcode in column 1. (btfss)
Warning[203] E:\DESKTOP\HOC\DA_VXL_VDK\ASSEMBLY\FULL_TEMP.X\NEWASMTEMPLATE.ASM 86 : Found opcode in column 1. (call)
Warning[203] E:\DESKTOP\HOC\DA_VXL_VDK\ASSEMBLY\FULL_TEMP.X\NEWASMTEMPLATE.ASM 88 : Found opcode in column 1. (MOVFF)
Warning[203] E:\DESKTOP\HOC\DA_VXL_VDK\ASSEMBLY\FULL_TEMP.X\NEWASMTEMPLATE.ASM 89 : Found opcode in column 1. (MOVF)
Warning[203] E:\DESKTOP\HOC\DA_VXL_VDK\ASSEMBLY\FULL_TEMP.X\NEWASMTEMPLATE.ASM 90 : Found opcode in column 1. (MOVFF)
Warning[203] E:\DESKTOP\HOC\DA_VXL_VDK\ASSEMBLY\FULL_TEMP.X\NEWASMTEMPLATE.ASM 91 : Found opcode in column 1. (call)
Warning[203] E:\DESKTOP\HOC\DA_VXL_VDK\ASSEMBLY\FULL_TEMP.X\NEWASMTEMPLATE.ASM 92 : Found opcode in column 1. (bcf)
Warning[203] E:\DESKTOP\HOC\DA_VXL_VDK\ASSEMBLY\FULL_TEMP.X\NEWASMTEMPLATE.ASM 93 : Found opcode in column 1. (RETFIE)
Warning[205] E:\DESKTOP\HOC\DA_VXL_VDK\ASSEMBLY\FULL_TEMP.X\NEWASMTEMPLATE.ASM 98 : Found directive in column 1. (org)
Warning[203] E:\DESKTOP\HOC\DA_VXL_VDK\ASSEMBLY\FULL_TEMP.X\NEWASMTEMPLATE.ASM 100 : Found opcode in column 1. (clrf)
Warning[203] E:\DESKTOP\HOC\DA_VXL_VDK\ASSEMBLY\FULL_TEMP.X\NEWASMTEMPLATE.ASM 101 : Found opcode in column 1. (clrf)
Warning[203] E:\DESKTOP\HOC\DA_VXL_VDK\ASSEMBLY\FULL_TEMP.X\NEWASMTEMPLATE.ASM 102 : Found opcode in column 1. (movlw)
Warning[203] E:\DESKTOP\HOC\DA_VXL_VDK\ASSEMBLY\FULL_TEMP.X\NEWASMTEMPLATE.ASM 103 : Found opcode in column 1. (movwf)
Warning[203] E:\DESKTOP\HOC\DA_VXL_VDK\ASSEMBLY\FULL_TEMP.X\NEWASMTEMPLATE.ASM 104 : Found opcode in column 1. (movlw)
Warning[203] E:\DESKTOP\HOC\DA_VXL_VDK\ASSEMBLY\FULL_TEMP.X\NEWASMTEMPLATE.ASM 105 : Found opcode in column 1. (movwf)
Warning[203] E:\DESKTOP\HOC\DA_VXL_VDK\ASSEMBLY\FULL_TEMP.X\NEWASMTEMPLATE.ASM 106 : Found opcode in column 1. (movlw)
Warning[203] E:\DESKTOP\HOC\DA_VXL_VDK\ASSEMBLY\FULL_TEMP.X\NEWASMTEMPLATE.ASM 107 : Found opcode in column 1. (movwf)
Warning[203] E:\DESKTOP\HOC\DA_VXL_VDK\ASSEMBLY\FULL_TEMP.X\NEWASMTEMPLATE.ASM 108 : Found opcode in column 1. (bsf)
Warning[203] E:\DESKTOP\HOC\DA_VXL_VDK\ASSEMBLY\FULL_TEMP.X\NEWASMTEMPLATE.ASM 109 : Found opcode in column 1. (bsf)
Warning[203] E:\DESKTOP\HOC\DA_VXL_VDK\ASSEMBLY\FULL_TEMP.X\NEWASMTEMPLATE.ASM 110 : Found opcode in column 1. (bcf)
Warning[203] E:\DESKTOP\HOC\DA_VXL_VDK\ASSEMBLY\FULL_TEMP.X\NEWASMTEMPLATE.ASM 112 : Found opcode in column 1. (movlw)
Warning[203] E:\DESKTOP\HOC\DA_VXL_VDK\ASSEMBLY\FULL_TEMP.X\NEWASMTEMPLATE.ASM 113 : Found opcode in column 1. (call)
Warning[203] E:\DESKTOP\HOC\DA_VXL_VDK\ASSEMBLY\FULL_TEMP.X\NEWASMTEMPLATE.ASM 114 : Found opcode in column 1. (movlw)
Warning[203] E:\DESKTOP\HOC\DA_VXL_VDK\ASSEMBLY\FULL_TEMP.X\NEWASMTEMPLATE.ASM 115 : Found opcode in column 1. (call)
Warning[203] E:\DESKTOP\HOC\DA_VXL_VDK\ASSEMBLY\FULL_TEMP.X\NEWASMTEMPLATE.ASM 116 : Found opcode in column 1. (movlw)
Warning[203] E:\DESKTOP\HOC\DA_VXL_VDK\ASSEMBLY\FULL_TEMP.X\NEWASMTEMPLATE.ASM 117 : Found opcode in column 1. (call)
Warning[203] E:\DESKTOP\HOC\DA_VXL_VDK\ASSEMBLY\FULL_TEMP.X\NEWASMTEMPLATE.ASM 118 : Found opcode in column 1. (call)
Warning[203] E:\DESKTOP\HOC\DA_VXL_VDK\ASSEMBLY\FULL_TEMP.X\NEWASMTEMPLATE.ASM 119 : Found opcode in column 1. (movff)
Warning[203] E:\DESKTOP\HOC\DA_VXL_VDK\ASSEMBLY\FULL_TEMP.X\NEWASMTEMPLATE.ASM 121 : Found opcode in column 1. (goto)
Warning[203] E:\DESKTOP\HOC\DA_VXL_VDK\ASSEMBLY\FULL_TEMP.X\NEWASMTEMPLATE.ASM 125 : Found opcode in column 1. (btfss)
Warning[203] E:\DESKTOP\HOC\DA_VXL_VDK\ASSEMBLY\FULL_TEMP.X\NEWASMTEMPLATE.ASM 126 : Found opcode in column 1. (call)
Warning[203] E:\DESKTOP\HOC\DA_VXL_VDK\ASSEMBLY\FULL_TEMP.X\NEWASMTEMPLATE.ASM 127 : Found opcode in column 1. (btfsc)
Warning[203] E:\DESKTOP\HOC\DA_VXL_VDK\ASSEMBLY\FULL_TEMP.X\NEWASMTEMPLATE.ASM 128 : Found opcode in column 1. (call)
Warning[203] E:\DESKTOP\HOC\DA_VXL_VDK\ASSEMBLY\FULL_TEMP.X\NEWASMTEMPLATE.ASM 129 : Found opcode in column 1. (movff)
Warning[203] E:\DESKTOP\HOC\DA_VXL_VDK\ASSEMBLY\FULL_TEMP.X\NEWASMTEMPLATE.ASM 130 : Found opcode in column 1. (return)
Warning[203] E:\DESKTOP\HOC\DA_VXL_VDK\ASSEMBLY\FULL_TEMP.X\NEWASMTEMPLATE.ASM 134 : Found opcode in column 1. (movf)
Warning[203] E:\DESKTOP\HOC\DA_VXL_VDK\ASSEMBLY\FULL_TEMP.X\NEWASMTEMPLATE.ASM 135 : Found opcode in column 1. (xorlw)
Warning[203] E:\DESKTOP\HOC\DA_VXL_VDK\ASSEMBLY\FULL_TEMP.X\NEWASMTEMPLATE.ASM 136 : Found opcode in column 1. (btfss)
Warning[203] E:\DESKTOP\HOC\DA_VXL_VDK\ASSEMBLY\FULL_TEMP.X\NEWASMTEMPLATE.ASM 137 : Found opcode in column 1. (return)
Warning[203] E:\DESKTOP\HOC\DA_VXL_VDK\ASSEMBLY\FULL_TEMP.X\NEWASMTEMPLATE.ASM 138 : Found opcode in column 1. (movf)
Warning[203] E:\DESKTOP\HOC\DA_VXL_VDK\ASSEMBLY\FULL_TEMP.X\NEWASMTEMPLATE.ASM 139 : Found opcode in column 1. (xorlw)
Warning[203] E:\DESKTOP\HOC\DA_VXL_VDK\ASSEMBLY\FULL_TEMP.X\NEWASMTEMPLATE.ASM 140 : Found opcode in column 1. (btfss)
Warning[203] E:\DESKTOP\HOC\DA_VXL_VDK\ASSEMBLY\FULL_TEMP.X\NEWASMTEMPLATE.ASM 141 : Found opcode in column 1. (call)
Warning[203] E:\DESKTOP\HOC\DA_VXL_VDK\ASSEMBLY\FULL_TEMP.X\NEWASMTEMPLATE.ASM 142 : Found opcode in column 1. (movf)
Warning[203] E:\DESKTOP\HOC\DA_VXL_VDK\ASSEMBLY\FULL_TEMP.X\NEWASMTEMPLATE.ASM 143 : Found opcode in column 1. (xorlw)
Warning[203] E:\DESKTOP\HOC\DA_VXL_VDK\ASSEMBLY\FULL_TEMP.X\NEWASMTEMPLATE.ASM 144 : Found opcode in column 1. (btfss)
Warning[203] E:\DESKTOP\HOC\DA_VXL_VDK\ASSEMBLY\FULL_TEMP.X\NEWASMTEMPLATE.ASM 145 : Found opcode in column 1. (call)
Warning[203] E:\DESKTOP\HOC\DA_VXL_VDK\ASSEMBLY\FULL_TEMP.X\NEWASMTEMPLATE.ASM 146 : Found opcode in column 1. (movff)
Warning[203] E:\DESKTOP\HOC\DA_VXL_VDK\ASSEMBLY\FULL_TEMP.X\NEWASMTEMPLATE.ASM 147 : Found opcode in column 1. (return)
Warning[203] E:\DESKTOP\HOC\DA_VXL_VDK\ASSEMBLY\FULL_TEMP.X\NEWASMTEMPLATE.ASM 151 : Found opcode in column 1. (movlw)
Warning[203] E:\DESKTOP\HOC\DA_VXL_VDK\ASSEMBLY\FULL_TEMP.X\NEWASMTEMPLATE.ASM 152 : Found opcode in column 1. (movwf)
Warning[203] E:\DESKTOP\HOC\DA_VXL_VDK\ASSEMBLY\FULL_TEMP.X\NEWASMTEMPLATE.ASM 153 : Found opcode in column 1. (movlw)
Warning[203] E:\DESKTOP\HOC\DA_VXL_VDK\ASSEMBLY\FULL_TEMP.X\NEWASMTEMPLATE.ASM 154 : Found opcode in column 1. (call)
Warning[203] E:\DESKTOP\HOC\DA_VXL_VDK\ASSEMBLY\FULL_TEMP.X\NEWASMTEMPLATE.ASM 155 : Found opcode in column 1. (movlw)
Warning[203] E:\DESKTOP\HOC\DA_VXL_VDK\ASSEMBLY\FULL_TEMP.X\NEWASMTEMPLATE.ASM 156 : Found opcode in column 1. (movwf)
Warning[203] E:\DESKTOP\HOC\DA_VXL_VDK\ASSEMBLY\FULL_TEMP.X\NEWASMTEMPLATE.ASM 157 : Found opcode in column 1. (movlw)
Warning[203] E:\DESKTOP\HOC\DA_VXL_VDK\ASSEMBLY\FULL_TEMP.X\NEWASMTEMPLATE.ASM 158 : Found opcode in column 1. (movwf)
Warning[203] E:\DESKTOP\HOC\DA_VXL_VDK\ASSEMBLY\FULL_TEMP.X\NEWASMTEMPLATE.ASM 159 : Found opcode in column 1. (movlw)
Warning[203] E:\DESKTOP\HOC\DA_VXL_VDK\ASSEMBLY\FULL_TEMP.X\NEWASMTEMPLATE.ASM 160 : Found opcode in column 1. (movwf)
Warning[203] E:\DESKTOP\HOC\DA_VXL_VDK\ASSEMBLY\FULL_TEMP.X\NEWASMTEMPLATE.ASM 161 : Found opcode in column 1. (movlw)
Warning[203] E:\DESKTOP\HOC\DA_VXL_VDK\ASSEMBLY\FULL_TEMP.X\NEWASMTEMPLATE.ASM 162 : Found opcode in column 1. (movwf)
Warning[203] E:\DESKTOP\HOC\DA_VXL_VDK\ASSEMBLY\FULL_TEMP.X\NEWASMTEMPLATE.ASM 163 : Found opcode in column 1. (movlw)
Warning[203] E:\DESKTOP\HOC\DA_VXL_VDK\ASSEMBLY\FULL_TEMP.X\NEWASMTEMPLATE.ASM 164 : Found opcode in column 1. (call)
Warning[203] E:\DESKTOP\HOC\DA_VXL_VDK\ASSEMBLY\FULL_TEMP.X\NEWASMTEMPLATE.ASM 165 : Found opcode in column 1. (movlw)
Warning[203] E:\DESKTOP\HOC\DA_VXL_VDK\ASSEMBLY\FULL_TEMP.X\NEWASMTEMPLATE.ASM 166 : Found opcode in column 1. (call)
Warning[203] E:\DESKTOP\HOC\DA_VXL_VDK\ASSEMBLY\FULL_TEMP.X\NEWASMTEMPLATE.ASM 167 : Found opcode in column 1. (movlw)
Warning[203] E:\DESKTOP\HOC\DA_VXL_VDK\ASSEMBLY\FULL_TEMP.X\NEWASMTEMPLATE.ASM 168 : Found opcode in column 1. (call)
Warning[203] E:\DESKTOP\HOC\DA_VXL_VDK\ASSEMBLY\FULL_TEMP.X\NEWASMTEMPLATE.ASM 169 : Found opcode in column 1. (movlw)
Warning[203] E:\DESKTOP\HOC\DA_VXL_VDK\ASSEMBLY\FULL_TEMP.X\NEWASMTEMPLATE.ASM 170 : Found opcode in column 1. (call)
Warning[203] E:\DESKTOP\HOC\DA_VXL_VDK\ASSEMBLY\FULL_TEMP.X\NEWASMTEMPLATE.ASM 171 : Found opcode in column 1. (movlw)
Warning[203] E:\DESKTOP\HOC\DA_VXL_VDK\ASSEMBLY\FULL_TEMP.X\NEWASMTEMPLATE.ASM 172 : Found opcode in column 1. (call)
Warning[203] E:\DESKTOP\HOC\DA_VXL_VDK\ASSEMBLY\FULL_TEMP.X\NEWASMTEMPLATE.ASM 173 : Found opcode in column 1. (movlw)
Warning[203] E:\DESKTOP\HOC\DA_VXL_VDK\ASSEMBLY\FULL_TEMP.X\NEWASMTEMPLATE.ASM 174 : Found opcode in column 1. (call)
Warning[203] E:\DESKTOP\HOC\DA_VXL_VDK\ASSEMBLY\FULL_TEMP.X\NEWASMTEMPLATE.ASM 175 : Found opcode in column 1. (movlw)
Warning[203] E:\DESKTOP\HOC\DA_VXL_VDK\ASSEMBLY\FULL_TEMP.X\NEWASMTEMPLATE.ASM 176 : Found opcode in column 1. (call)
Warning[203] E:\DESKTOP\HOC\DA_VXL_VDK\ASSEMBLY\FULL_TEMP.X\NEWASMTEMPLATE.ASM 177 : Found opcode in column 1. (movlw)
Warning[203] E:\DESKTOP\HOC\DA_VXL_VDK\ASSEMBLY\FULL_TEMP.X\NEWASMTEMPLATE.ASM 178 : Found opcode in column 1. (call)
Warning[203] E:\DESKTOP\HOC\DA_VXL_VDK\ASSEMBLY\FULL_TEMP.X\NEWASMTEMPLATE.ASM 179 : Found opcode in column 1. (movlw)
Warning[203] E:\DESKTOP\HOC\DA_VXL_VDK\ASSEMBLY\FULL_TEMP.X\NEWASMTEMPLATE.ASM 180 : Found opcode in column 1. (call)
Warning[203] E:\DESKTOP\HOC\DA_VXL_VDK\ASSEMBLY\FULL_TEMP.X\NEWASMTEMPLATE.ASM 181 : Found opcode in column 1. (movlw)
Warning[203] E:\DESKTOP\HOC\DA_VXL_VDK\ASSEMBLY\FULL_TEMP.X\NEWASMTEMPLATE.ASM 182 : Found opcode in column 1. (call)
Warning[203] E:\DESKTOP\HOC\DA_VXL_VDK\ASSEMBLY\FULL_TEMP.X\NEWASMTEMPLATE.ASM 183 : Found opcode in column 1. (movlw)
Warning[203] E:\DESKTOP\HOC\DA_VXL_VDK\ASSEMBLY\FULL_TEMP.X\NEWASMTEMPLATE.ASM 184 : Found opcode in column 1. (call)
Warning[203] E:\DESKTOP\HOC\DA_VXL_VDK\ASSEMBLY\FULL_TEMP.X\NEWASMTEMPLATE.ASM 185 : Found opcode in column 1. (return)
Warning[203] E:\DESKTOP\HOC\DA_VXL_VDK\ASSEMBLY\FULL_TEMP.X\NEWASMTEMPLATE.ASM 189 : Found opcode in column 1. (movlw)
Warning[203] E:\DESKTOP\HOC\DA_VXL_VDK\ASSEMBLY\FULL_TEMP.X\NEWASMTEMPLATE.ASM 190 : Found opcode in column 1. (movwf)
Warning[203] E:\DESKTOP\HOC\DA_VXL_VDK\ASSEMBLY\FULL_TEMP.X\NEWASMTEMPLATE.ASM 191 : Found opcode in column 1. (movlw)
Warning[203] E:\DESKTOP\HOC\DA_VXL_VDK\ASSEMBLY\FULL_TEMP.X\NEWASMTEMPLATE.ASM 192 : Found opcode in column 1. (call)
Warning[203] E:\DESKTOP\HOC\DA_VXL_VDK\ASSEMBLY\FULL_TEMP.X\NEWASMTEMPLATE.ASM 193 : Found opcode in column 1. (movlw)
Warning[203] E:\DESKTOP\HOC\DA_VXL_VDK\ASSEMBLY\FULL_TEMP.X\NEWASMTEMPLATE.ASM 194 : Found opcode in column 1. (movwf)
Warning[203] E:\DESKTOP\HOC\DA_VXL_VDK\ASSEMBLY\FULL_TEMP.X\NEWASMTEMPLATE.ASM 195 : Found opcode in column 1. (movlw)
Warning[203] E:\DESKTOP\HOC\DA_VXL_VDK\ASSEMBLY\FULL_TEMP.X\NEWASMTEMPLATE.ASM 196 : Found opcode in column 1. (movwf)
Warning[203] E:\DESKTOP\HOC\DA_VXL_VDK\ASSEMBLY\FULL_TEMP.X\NEWASMTEMPLATE.ASM 197 : Found opcode in column 1. (movlw)
Warning[203] E:\DESKTOP\HOC\DA_VXL_VDK\ASSEMBLY\FULL_TEMP.X\NEWASMTEMPLATE.ASM 198 : Found opcode in column 1. (movwf)
Warning[203] E:\DESKTOP\HOC\DA_VXL_VDK\ASSEMBLY\FULL_TEMP.X\NEWASMTEMPLATE.ASM 199 : Found opcode in column 1. (movlw)
Warning[203] E:\DESKTOP\HOC\DA_VXL_VDK\ASSEMBLY\FULL_TEMP.X\NEWASMTEMPLATE.ASM 200 : Found opcode in column 1. (movwf)
Warning[203] E:\DESKTOP\HOC\DA_VXL_VDK\ASSEMBLY\FULL_TEMP.X\NEWASMTEMPLATE.ASM 201 : Found opcode in column 1. (movlw)
Warning[203] E:\DESKTOP\HOC\DA_VXL_VDK\ASSEMBLY\FULL_TEMP.X\NEWASMTEMPLATE.ASM 202 : Found opcode in column 1. (call)
Warning[203] E:\DESKTOP\HOC\DA_VXL_VDK\ASSEMBLY\FULL_TEMP.X\NEWASMTEMPLATE.ASM 203 : Found opcode in column 1. (movlw)
Warning[203] E:\DESKTOP\HOC\DA_VXL_VDK\ASSEMBLY\FULL_TEMP.X\NEWASMTEMPLATE.ASM 204 : Found opcode in column 1. (call)
Warning[203] E:\DESKTOP\HOC\DA_VXL_VDK\ASSEMBLY\FULL_TEMP.X\NEWASMTEMPLATE.ASM 205 : Found opcode in column 1. (movlw)
Warning[203] E:\DESKTOP\HOC\DA_VXL_VDK\ASSEMBLY\FULL_TEMP.X\NEWASMTEMPLATE.ASM 206 : Found opcode in column 1. (call)
Warning[203] E:\DESKTOP\HOC\DA_VXL_VDK\ASSEMBLY\FULL_TEMP.X\NEWASMTEMPLATE.ASM 207 : Found opcode in column 1. (movlw)
Warning[203] E:\DESKTOP\HOC\DA_VXL_VDK\ASSEMBLY\FULL_TEMP.X\NEWASMTEMPLATE.ASM 208 : Found opcode in column 1. (call)
Warning[203] E:\DESKTOP\HOC\DA_VXL_VDK\ASSEMBLY\FULL_TEMP.X\NEWASMTEMPLATE.ASM 209 : Found opcode in column 1. (movlw)
Warning[203] E:\DESKTOP\HOC\DA_VXL_VDK\ASSEMBLY\FULL_TEMP.X\NEWASMTEMPLATE.ASM 210 : Found opcode in column 1. (call)
Warning[203] E:\DESKTOP\HOC\DA_VXL_VDK\ASSEMBLY\FULL_TEMP.X\NEWASMTEMPLATE.ASM 211 : Found opcode in column 1. (movlw)
Warning[203] E:\DESKTOP\HOC\DA_VXL_VDK\ASSEMBLY\FULL_TEMP.X\NEWASMTEMPLATE.ASM 212 : Found opcode in column 1. (call)
Warning[203] E:\DESKTOP\HOC\DA_VXL_VDK\ASSEMBLY\FULL_TEMP.X\NEWASMTEMPLATE.ASM 213 : Found opcode in column 1. (movlw)
Warning[203] E:\DESKTOP\HOC\DA_VXL_VDK\ASSEMBLY\FULL_TEMP.X\NEWASMTEMPLATE.ASM 214 : Found opcode in column 1. (call)
Warning[203] E:\DESKTOP\HOC\DA_VXL_VDK\ASSEMBLY\FULL_TEMP.X\NEWASMTEMPLATE.ASM 215 : Found opcode in column 1. (movlw)
Warning[203] E:\DESKTOP\HOC\DA_VXL_VDK\ASSEMBLY\FULL_TEMP.X\NEWASMTEMPLATE.ASM 216 : Found opcode in column 1. (call)
Warning[203] E:\DESKTOP\HOC\DA_VXL_VDK\ASSEMBLY\FULL_TEMP.X\NEWASMTEMPLATE.ASM 217 : Found opcode in column 1. (movlw)
Warning[203] E:\DESKTOP\HOC\DA_VXL_VDK\ASSEMBLY\FULL_TEMP.X\NEWASMTEMPLATE.ASM 218 : Found opcode in column 1. (call)
Warning[203] E:\DESKTOP\HOC\DA_VXL_VDK\ASSEMBLY\FULL_TEMP.X\NEWASMTEMPLATE.ASM 219 : Found opcode in column 1. (movlw)
Warning[203] E:\DESKTOP\HOC\DA_VXL_VDK\ASSEMBLY\FULL_TEMP.X\NEWASMTEMPLATE.ASM 220 : Found opcode in column 1. (call)
Warning[203] E:\DESKTOP\HOC\DA_VXL_VDK\ASSEMBLY\FULL_TEMP.X\NEWASMTEMPLATE.ASM 221 : Found opcode in column 1. (movlw)
Warning[203] E:\DESKTOP\HOC\DA_VXL_VDK\ASSEMBLY\FULL_TEMP.X\NEWASMTEMPLATE.ASM 222 : Found opcode in column 1. (call)
Warning[203] E:\DESKTOP\HOC\DA_VXL_VDK\ASSEMBLY\FULL_TEMP.X\NEWASMTEMPLATE.ASM 223 : Found opcode in column 1. (movlw)
Warning[203] E:\DESKTOP\HOC\DA_VXL_VDK\ASSEMBLY\FULL_TEMP.X\NEWASMTEMPLATE.ASM 224 : Found opcode in column 1. (call)
Warning[203] E:\DESKTOP\HOC\DA_VXL_VDK\ASSEMBLY\FULL_TEMP.X\NEWASMTEMPLATE.ASM 225 : Found opcode in column 1. (return)
Warning[203] E:\DESKTOP\HOC\DA_VXL_VDK\ASSEMBLY\FULL_TEMP.X\NEWASMTEMPLATE.ASM 229 : Found opcode in column 1. (movlw)
Warning[203] E:\DESKTOP\HOC\DA_VXL_VDK\ASSEMBLY\FULL_TEMP.X\NEWASMTEMPLATE.ASM 230 : Found opcode in column 1. (movwf)
Warning[203] E:\DESKTOP\HOC\DA_VXL_VDK\ASSEMBLY\FULL_TEMP.X\NEWASMTEMPLATE.ASM 231 : Found opcode in column 1. (movlw)
Warning[203] E:\DESKTOP\HOC\DA_VXL_VDK\ASSEMBLY\FULL_TEMP.X\NEWASMTEMPLATE.ASM 232 : Found opcode in column 1. (call)
Warning[203] E:\DESKTOP\HOC\DA_VXL_VDK\ASSEMBLY\FULL_TEMP.X\NEWASMTEMPLATE.ASM 233 : Found opcode in column 1. (movlw)
Warning[203] E:\DESKTOP\HOC\DA_VXL_VDK\ASSEMBLY\FULL_TEMP.X\NEWASMTEMPLATE.ASM 234 : Found opcode in column 1. (movwf)
Warning[203] E:\DESKTOP\HOC\DA_VXL_VDK\ASSEMBLY\FULL_TEMP.X\NEWASMTEMPLATE.ASM 235 : Found opcode in column 1. (movlw)
Warning[203] E:\DESKTOP\HOC\DA_VXL_VDK\ASSEMBLY\FULL_TEMP.X\NEWASMTEMPLATE.ASM 236 : Found opcode in column 1. (movwf)
Warning[203] E:\DESKTOP\HOC\DA_VXL_VDK\ASSEMBLY\FULL_TEMP.X\NEWASMTEMPLATE.ASM 237 : Found opcode in column 1. (movlw)
Warning[203] E:\DESKTOP\HOC\DA_VXL_VDK\ASSEMBLY\FULL_TEMP.X\NEWASMTEMPLATE.ASM 238 : Found opcode in column 1. (movwf)
Warning[203] E:\DESKTOP\HOC\DA_VXL_VDK\ASSEMBLY\FULL_TEMP.X\NEWASMTEMPLATE.ASM 239 : Found opcode in column 1. (movlw)
Warning[203] E:\DESKTOP\HOC\DA_VXL_VDK\ASSEMBLY\FULL_TEMP.X\NEWASMTEMPLATE.ASM 240 : Found opcode in column 1. (movwf)
Warning[203] E:\DESKTOP\HOC\DA_VXL_VDK\ASSEMBLY\FULL_TEMP.X\NEWASMTEMPLATE.ASM 241 : Found opcode in column 1. (movlw)
Warning[203] E:\DESKTOP\HOC\DA_VXL_VDK\ASSEMBLY\FULL_TEMP.X\NEWASMTEMPLATE.ASM 242 : Found opcode in column 1. (call)
Warning[203] E:\DESKTOP\HOC\DA_VXL_VDK\ASSEMBLY\FULL_TEMP.X\NEWASMTEMPLATE.ASM 243 : Found opcode in column 1. (movlw)
Warning[203] E:\DESKTOP\HOC\DA_VXL_VDK\ASSEMBLY\FULL_TEMP.X\NEWASMTEMPLATE.ASM 244 : Found opcode in column 1. (call)
Warning[203] E:\DESKTOP\HOC\DA_VXL_VDK\ASSEMBLY\FULL_TEMP.X\NEWASMTEMPLATE.ASM 245 : Found opcode in column 1. (movlw)
Warning[203] E:\DESKTOP\HOC\DA_VXL_VDK\ASSEMBLY\FULL_TEMP.X\NEWASMTEMPLATE.ASM 246 : Found opcode in column 1. (call)
Warning[203] E:\DESKTOP\HOC\DA_VXL_VDK\ASSEMBLY\FULL_TEMP.X\NEWASMTEMPLATE.ASM 247 : Found opcode in column 1. (movlw)
Warning[203] E:\DESKTOP\HOC\DA_VXL_VDK\ASSEMBLY\FULL_TEMP.X\NEWASMTEMPLATE.ASM 248 : Found opcode in column 1. (call)
Warning[203] E:\DESKTOP\HOC\DA_VXL_VDK\ASSEMBLY\FULL_TEMP.X\NEWASMTEMPLATE.ASM 249 : Found opcode in column 1. (movlw)
Warning[203] E:\DESKTOP\HOC\DA_VXL_VDK\ASSEMBLY\FULL_TEMP.X\NEWASMTEMPLATE.ASM 250 : Found opcode in column 1. (call)
Warning[203] E:\DESKTOP\HOC\DA_VXL_VDK\ASSEMBLY\FULL_TEMP.X\NEWASMTEMPLATE.ASM 251 : Found opcode in column 1. (movlw)
Warning[203] E:\DESKTOP\HOC\DA_VXL_VDK\ASSEMBLY\FULL_TEMP.X\NEWASMTEMPLATE.ASM 252 : Found opcode in column 1. (call)
Warning[203] E:\DESKTOP\HOC\DA_VXL_VDK\ASSEMBLY\FULL_TEMP.X\NEWASMTEMPLATE.ASM 253 : Found opcode in column 1. (movlw)
Warning[203] E:\DESKTOP\HOC\DA_VXL_VDK\ASSEMBLY\FULL_TEMP.X\NEWASMTEMPLATE.ASM 254 : Found opcode in column 1. (call)
Warning[203] E:\DESKTOP\HOC\DA_VXL_VDK\ASSEMBLY\FULL_TEMP.X\NEWASMTEMPLATE.ASM 255 : Found opcode in column 1. (movlw)
Warning[203] E:\DESKTOP\HOC\DA_VXL_VDK\ASSEMBLY\FULL_TEMP.X\NEWASMTEMPLATE.ASM 256 : Found opcode in column 1. (call)
Warning[203] E:\DESKTOP\HOC\DA_VXL_VDK\ASSEMBLY\FULL_TEMP.X\NEWASMTEMPLATE.ASM 257 : Found opcode in column 1. (movlw)
Warning[203] E:\DESKTOP\HOC\DA_VXL_VDK\ASSEMBLY\FULL_TEMP.X\NEWASMTEMPLATE.ASM 258 : Found opcode in column 1. (call)
Warning[203] E:\DESKTOP\HOC\DA_VXL_VDK\ASSEMBLY\FULL_TEMP.X\NEWASMTEMPLATE.ASM 259 : Found opcode in column 1. (movlw)
Warning[203] E:\DESKTOP\HOC\DA_VXL_VDK\ASSEMBLY\FULL_TEMP.X\NEWASMTEMPLATE.ASM 260 : Found opcode in column 1. (call)
Warning[203] E:\DESKTOP\HOC\DA_VXL_VDK\ASSEMBLY\FULL_TEMP.X\NEWASMTEMPLATE.ASM 261 : Found opcode in column 1. (movlw)
Warning[203] E:\DESKTOP\HOC\DA_VXL_VDK\ASSEMBLY\FULL_TEMP.X\NEWASMTEMPLATE.ASM 262 : Found opcode in column 1. (call)
Warning[203] E:\DESKTOP\HOC\DA_VXL_VDK\ASSEMBLY\FULL_TEMP.X\NEWASMTEMPLATE.ASM 263 : Found opcode in column 1. (movlw)
Warning[203] E:\DESKTOP\HOC\DA_VXL_VDK\ASSEMBLY\FULL_TEMP.X\NEWASMTEMPLATE.ASM 264 : Found opcode in column 1. (call)
Warning[203] E:\DESKTOP\HOC\DA_VXL_VDK\ASSEMBLY\FULL_TEMP.X\NEWASMTEMPLATE.ASM 265 : Found opcode in column 1. (return)
Warning[203] E:\DESKTOP\HOC\DA_VXL_VDK\ASSEMBLY\FULL_TEMP.X\NEWASMTEMPLATE.ASM 268 : Found opcode in column 1. (movlw)
Warning[203] E:\DESKTOP\HOC\DA_VXL_VDK\ASSEMBLY\FULL_TEMP.X\NEWASMTEMPLATE.ASM 269 : Found opcode in column 1. (movwf)
Warning[203] E:\DESKTOP\HOC\DA_VXL_VDK\ASSEMBLY\FULL_TEMP.X\NEWASMTEMPLATE.ASM 270 : Found opcode in column 1. (movlw)
Warning[203] E:\DESKTOP\HOC\DA_VXL_VDK\ASSEMBLY\FULL_TEMP.X\NEWASMTEMPLATE.ASM 271 : Found opcode in column 1. (call)
Warning[203] E:\DESKTOP\HOC\DA_VXL_VDK\ASSEMBLY\FULL_TEMP.X\NEWASMTEMPLATE.ASM 272 : Found opcode in column 1. (movlw)
Warning[203] E:\DESKTOP\HOC\DA_VXL_VDK\ASSEMBLY\FULL_TEMP.X\NEWASMTEMPLATE.ASM 273 : Found opcode in column 1. (movwf)
Warning[203] E:\DESKTOP\HOC\DA_VXL_VDK\ASSEMBLY\FULL_TEMP.X\NEWASMTEMPLATE.ASM 274 : Found opcode in column 1. (movlw)
Warning[203] E:\DESKTOP\HOC\DA_VXL_VDK\ASSEMBLY\FULL_TEMP.X\NEWASMTEMPLATE.ASM 275 : Found opcode in column 1. (movwf)
Warning[203] E:\DESKTOP\HOC\DA_VXL_VDK\ASSEMBLY\FULL_TEMP.X\NEWASMTEMPLATE.ASM 276 : Found opcode in column 1. (movlw)
Warning[203] E:\DESKTOP\HOC\DA_VXL_VDK\ASSEMBLY\FULL_TEMP.X\NEWASMTEMPLATE.ASM 277 : Found opcode in column 1. (movwf)
Warning[203] E:\DESKTOP\HOC\DA_VXL_VDK\ASSEMBLY\FULL_TEMP.X\NEWASMTEMPLATE.ASM 278 : Found opcode in column 1. (movlw)
Warning[203] E:\DESKTOP\HOC\DA_VXL_VDK\ASSEMBLY\FULL_TEMP.X\NEWASMTEMPLATE.ASM 279 : Found opcode in column 1. (movwf)
Warning[203] E:\DESKTOP\HOC\DA_VXL_VDK\ASSEMBLY\FULL_TEMP.X\NEWASMTEMPLATE.ASM 280 : Found opcode in column 1. (movlw)
Warning[203] E:\DESKTOP\HOC\DA_VXL_VDK\ASSEMBLY\FULL_TEMP.X\NEWASMTEMPLATE.ASM 281 : Found opcode in column 1. (call)
Warning[203] E:\DESKTOP\HOC\DA_VXL_VDK\ASSEMBLY\FULL_TEMP.X\NEWASMTEMPLATE.ASM 282 : Found opcode in column 1. (movlw)
Warning[203] E:\DESKTOP\HOC\DA_VXL_VDK\ASSEMBLY\FULL_TEMP.X\NEWASMTEMPLATE.ASM 283 : Found opcode in column 1. (call)
Warning[203] E:\DESKTOP\HOC\DA_VXL_VDK\ASSEMBLY\FULL_TEMP.X\NEWASMTEMPLATE.ASM 284 : Found opcode in column 1. (movlw)
Warning[203] E:\DESKTOP\HOC\DA_VXL_VDK\ASSEMBLY\FULL_TEMP.X\NEWASMTEMPLATE.ASM 285 : Found opcode in column 1. (call)
Warning[203] E:\DESKTOP\HOC\DA_VXL_VDK\ASSEMBLY\FULL_TEMP.X\NEWASMTEMPLATE.ASM 286 : Found opcode in column 1. (movlw)
Warning[203] E:\DESKTOP\HOC\DA_VXL_VDK\ASSEMBLY\FULL_TEMP.X\NEWASMTEMPLATE.ASM 287 : Found opcode in column 1. (call)
Warning[203] E:\DESKTOP\HOC\DA_VXL_VDK\ASSEMBLY\FULL_TEMP.X\NEWASMTEMPLATE.ASM 288 : Found opcode in column 1. (movlw)
Warning[203] E:\DESKTOP\HOC\DA_VXL_VDK\ASSEMBLY\FULL_TEMP.X\NEWASMTEMPLATE.ASM 289 : Found opcode in column 1. (call)
Warning[203] E:\DESKTOP\HOC\DA_VXL_VDK\ASSEMBLY\FULL_TEMP.X\NEWASMTEMPLATE.ASM 290 : Found opcode in column 1. (movlw)
Warning[203] E:\DESKTOP\HOC\DA_VXL_VDK\ASSEMBLY\FULL_TEMP.X\NEWASMTEMPLATE.ASM 291 : Found opcode in column 1. (call)
Warning[203] E:\DESKTOP\HOC\DA_VXL_VDK\ASSEMBLY\FULL_TEMP.X\NEWASMTEMPLATE.ASM 292 : Found opcode in column 1. (movlw)
Warning[203] E:\DESKTOP\HOC\DA_VXL_VDK\ASSEMBLY\FULL_TEMP.X\NEWASMTEMPLATE.ASM 293 : Found opcode in column 1. (call)
Warning[203] E:\DESKTOP\HOC\DA_VXL_VDK\ASSEMBLY\FULL_TEMP.X\NEWASMTEMPLATE.ASM 294 : Found opcode in column 1. (movlw)
Warning[203] E:\DESKTOP\HOC\DA_VXL_VDK\ASSEMBLY\FULL_TEMP.X\NEWASMTEMPLATE.ASM 295 : Found opcode in column 1. (call)
Warning[203] E:\DESKTOP\HOC\DA_VXL_VDK\ASSEMBLY\FULL_TEMP.X\NEWASMTEMPLATE.ASM 296 : Found opcode in column 1. (movlw)
Warning[203] E:\DESKTOP\HOC\DA_VXL_VDK\ASSEMBLY\FULL_TEMP.X\NEWASMTEMPLATE.ASM 297 : Found opcode in column 1. (call)
Warning[203] E:\DESKTOP\HOC\DA_VXL_VDK\ASSEMBLY\FULL_TEMP.X\NEWASMTEMPLATE.ASM 298 : Found opcode in column 1. (movlw)
Warning[203] E:\DESKTOP\HOC\DA_VXL_VDK\ASSEMBLY\FULL_TEMP.X\NEWASMTEMPLATE.ASM 299 : Found opcode in column 1. (call)
Warning[203] E:\DESKTOP\HOC\DA_VXL_VDK\ASSEMBLY\FULL_TEMP.X\NEWASMTEMPLATE.ASM 300 : Found opcode in column 1. (movlw)
Warning[203] E:\DESKTOP\HOC\DA_VXL_VDK\ASSEMBLY\FULL_TEMP.X\NEWASMTEMPLATE.ASM 301 : Found opcode in column 1. (call)
Warning[203] E:\DESKTOP\HOC\DA_VXL_VDK\ASSEMBLY\FULL_TEMP.X\NEWASMTEMPLATE.ASM 302 : Found opcode in column 1. (movlw)
Warning[203] E:\DESKTOP\HOC\DA_VXL_VDK\ASSEMBLY\FULL_TEMP.X\NEWASMTEMPLATE.ASM 303 : Found opcode in column 1. (call)
Warning[203] E:\DESKTOP\HOC\DA_VXL_VDK\ASSEMBLY\FULL_TEMP.X\NEWASMTEMPLATE.ASM 304 : Found opcode in column 1. (return)
Warning[203] E:\DESKTOP\HOC\DA_VXL_VDK\ASSEMBLY\FULL_TEMP.X\NEWASMTEMPLATE.ASM 309 : Found opcode in column 1. (bcf)
Warning[203] E:\DESKTOP\HOC\DA_VXL_VDK\ASSEMBLY\FULL_TEMP.X\NEWASMTEMPLATE.ASM 310 : Found opcode in column 1. (bsf)
Warning[203] E:\DESKTOP\HOC\DA_VXL_VDK\ASSEMBLY\FULL_TEMP.X\NEWASMTEMPLATE.ASM 311 : Found opcode in column 1. (movwf)
Warning[203] E:\DESKTOP\HOC\DA_VXL_VDK\ASSEMBLY\FULL_TEMP.X\NEWASMTEMPLATE.ASM 312 : Found opcode in column 1. (call)
Warning[203] E:\DESKTOP\HOC\DA_VXL_VDK\ASSEMBLY\FULL_TEMP.X\NEWASMTEMPLATE.ASM 313 : Found opcode in column 1. (return)
Warning[203] E:\DESKTOP\HOC\DA_VXL_VDK\ASSEMBLY\FULL_TEMP.X\NEWASMTEMPLATE.ASM 317 : Found opcode in column 1. (bcf)
Warning[203] E:\DESKTOP\HOC\DA_VXL_VDK\ASSEMBLY\FULL_TEMP.X\NEWASMTEMPLATE.ASM 318 : Found opcode in column 1. (bcf)
Warning[203] E:\DESKTOP\HOC\DA_VXL_VDK\ASSEMBLY\FULL_TEMP.X\NEWASMTEMPLATE.ASM 319 : Found opcode in column 1. (movwf)
Warning[203] E:\DESKTOP\HOC\DA_VXL_VDK\ASSEMBLY\FULL_TEMP.X\NEWASMTEMPLATE.ASM 320 : Found opcode in column 1. (movwf)
Warning[203] E:\DESKTOP\HOC\DA_VXL_VDK\ASSEMBLY\FULL_TEMP.X\NEWASMTEMPLATE.ASM 321 : Found opcode in column 1. (call)
Warning[203] E:\DESKTOP\HOC\DA_VXL_VDK\ASSEMBLY\FULL_TEMP.X\NEWASMTEMPLATE.ASM 322 : Found opcode in column 1. (return)
Warning[203] E:\DESKTOP\HOC\DA_VXL_VDK\ASSEMBLY\FULL_TEMP.X\NEWASMTEMPLATE.ASM 326 : Found opcode in column 1. (bsf)
Warning[203] E:\DESKTOP\HOC\DA_VXL_VDK\ASSEMBLY\FULL_TEMP.X\NEWASMTEMPLATE.ASM 327 : Found opcode in column 1. (call)
Warning[203] E:\DESKTOP\HOC\DA_VXL_VDK\ASSEMBLY\FULL_TEMP.X\NEWASMTEMPLATE.ASM 328 : Found opcode in column 1. (call)
Warning[203] E:\DESKTOP\HOC\DA_VXL_VDK\ASSEMBLY\FULL_TEMP.X\NEWASMTEMPLATE.ASM 329 : Found opcode in column 1. (bcf)
Warning[203] E:\DESKTOP\HOC\DA_VXL_VDK\ASSEMBLY\FULL_TEMP.X\NEWASMTEMPLATE.ASM 330 : Found opcode in column 1. (call)
Warning[203] E:\DESKTOP\HOC\DA_VXL_VDK\ASSEMBLY\FULL_TEMP.X\NEWASMTEMPLATE.ASM 331 : Found opcode in column 1. (call)
Warning[203] E:\DESKTOP\HOC\DA_VXL_VDK\ASSEMBLY\FULL_TEMP.X\NEWASMTEMPLATE.ASM 332 : Found opcode in column 1. (call)
Warning[203] E:\DESKTOP\HOC\DA_VXL_VDK\ASSEMBLY\FULL_TEMP.X\NEWASMTEMPLATE.ASM 333 : Found opcode in column 1. (call)
Warning[203] E:\DESKTOP\HOC\DA_VXL_VDK\ASSEMBLY\FULL_TEMP.X\NEWASMTEMPLATE.ASM 334 : Found opcode in column 1. (call)
Warning[203] E:\DESKTOP\HOC\DA_VXL_VDK\ASSEMBLY\FULL_TEMP.X\NEWASMTEMPLATE.ASM 335 : Found opcode in column 1. (call)
Warning[203] E:\DESKTOP\HOC\DA_VXL_VDK\ASSEMBLY\FULL_TEMP.X\NEWASMTEMPLATE.ASM 336 : Found opcode in column 1. (return)
Warning[203] E:\DESKTOP\HOC\DA_VXL_VDK\ASSEMBLY\FULL_TEMP.X\NEWASMTEMPLATE.ASM 340 : Found opcode in column 1. (movlw)
Warning[203] E:\DESKTOP\HOC\DA_VXL_VDK\ASSEMBLY\FULL_TEMP.X\NEWASMTEMPLATE.ASM 341 : Found opcode in column 1. (movwf)
Warning[203] E:\DESKTOP\HOC\DA_VXL_VDK\ASSEMBLY\FULL_TEMP.X\NEWASMTEMPLATE.ASM 343 : Found opcode in column 1. (nop)
Warning[203] E:\DESKTOP\HOC\DA_VXL_VDK\ASSEMBLY\FULL_TEMP.X\NEWASMTEMPLATE.ASM 344 : Found opcode in column 1. (decfsz)
Warning[203] E:\DESKTOP\HOC\DA_VXL_VDK\ASSEMBLY\FULL_TEMP.X\NEWASMTEMPLATE.ASM 345 : Found opcode in column 1. (goto)
Warning[203] E:\DESKTOP\HOC\DA_VXL_VDK\ASSEMBLY\FULL_TEMP.X\NEWASMTEMPLATE.ASM 346 : Found opcode in column 1. (RETURN)
Warning[203] E:\DESKTOP\HOC\DA_VXL_VDK\ASSEMBLY\FULL_TEMP.X\NEWASMTEMPLATE.ASM 350 : Found opcode in column 1. (movlw)
Warning[203] E:\DESKTOP\HOC\DA_VXL_VDK\ASSEMBLY\FULL_TEMP.X\NEWASMTEMPLATE.ASM 351 : Found opcode in column 1. (movwf)
Warning[203] E:\DESKTOP\HOC\DA_VXL_VDK\ASSEMBLY\FULL_TEMP.X\NEWASMTEMPLATE.ASM 353 : Found opcode in column 1. (call)
Warning[203] E:\DESKTOP\HOC\DA_VXL_VDK\ASSEMBLY\FULL_TEMP.X\NEWASMTEMPLATE.ASM 354 : Found opcode in column 1. (decfsz)
Warning[203] E:\DESKTOP\HOC\DA_VXL_VDK\ASSEMBLY\FULL_TEMP.X\NEWASMTEMPLATE.ASM 355 : Found opcode in column 1. (goto)
Warning[203] E:\DESKTOP\HOC\DA_VXL_VDK\ASSEMBLY\FULL_TEMP.X\NEWASMTEMPLATE.ASM 356 : Found opcode in column 1. (RETURN)
Warning[205] E:\DESKTOP\HOC\DA_VXL_VDK\ASSEMBLY\FULL_TEMP.X\NEWASMTEMPLATE.ASM 358 : Found directive in column 1. (end)
