Warning[205] E:\DESKTOP\HOC\DA_VXL_VDK\ASSEMBLY\DA_VXL_ASM_GIT\NEWASMTEMPLATE.ASM 1 : Found directive in column 1. (PROCESSOR)
Warning[205] E:\DESKTOP\HOC\DA_VXL_VDK\ASSEMBLY\DA_VXL_ASM_GIT\NEWASMTEMPLATE.ASM 62 : Found directive in column 1. (cblock)
Warning[205] E:\DESKTOP\HOC\DA_VXL_VDK\ASSEMBLY\DA_VXL_ASM_GIT\NEWASMTEMPLATE.ASM 84 : Found directive in column 1. (ENDC)
Warning[205] E:\DESKTOP\HOC\DA_VXL_VDK\ASSEMBLY\DA_VXL_ASM_GIT\NEWASMTEMPLATE.ASM 90 : Found directive in column 1. (org)
Warning[203] E:\DESKTOP\HOC\DA_VXL_VDK\ASSEMBLY\DA_VXL_ASM_GIT\NEWASMTEMPLATE.ASM 91 : Found opcode in column 1. (goto)
Warning[205] E:\DESKTOP\HOC\DA_VXL_VDK\ASSEMBLY\DA_VXL_ASM_GIT\NEWASMTEMPLATE.ASM 94 : Found directive in column 1. (org)
Warning[203] E:\DESKTOP\HOC\DA_VXL_VDK\ASSEMBLY\DA_VXL_ASM_GIT\NEWASMTEMPLATE.ASM 95 : Found opcode in column 1. (MOVWF)
Warning[203] E:\DESKTOP\HOC\DA_VXL_VDK\ASSEMBLY\DA_VXL_ASM_GIT\NEWASMTEMPLATE.ASM 96 : Found opcode in column 1. (MOVFF)
Warning[203] E:\DESKTOP\HOC\DA_VXL_VDK\ASSEMBLY\DA_VXL_ASM_GIT\NEWASMTEMPLATE.ASM 97 : Found opcode in column 1. (MOVFF)
Warning[203] E:\DESKTOP\HOC\DA_VXL_VDK\ASSEMBLY\DA_VXL_ASM_GIT\NEWASMTEMPLATE.ASM 99 : Found opcode in column 1. (btfss)
Warning[203] E:\DESKTOP\HOC\DA_VXL_VDK\ASSEMBLY\DA_VXL_ASM_GIT\NEWASMTEMPLATE.ASM 100 : Found opcode in column 1. (call)
Warning[203] E:\DESKTOP\HOC\DA_VXL_VDK\ASSEMBLY\DA_VXL_ASM_GIT\NEWASMTEMPLATE.ASM 101 : Found opcode in column 1. (btfss)
Warning[203] E:\DESKTOP\HOC\DA_VXL_VDK\ASSEMBLY\DA_VXL_ASM_GIT\NEWASMTEMPLATE.ASM 102 : Found opcode in column 1. (call)
Warning[203] E:\DESKTOP\HOC\DA_VXL_VDK\ASSEMBLY\DA_VXL_ASM_GIT\NEWASMTEMPLATE.ASM 103 : Found opcode in column 1. (btfss)
Warning[203] E:\DESKTOP\HOC\DA_VXL_VDK\ASSEMBLY\DA_VXL_ASM_GIT\NEWASMTEMPLATE.ASM 104 : Found opcode in column 1. (call)
Warning[203] E:\DESKTOP\HOC\DA_VXL_VDK\ASSEMBLY\DA_VXL_ASM_GIT\NEWASMTEMPLATE.ASM 106 : Found opcode in column 1. (MOVFF)
Warning[203] E:\DESKTOP\HOC\DA_VXL_VDK\ASSEMBLY\DA_VXL_ASM_GIT\NEWASMTEMPLATE.ASM 107 : Found opcode in column 1. (MOVF)
Warning[203] E:\DESKTOP\HOC\DA_VXL_VDK\ASSEMBLY\DA_VXL_ASM_GIT\NEWASMTEMPLATE.ASM 108 : Found opcode in column 1. (MOVFF)
Warning[203] E:\DESKTOP\HOC\DA_VXL_VDK\ASSEMBLY\DA_VXL_ASM_GIT\NEWASMTEMPLATE.ASM 109 : Found opcode in column 1. (call)
Warning[203] E:\DESKTOP\HOC\DA_VXL_VDK\ASSEMBLY\DA_VXL_ASM_GIT\NEWASMTEMPLATE.ASM 110 : Found opcode in column 1. (bcf)
Warning[203] E:\DESKTOP\HOC\DA_VXL_VDK\ASSEMBLY\DA_VXL_ASM_GIT\NEWASMTEMPLATE.ASM 111 : Found opcode in column 1. (RETFIE)
Warning[205] E:\DESKTOP\HOC\DA_VXL_VDK\ASSEMBLY\DA_VXL_ASM_GIT\NEWASMTEMPLATE.ASM 116 : Found directive in column 1. (org)
Warning[203] E:\DESKTOP\HOC\DA_VXL_VDK\ASSEMBLY\DA_VXL_ASM_GIT\NEWASMTEMPLATE.ASM 118 : Found opcode in column 1. (clrf)
Warning[203] E:\DESKTOP\HOC\DA_VXL_VDK\ASSEMBLY\DA_VXL_ASM_GIT\NEWASMTEMPLATE.ASM 119 : Found opcode in column 1. (bsf)
Warning[203] E:\DESKTOP\HOC\DA_VXL_VDK\ASSEMBLY\DA_VXL_ASM_GIT\NEWASMTEMPLATE.ASM 120 : Found opcode in column 1. (clrf)
Warning[203] E:\DESKTOP\HOC\DA_VXL_VDK\ASSEMBLY\DA_VXL_ASM_GIT\NEWASMTEMPLATE.ASM 121 : Found opcode in column 1. (movlw)
Warning[203] E:\DESKTOP\HOC\DA_VXL_VDK\ASSEMBLY\DA_VXL_ASM_GIT\NEWASMTEMPLATE.ASM 122 : Found opcode in column 1. (movwf)
Warning[203] E:\DESKTOP\HOC\DA_VXL_VDK\ASSEMBLY\DA_VXL_ASM_GIT\NEWASMTEMPLATE.ASM 123 : Found opcode in column 1. (movlw)
Warning[203] E:\DESKTOP\HOC\DA_VXL_VDK\ASSEMBLY\DA_VXL_ASM_GIT\NEWASMTEMPLATE.ASM 124 : Found opcode in column 1. (movwf)
Warning[203] E:\DESKTOP\HOC\DA_VXL_VDK\ASSEMBLY\DA_VXL_ASM_GIT\NEWASMTEMPLATE.ASM 126 : Found opcode in column 1. (movlw)
Warning[203] E:\DESKTOP\HOC\DA_VXL_VDK\ASSEMBLY\DA_VXL_ASM_GIT\NEWASMTEMPLATE.ASM 127 : Found opcode in column 1. (movwf)
Warning[203] E:\DESKTOP\HOC\DA_VXL_VDK\ASSEMBLY\DA_VXL_ASM_GIT\NEWASMTEMPLATE.ASM 128 : Found opcode in column 1. (bsf)
Warning[203] E:\DESKTOP\HOC\DA_VXL_VDK\ASSEMBLY\DA_VXL_ASM_GIT\NEWASMTEMPLATE.ASM 130 : Found opcode in column 1. (bsf)
Warning[203] E:\DESKTOP\HOC\DA_VXL_VDK\ASSEMBLY\DA_VXL_ASM_GIT\NEWASMTEMPLATE.ASM 131 : Found opcode in column 1. (bcf)
Warning[203] E:\DESKTOP\HOC\DA_VXL_VDK\ASSEMBLY\DA_VXL_ASM_GIT\NEWASMTEMPLATE.ASM 133 : Found opcode in column 1. (movlw)
Warning[203] E:\DESKTOP\HOC\DA_VXL_VDK\ASSEMBLY\DA_VXL_ASM_GIT\NEWASMTEMPLATE.ASM 134 : Found opcode in column 1. (movwf)
Warning[203] E:\DESKTOP\HOC\DA_VXL_VDK\ASSEMBLY\DA_VXL_ASM_GIT\NEWASMTEMPLATE.ASM 135 : Found opcode in column 1. (movlw)
Warning[203] E:\DESKTOP\HOC\DA_VXL_VDK\ASSEMBLY\DA_VXL_ASM_GIT\NEWASMTEMPLATE.ASM 136 : Found opcode in column 1. (movwf)
Warning[203] E:\DESKTOP\HOC\DA_VXL_VDK\ASSEMBLY\DA_VXL_ASM_GIT\NEWASMTEMPLATE.ASM 137 : Found opcode in column 1. (movlw)
Warning[203] E:\DESKTOP\HOC\DA_VXL_VDK\ASSEMBLY\DA_VXL_ASM_GIT\NEWASMTEMPLATE.ASM 138 : Found opcode in column 1. (movwf)
Warning[203] E:\DESKTOP\HOC\DA_VXL_VDK\ASSEMBLY\DA_VXL_ASM_GIT\NEWASMTEMPLATE.ASM 140 : Found opcode in column 1. (movlw)
Warning[203] E:\DESKTOP\HOC\DA_VXL_VDK\ASSEMBLY\DA_VXL_ASM_GIT\NEWASMTEMPLATE.ASM 141 : Found opcode in column 1. (call)
Warning[203] E:\DESKTOP\HOC\DA_VXL_VDK\ASSEMBLY\DA_VXL_ASM_GIT\NEWASMTEMPLATE.ASM 142 : Found opcode in column 1. (movlw)
Warning[203] E:\DESKTOP\HOC\DA_VXL_VDK\ASSEMBLY\DA_VXL_ASM_GIT\NEWASMTEMPLATE.ASM 143 : Found opcode in column 1. (call)
Warning[203] E:\DESKTOP\HOC\DA_VXL_VDK\ASSEMBLY\DA_VXL_ASM_GIT\NEWASMTEMPLATE.ASM 144 : Found opcode in column 1. (movlw)
Warning[203] E:\DESKTOP\HOC\DA_VXL_VDK\ASSEMBLY\DA_VXL_ASM_GIT\NEWASMTEMPLATE.ASM 145 : Found opcode in column 1. (call)
Warning[203] E:\DESKTOP\HOC\DA_VXL_VDK\ASSEMBLY\DA_VXL_ASM_GIT\NEWASMTEMPLATE.ASM 146 : Found opcode in column 1. (call)
Warning[203] E:\DESKTOP\HOC\DA_VXL_VDK\ASSEMBLY\DA_VXL_ASM_GIT\NEWASMTEMPLATE.ASM 147 : Found opcode in column 1. (movff)
Warning[203] E:\DESKTOP\HOC\DA_VXL_VDK\ASSEMBLY\DA_VXL_ASM_GIT\NEWASMTEMPLATE.ASM 150 : Found opcode in column 1. (clrf)
Warning[203] E:\DESKTOP\HOC\DA_VXL_VDK\ASSEMBLY\DA_VXL_ASM_GIT\NEWASMTEMPLATE.ASM 151 : Found opcode in column 1. (clrf)
Warning[203] E:\DESKTOP\HOC\DA_VXL_VDK\ASSEMBLY\DA_VXL_ASM_GIT\NEWASMTEMPLATE.ASM 153 : Found opcode in column 1. (call)
Warning[203] E:\DESKTOP\HOC\DA_VXL_VDK\ASSEMBLY\DA_VXL_ASM_GIT\NEWASMTEMPLATE.ASM 154 : Found opcode in column 1. (call)
Warning[203] E:\DESKTOP\HOC\DA_VXL_VDK\ASSEMBLY\DA_VXL_ASM_GIT\NEWASMTEMPLATE.ASM 155 : Found opcode in column 1. (call)
Warning[203] E:\DESKTOP\HOC\DA_VXL_VDK\ASSEMBLY\DA_VXL_ASM_GIT\NEWASMTEMPLATE.ASM 156 : Found opcode in column 1. (call)
Warning[203] E:\DESKTOP\HOC\DA_VXL_VDK\ASSEMBLY\DA_VXL_ASM_GIT\NEWASMTEMPLATE.ASM 157 : Found opcode in column 1. (call)
Warning[203] E:\DESKTOP\HOC\DA_VXL_VDK\ASSEMBLY\DA_VXL_ASM_GIT\NEWASMTEMPLATE.ASM 158 : Found opcode in column 1. (call)
Warning[203] E:\DESKTOP\HOC\DA_VXL_VDK\ASSEMBLY\DA_VXL_ASM_GIT\NEWASMTEMPLATE.ASM 159 : Found opcode in column 1. (call)
Warning[203] E:\DESKTOP\HOC\DA_VXL_VDK\ASSEMBLY\DA_VXL_ASM_GIT\NEWASMTEMPLATE.ASM 160 : Found opcode in column 1. (call)
Warning[203] E:\DESKTOP\HOC\DA_VXL_VDK\ASSEMBLY\DA_VXL_ASM_GIT\NEWASMTEMPLATE.ASM 161 : Found opcode in column 1. (call)
Warning[203] E:\DESKTOP\HOC\DA_VXL_VDK\ASSEMBLY\DA_VXL_ASM_GIT\NEWASMTEMPLATE.ASM 162 : Found opcode in column 1. (call)
Warning[203] E:\DESKTOP\HOC\DA_VXL_VDK\ASSEMBLY\DA_VXL_ASM_GIT\NEWASMTEMPLATE.ASM 163 : Found opcode in column 1. (movff)
Warning[203] E:\DESKTOP\HOC\DA_VXL_VDK\ASSEMBLY\DA_VXL_ASM_GIT\NEWASMTEMPLATE.ASM 164 : Found opcode in column 1. (movff)
Warning[203] E:\DESKTOP\HOC\DA_VXL_VDK\ASSEMBLY\DA_VXL_ASM_GIT\NEWASMTEMPLATE.ASM 165 : Found opcode in column 1. (movlw)
Warning[203] E:\DESKTOP\HOC\DA_VXL_VDK\ASSEMBLY\DA_VXL_ASM_GIT\NEWASMTEMPLATE.ASM 166 : Found opcode in column 1. (call)
Warning[203] E:\DESKTOP\HOC\DA_VXL_VDK\ASSEMBLY\DA_VXL_ASM_GIT\NEWASMTEMPLATE.ASM 167 : Found opcode in column 1. (call)
Warning[203] E:\DESKTOP\HOC\DA_VXL_VDK\ASSEMBLY\DA_VXL_ASM_GIT\NEWASMTEMPLATE.ASM 168 : Found opcode in column 1. (MOVF)
Warning[203] E:\DESKTOP\HOC\DA_VXL_VDK\ASSEMBLY\DA_VXL_ASM_GIT\NEWASMTEMPLATE.ASM 169 : Found opcode in column 1. (MOVWF)
Warning[203] E:\DESKTOP\HOC\DA_VXL_VDK\ASSEMBLY\DA_VXL_ASM_GIT\NEWASMTEMPLATE.ASM 170 : Found opcode in column 1. (MOVFF)
Warning[203] E:\DESKTOP\HOC\DA_VXL_VDK\ASSEMBLY\DA_VXL_ASM_GIT\NEWASMTEMPLATE.ASM 171 : Found opcode in column 1. (CLRF)
Warning[203] E:\DESKTOP\HOC\DA_VXL_VDK\ASSEMBLY\DA_VXL_ASM_GIT\NEWASMTEMPLATE.ASM 172 : Found opcode in column 1. (CLRF)
Warning[203] E:\DESKTOP\HOC\DA_VXL_VDK\ASSEMBLY\DA_VXL_ASM_GIT\NEWASMTEMPLATE.ASM 173 : Found opcode in column 1. (CLRF)
Warning[203] E:\DESKTOP\HOC\DA_VXL_VDK\ASSEMBLY\DA_VXL_ASM_GIT\NEWASMTEMPLATE.ASM 174 : Found opcode in column 1. (CLRF)
Warning[203] E:\DESKTOP\HOC\DA_VXL_VDK\ASSEMBLY\DA_VXL_ASM_GIT\NEWASMTEMPLATE.ASM 175 : Found opcode in column 1. (CLRF)
Warning[203] E:\DESKTOP\HOC\DA_VXL_VDK\ASSEMBLY\DA_VXL_ASM_GIT\NEWASMTEMPLATE.ASM 176 : Found opcode in column 1. (CLRF)
Warning[203] E:\DESKTOP\HOC\DA_VXL_VDK\ASSEMBLY\DA_VXL_ASM_GIT\NEWASMTEMPLATE.ASM 177 : Found opcode in column 1. (CALL)
Warning[203] E:\DESKTOP\HOC\DA_VXL_VDK\ASSEMBLY\DA_VXL_ASM_GIT\NEWASMTEMPLATE.ASM 178 : Found opcode in column 1. (MOVF)
Warning[203] E:\DESKTOP\HOC\DA_VXL_VDK\ASSEMBLY\DA_VXL_ASM_GIT\NEWASMTEMPLATE.ASM 179 : Found opcode in column 1. (ADDLW)
Warning[203] E:\DESKTOP\HOC\DA_VXL_VDK\ASSEMBLY\DA_VXL_ASM_GIT\NEWASMTEMPLATE.ASM 180 : Found opcode in column 1. (MOVWF)
Warning[203] E:\DESKTOP\HOC\DA_VXL_VDK\ASSEMBLY\DA_VXL_ASM_GIT\NEWASMTEMPLATE.ASM 181 : Found opcode in column 1. (movf)
Warning[203] E:\DESKTOP\HOC\DA_VXL_VDK\ASSEMBLY\DA_VXL_ASM_GIT\NEWASMTEMPLATE.ASM 182 : Found opcode in column 1. (call)
Warning[203] E:\DESKTOP\HOC\DA_VXL_VDK\ASSEMBLY\DA_VXL_ASM_GIT\NEWASMTEMPLATE.ASM 183 : Found opcode in column 1. (CLRF)
Warning[203] E:\DESKTOP\HOC\DA_VXL_VDK\ASSEMBLY\DA_VXL_ASM_GIT\NEWASMTEMPLATE.ASM 184 : Found opcode in column 1. (CALL)
Warning[203] E:\DESKTOP\HOC\DA_VXL_VDK\ASSEMBLY\DA_VXL_ASM_GIT\NEWASMTEMPLATE.ASM 185 : Found opcode in column 1. (MOVF)
Warning[203] E:\DESKTOP\HOC\DA_VXL_VDK\ASSEMBLY\DA_VXL_ASM_GIT\NEWASMTEMPLATE.ASM 186 : Found opcode in column 1. (ADDLW)
Warning[203] E:\DESKTOP\HOC\DA_VXL_VDK\ASSEMBLY\DA_VXL_ASM_GIT\NEWASMTEMPLATE.ASM 187 : Found opcode in column 1. (MOVWF)
Warning[203] E:\DESKTOP\HOC\DA_VXL_VDK\ASSEMBLY\DA_VXL_ASM_GIT\NEWASMTEMPLATE.ASM 188 : Found opcode in column 1. (movf)
Warning[203] E:\DESKTOP\HOC\DA_VXL_VDK\ASSEMBLY\DA_VXL_ASM_GIT\NEWASMTEMPLATE.ASM 189 : Found opcode in column 1. (call)
Warning[203] E:\DESKTOP\HOC\DA_VXL_VDK\ASSEMBLY\DA_VXL_ASM_GIT\NEWASMTEMPLATE.ASM 190 : Found opcode in column 1. (MOVF)
Warning[203] E:\DESKTOP\HOC\DA_VXL_VDK\ASSEMBLY\DA_VXL_ASM_GIT\NEWASMTEMPLATE.ASM 191 : Found opcode in column 1. (ADDLW)
Warning[203] E:\DESKTOP\HOC\DA_VXL_VDK\ASSEMBLY\DA_VXL_ASM_GIT\NEWASMTEMPLATE.ASM 192 : Found opcode in column 1. (MOVWF)
Warning[203] E:\DESKTOP\HOC\DA_VXL_VDK\ASSEMBLY\DA_VXL_ASM_GIT\NEWASMTEMPLATE.ASM 193 : Found opcode in column 1. (movf)
Warning[203] E:\DESKTOP\HOC\DA_VXL_VDK\ASSEMBLY\DA_VXL_ASM_GIT\NEWASMTEMPLATE.ASM 194 : Found opcode in column 1. (call)
Warning[203] E:\DESKTOP\HOC\DA_VXL_VDK\ASSEMBLY\DA_VXL_ASM_GIT\NEWASMTEMPLATE.ASM 195 : Found opcode in column 1. (movlw)
Warning[203] E:\DESKTOP\HOC\DA_VXL_VDK\ASSEMBLY\DA_VXL_ASM_GIT\NEWASMTEMPLATE.ASM 196 : Found opcode in column 1. (call)
Warning[203] E:\DESKTOP\HOC\DA_VXL_VDK\ASSEMBLY\DA_VXL_ASM_GIT\NEWASMTEMPLATE.ASM 197 : Found opcode in column 1. (movlw)
Warning[203] E:\DESKTOP\HOC\DA_VXL_VDK\ASSEMBLY\DA_VXL_ASM_GIT\NEWASMTEMPLATE.ASM 198 : Found opcode in column 1. (call)
Warning[203] E:\DESKTOP\HOC\DA_VXL_VDK\ASSEMBLY\DA_VXL_ASM_GIT\NEWASMTEMPLATE.ASM 199 : Found opcode in column 1. (movlw)
Warning[203] E:\DESKTOP\HOC\DA_VXL_VDK\ASSEMBLY\DA_VXL_ASM_GIT\NEWASMTEMPLATE.ASM 200 : Found opcode in column 1. (call)
Warning[203] E:\DESKTOP\HOC\DA_VXL_VDK\ASSEMBLY\DA_VXL_ASM_GIT\NEWASMTEMPLATE.ASM 201 : Found opcode in column 1. (movlw)
Warning[203] E:\DESKTOP\HOC\DA_VXL_VDK\ASSEMBLY\DA_VXL_ASM_GIT\NEWASMTEMPLATE.ASM 202 : Found opcode in column 1. (call)
Warning[203] E:\DESKTOP\HOC\DA_VXL_VDK\ASSEMBLY\DA_VXL_ASM_GIT\NEWASMTEMPLATE.ASM 203 : Found opcode in column 1. (goto)
Warning[203] E:\DESKTOP\HOC\DA_VXL_VDK\ASSEMBLY\DA_VXL_ASM_GIT\NEWASMTEMPLATE.ASM 207 : Found opcode in column 1. (movlw)
Warning[203] E:\DESKTOP\HOC\DA_VXL_VDK\ASSEMBLY\DA_VXL_ASM_GIT\NEWASMTEMPLATE.ASM 208 : Found opcode in column 1. (movwf)
Warning[203] E:\DESKTOP\HOC\DA_VXL_VDK\ASSEMBLY\DA_VXL_ASM_GIT\NEWASMTEMPLATE.ASM 209 : Found opcode in column 1. (movlw)
Warning[203] E:\DESKTOP\HOC\DA_VXL_VDK\ASSEMBLY\DA_VXL_ASM_GIT\NEWASMTEMPLATE.ASM 210 : Found opcode in column 1. (movwf)
Warning[203] E:\DESKTOP\HOC\DA_VXL_VDK\ASSEMBLY\DA_VXL_ASM_GIT\NEWASMTEMPLATE.ASM 212 : Found opcode in column 1. (movf)
Warning[203] E:\DESKTOP\HOC\DA_VXL_VDK\ASSEMBLY\DA_VXL_ASM_GIT\NEWASMTEMPLATE.ASM 213 : Found opcode in column 1. (mulwf)
Warning[203] E:\DESKTOP\HOC\DA_VXL_VDK\ASSEMBLY\DA_VXL_ASM_GIT\NEWASMTEMPLATE.ASM 214 : Found opcode in column 1. (movff)
Warning[203] E:\DESKTOP\HOC\DA_VXL_VDK\ASSEMBLY\DA_VXL_ASM_GIT\NEWASMTEMPLATE.ASM 215 : Found opcode in column 1. (movff)
Warning[203] E:\DESKTOP\HOC\DA_VXL_VDK\ASSEMBLY\DA_VXL_ASM_GIT\NEWASMTEMPLATE.ASM 217 : Found opcode in column 1. (movf)
Warning[203] E:\DESKTOP\HOC\DA_VXL_VDK\ASSEMBLY\DA_VXL_ASM_GIT\NEWASMTEMPLATE.ASM 218 : Found opcode in column 1. (mulwf)
Warning[203] E:\DESKTOP\HOC\DA_VXL_VDK\ASSEMBLY\DA_VXL_ASM_GIT\NEWASMTEMPLATE.ASM 219 : Found opcode in column 1. (movf)
Warning[203] E:\DESKTOP\HOC\DA_VXL_VDK\ASSEMBLY\DA_VXL_ASM_GIT\NEWASMTEMPLATE.ASM 220 : Found opcode in column 1. (addwf)
Warning[203] E:\DESKTOP\HOC\DA_VXL_VDK\ASSEMBLY\DA_VXL_ASM_GIT\NEWASMTEMPLATE.ASM 221 : Found opcode in column 1. (movff)
Warning[203] E:\DESKTOP\HOC\DA_VXL_VDK\ASSEMBLY\DA_VXL_ASM_GIT\NEWASMTEMPLATE.ASM 222 : Found opcode in column 1. (clrf)
Warning[203] E:\DESKTOP\HOC\DA_VXL_VDK\ASSEMBLY\DA_VXL_ASM_GIT\NEWASMTEMPLATE.ASM 223 : Found opcode in column 1. (addwfc)
Warning[203] E:\DESKTOP\HOC\DA_VXL_VDK\ASSEMBLY\DA_VXL_ASM_GIT\NEWASMTEMPLATE.ASM 225 : Found opcode in column 1. (movf)
Warning[203] E:\DESKTOP\HOC\DA_VXL_VDK\ASSEMBLY\DA_VXL_ASM_GIT\NEWASMTEMPLATE.ASM 226 : Found opcode in column 1. (mulwf)
Warning[203] E:\DESKTOP\HOC\DA_VXL_VDK\ASSEMBLY\DA_VXL_ASM_GIT\NEWASMTEMPLATE.ASM 227 : Found opcode in column 1. (movf)
Warning[203] E:\DESKTOP\HOC\DA_VXL_VDK\ASSEMBLY\DA_VXL_ASM_GIT\NEWASMTEMPLATE.ASM 228 : Found opcode in column 1. (addwf)
Warning[203] E:\DESKTOP\HOC\DA_VXL_VDK\ASSEMBLY\DA_VXL_ASM_GIT\NEWASMTEMPLATE.ASM 229 : Found opcode in column 1. (movf)
Warning[203] E:\DESKTOP\HOC\DA_VXL_VDK\ASSEMBLY\DA_VXL_ASM_GIT\NEWASMTEMPLATE.ASM 230 : Found opcode in column 1. (addwf)
Warning[203] E:\DESKTOP\HOC\DA_VXL_VDK\ASSEMBLY\DA_VXL_ASM_GIT\NEWASMTEMPLATE.ASM 231 : Found opcode in column 1. (clrf)
Warning[203] E:\DESKTOP\HOC\DA_VXL_VDK\ASSEMBLY\DA_VXL_ASM_GIT\NEWASMTEMPLATE.ASM 232 : Found opcode in column 1. (addwfc)
Warning[203] E:\DESKTOP\HOC\DA_VXL_VDK\ASSEMBLY\DA_VXL_ASM_GIT\NEWASMTEMPLATE.ASM 234 : Found opcode in column 1. (movf)
Warning[203] E:\DESKTOP\HOC\DA_VXL_VDK\ASSEMBLY\DA_VXL_ASM_GIT\NEWASMTEMPLATE.ASM 235 : Found opcode in column 1. (mulwf)
Warning[203] E:\DESKTOP\HOC\DA_VXL_VDK\ASSEMBLY\DA_VXL_ASM_GIT\NEWASMTEMPLATE.ASM 236 : Found opcode in column 1. (movf)
Warning[203] E:\DESKTOP\HOC\DA_VXL_VDK\ASSEMBLY\DA_VXL_ASM_GIT\NEWASMTEMPLATE.ASM 237 : Found opcode in column 1. (addwf)
Warning[203] E:\DESKTOP\HOC\DA_VXL_VDK\ASSEMBLY\DA_VXL_ASM_GIT\NEWASMTEMPLATE.ASM 238 : Found opcode in column 1. (movff)
Warning[203] E:\DESKTOP\HOC\DA_VXL_VDK\ASSEMBLY\DA_VXL_ASM_GIT\NEWASMTEMPLATE.ASM 239 : Found opcode in column 1. (clrf)
Warning[203] E:\DESKTOP\HOC\DA_VXL_VDK\ASSEMBLY\DA_VXL_ASM_GIT\NEWASMTEMPLATE.ASM 240 : Found opcode in column 1. (addwfc)
Warning[203] E:\DESKTOP\HOC\DA_VXL_VDK\ASSEMBLY\DA_VXL_ASM_GIT\NEWASMTEMPLATE.ASM 241 : Found opcode in column 1. (return)
Warning[203] E:\DESKTOP\HOC\DA_VXL_VDK\ASSEMBLY\DA_VXL_ASM_GIT\NEWASMTEMPLATE.ASM 244 : Found opcode in column 1. (MOVFF)
Warning[203] E:\DESKTOP\HOC\DA_VXL_VDK\ASSEMBLY\DA_VXL_ASM_GIT\NEWASMTEMPLATE.ASM 245 : Found opcode in column 1. (MOVLW)
Warning[203] E:\DESKTOP\HOC\DA_VXL_VDK\ASSEMBLY\DA_VXL_ASM_GIT\NEWASMTEMPLATE.ASM 246 : Found opcode in column 1. (SUBWF)
Warning[203] E:\DESKTOP\HOC\DA_VXL_VDK\ASSEMBLY\DA_VXL_ASM_GIT\NEWASMTEMPLATE.ASM 247 : Found opcode in column 1. (BC)
Warning[203] E:\DESKTOP\HOC\DA_VXL_VDK\ASSEMBLY\DA_VXL_ASM_GIT\NEWASMTEMPLATE.ASM 248 : Found opcode in column 1. (RETURN)
Warning[203] E:\DESKTOP\HOC\DA_VXL_VDK\ASSEMBLY\DA_VXL_ASM_GIT\NEWASMTEMPLATE.ASM 251 : Found opcode in column 1. (MOVFF)
Warning[203] E:\DESKTOP\HOC\DA_VXL_VDK\ASSEMBLY\DA_VXL_ASM_GIT\NEWASMTEMPLATE.ASM 252 : Found opcode in column 1. (MOVLW)
Warning[203] E:\DESKTOP\HOC\DA_VXL_VDK\ASSEMBLY\DA_VXL_ASM_GIT\NEWASMTEMPLATE.ASM 253 : Found opcode in column 1. (SUBWF)
Warning[203] E:\DESKTOP\HOC\DA_VXL_VDK\ASSEMBLY\DA_VXL_ASM_GIT\NEWASMTEMPLATE.ASM 254 : Found opcode in column 1. (BC)
Warning[203] E:\DESKTOP\HOC\DA_VXL_VDK\ASSEMBLY\DA_VXL_ASM_GIT\NEWASMTEMPLATE.ASM 255 : Found opcode in column 1. (RETURN)
Warning[203] E:\DESKTOP\HOC\DA_VXL_VDK\ASSEMBLY\DA_VXL_ASM_GIT\NEWASMTEMPLATE.ASM 260 : Found opcode in column 1. (INCF)
Warning[203] E:\DESKTOP\HOC\DA_VXL_VDK\ASSEMBLY\DA_VXL_ASM_GIT\NEWASMTEMPLATE.ASM 261 : Found opcode in column 1. (GOTO)
Warning[203] E:\DESKTOP\HOC\DA_VXL_VDK\ASSEMBLY\DA_VXL_ASM_GIT\NEWASMTEMPLATE.ASM 264 : Found opcode in column 1. (INCF)
Warning[203] E:\DESKTOP\HOC\DA_VXL_VDK\ASSEMBLY\DA_VXL_ASM_GIT\NEWASMTEMPLATE.ASM 265 : Found opcode in column 1. (GOTO)
Warning[203] E:\DESKTOP\HOC\DA_VXL_VDK\ASSEMBLY\DA_VXL_ASM_GIT\NEWASMTEMPLATE.ASM 270 : Found opcode in column 1. (movf)
Warning[203] E:\DESKTOP\HOC\DA_VXL_VDK\ASSEMBLY\DA_VXL_ASM_GIT\NEWASMTEMPLATE.ASM 271 : Found opcode in column 1. (xorlw)
Warning[203] E:\DESKTOP\HOC\DA_VXL_VDK\ASSEMBLY\DA_VXL_ASM_GIT\NEWASMTEMPLATE.ASM 272 : Found opcode in column 1. (btfsc)
Warning[203] E:\DESKTOP\HOC\DA_VXL_VDK\ASSEMBLY\DA_VXL_ASM_GIT\NEWASMTEMPLATE.ASM 273 : Found opcode in column 1. (call)
Warning[203] E:\DESKTOP\HOC\DA_VXL_VDK\ASSEMBLY\DA_VXL_ASM_GIT\NEWASMTEMPLATE.ASM 275 : Found opcode in column 1. (movf)
Warning[203] E:\DESKTOP\HOC\DA_VXL_VDK\ASSEMBLY\DA_VXL_ASM_GIT\NEWASMTEMPLATE.ASM 276 : Found opcode in column 1. (xorlw)
Warning[203] E:\DESKTOP\HOC\DA_VXL_VDK\ASSEMBLY\DA_VXL_ASM_GIT\NEWASMTEMPLATE.ASM 277 : Found opcode in column 1. (btfss)
Warning[203] E:\DESKTOP\HOC\DA_VXL_VDK\ASSEMBLY\DA_VXL_ASM_GIT\NEWASMTEMPLATE.ASM 278 : Found opcode in column 1. (call)
Warning[203] E:\DESKTOP\HOC\DA_VXL_VDK\ASSEMBLY\DA_VXL_ASM_GIT\NEWASMTEMPLATE.ASM 279 : Found opcode in column 1. (movff)
Warning[203] E:\DESKTOP\HOC\DA_VXL_VDK\ASSEMBLY\DA_VXL_ASM_GIT\NEWASMTEMPLATE.ASM 280 : Found opcode in column 1. (return)
Warning[203] E:\DESKTOP\HOC\DA_VXL_VDK\ASSEMBLY\DA_VXL_ASM_GIT\NEWASMTEMPLATE.ASM 284 : Found opcode in column 1. (movf)
Warning[203] E:\DESKTOP\HOC\DA_VXL_VDK\ASSEMBLY\DA_VXL_ASM_GIT\NEWASMTEMPLATE.ASM 285 : Found opcode in column 1. (xorlw)
Warning[203] E:\DESKTOP\HOC\DA_VXL_VDK\ASSEMBLY\DA_VXL_ASM_GIT\NEWASMTEMPLATE.ASM 286 : Found opcode in column 1. (btfsc)
Warning[203] E:\DESKTOP\HOC\DA_VXL_VDK\ASSEMBLY\DA_VXL_ASM_GIT\NEWASMTEMPLATE.ASM 287 : Found opcode in column 1. (return)
Warning[203] E:\DESKTOP\HOC\DA_VXL_VDK\ASSEMBLY\DA_VXL_ASM_GIT\NEWASMTEMPLATE.ASM 288 : Found opcode in column 1. (movf)
Warning[203] E:\DESKTOP\HOC\DA_VXL_VDK\ASSEMBLY\DA_VXL_ASM_GIT\NEWASMTEMPLATE.ASM 289 : Found opcode in column 1. (xorlw)
Warning[203] E:\DESKTOP\HOC\DA_VXL_VDK\ASSEMBLY\DA_VXL_ASM_GIT\NEWASMTEMPLATE.ASM 290 : Found opcode in column 1. (btfsc)
Warning[203] E:\DESKTOP\HOC\DA_VXL_VDK\ASSEMBLY\DA_VXL_ASM_GIT\NEWASMTEMPLATE.ASM 291 : Found opcode in column 1. (call)
Warning[203] E:\DESKTOP\HOC\DA_VXL_VDK\ASSEMBLY\DA_VXL_ASM_GIT\NEWASMTEMPLATE.ASM 292 : Found opcode in column 1. (movf)
Warning[203] E:\DESKTOP\HOC\DA_VXL_VDK\ASSEMBLY\DA_VXL_ASM_GIT\NEWASMTEMPLATE.ASM 293 : Found opcode in column 1. (xorlw)
Warning[203] E:\DESKTOP\HOC\DA_VXL_VDK\ASSEMBLY\DA_VXL_ASM_GIT\NEWASMTEMPLATE.ASM 294 : Found opcode in column 1. (btfsc)
Warning[203] E:\DESKTOP\HOC\DA_VXL_VDK\ASSEMBLY\DA_VXL_ASM_GIT\NEWASMTEMPLATE.ASM 295 : Found opcode in column 1. (call)
Warning[203] E:\DESKTOP\HOC\DA_VXL_VDK\ASSEMBLY\DA_VXL_ASM_GIT\NEWASMTEMPLATE.ASM 296 : Found opcode in column 1. (movff)
Warning[203] E:\DESKTOP\HOC\DA_VXL_VDK\ASSEMBLY\DA_VXL_ASM_GIT\NEWASMTEMPLATE.ASM 297 : Found opcode in column 1. (return)
Warning[203] E:\DESKTOP\HOC\DA_VXL_VDK\ASSEMBLY\DA_VXL_ASM_GIT\NEWASMTEMPLATE.ASM 301 : Found opcode in column 1. (movf)
Warning[203] E:\DESKTOP\HOC\DA_VXL_VDK\ASSEMBLY\DA_VXL_ASM_GIT\NEWASMTEMPLATE.ASM 302 : Found opcode in column 1. (xorlw)
Warning[203] E:\DESKTOP\HOC\DA_VXL_VDK\ASSEMBLY\DA_VXL_ASM_GIT\NEWASMTEMPLATE.ASM 303 : Found opcode in column 1. (btfsc)
Warning[203] E:\DESKTOP\HOC\DA_VXL_VDK\ASSEMBLY\DA_VXL_ASM_GIT\NEWASMTEMPLATE.ASM 304 : Found opcode in column 1. (return)
Warning[203] E:\DESKTOP\HOC\DA_VXL_VDK\ASSEMBLY\DA_VXL_ASM_GIT\NEWASMTEMPLATE.ASM 305 : Found opcode in column 1. (movf)
Warning[203] E:\DESKTOP\HOC\DA_VXL_VDK\ASSEMBLY\DA_VXL_ASM_GIT\NEWASMTEMPLATE.ASM 306 : Found opcode in column 1. (xorlw)
Warning[203] E:\DESKTOP\HOC\DA_VXL_VDK\ASSEMBLY\DA_VXL_ASM_GIT\NEWASMTEMPLATE.ASM 307 : Found opcode in column 1. (btfsc)
Warning[203] E:\DESKTOP\HOC\DA_VXL_VDK\ASSEMBLY\DA_VXL_ASM_GIT\NEWASMTEMPLATE.ASM 308 : Found opcode in column 1. (call)
Warning[203] E:\DESKTOP\HOC\DA_VXL_VDK\ASSEMBLY\DA_VXL_ASM_GIT\NEWASMTEMPLATE.ASM 309 : Found opcode in column 1. (movf)
Warning[203] E:\DESKTOP\HOC\DA_VXL_VDK\ASSEMBLY\DA_VXL_ASM_GIT\NEWASMTEMPLATE.ASM 310 : Found opcode in column 1. (xorlw)
Warning[203] E:\DESKTOP\HOC\DA_VXL_VDK\ASSEMBLY\DA_VXL_ASM_GIT\NEWASMTEMPLATE.ASM 311 : Found opcode in column 1. (btfsc)
Warning[203] E:\DESKTOP\HOC\DA_VXL_VDK\ASSEMBLY\DA_VXL_ASM_GIT\NEWASMTEMPLATE.ASM 312 : Found opcode in column 1. (call)
Warning[203] E:\DESKTOP\HOC\DA_VXL_VDK\ASSEMBLY\DA_VXL_ASM_GIT\NEWASMTEMPLATE.ASM 313 : Found opcode in column 1. (movff)
Warning[203] E:\DESKTOP\HOC\DA_VXL_VDK\ASSEMBLY\DA_VXL_ASM_GIT\NEWASMTEMPLATE.ASM 314 : Found opcode in column 1. (return)
Warning[203] E:\DESKTOP\HOC\DA_VXL_VDK\ASSEMBLY\DA_VXL_ASM_GIT\NEWASMTEMPLATE.ASM 319 : Found opcode in column 1. (movlw)
Warning[203] E:\DESKTOP\HOC\DA_VXL_VDK\ASSEMBLY\DA_VXL_ASM_GIT\NEWASMTEMPLATE.ASM 320 : Found opcode in column 1. (movwf)
Warning[203] E:\DESKTOP\HOC\DA_VXL_VDK\ASSEMBLY\DA_VXL_ASM_GIT\NEWASMTEMPLATE.ASM 321 : Found opcode in column 1. (movlw)
Warning[203] E:\DESKTOP\HOC\DA_VXL_VDK\ASSEMBLY\DA_VXL_ASM_GIT\NEWASMTEMPLATE.ASM 322 : Found opcode in column 1. (call)
Warning[203] E:\DESKTOP\HOC\DA_VXL_VDK\ASSEMBLY\DA_VXL_ASM_GIT\NEWASMTEMPLATE.ASM 325 : Found opcode in column 1. (movlw)
Warning[203] E:\DESKTOP\HOC\DA_VXL_VDK\ASSEMBLY\DA_VXL_ASM_GIT\NEWASMTEMPLATE.ASM 326 : Found opcode in column 1. (movwf)
Warning[203] E:\DESKTOP\HOC\DA_VXL_VDK\ASSEMBLY\DA_VXL_ASM_GIT\NEWASMTEMPLATE.ASM 327 : Found opcode in column 1. (movlw)
Warning[203] E:\DESKTOP\HOC\DA_VXL_VDK\ASSEMBLY\DA_VXL_ASM_GIT\NEWASMTEMPLATE.ASM 328 : Found opcode in column 1. (movwf)
Warning[203] E:\DESKTOP\HOC\DA_VXL_VDK\ASSEMBLY\DA_VXL_ASM_GIT\NEWASMTEMPLATE.ASM 329 : Found opcode in column 1. (movlw)
Warning[203] E:\DESKTOP\HOC\DA_VXL_VDK\ASSEMBLY\DA_VXL_ASM_GIT\NEWASMTEMPLATE.ASM 330 : Found opcode in column 1. (movwf)
Warning[203] E:\DESKTOP\HOC\DA_VXL_VDK\ASSEMBLY\DA_VXL_ASM_GIT\NEWASMTEMPLATE.ASM 331 : Found opcode in column 1. (movlw)
Warning[203] E:\DESKTOP\HOC\DA_VXL_VDK\ASSEMBLY\DA_VXL_ASM_GIT\NEWASMTEMPLATE.ASM 332 : Found opcode in column 1. (movwf)
Warning[203] E:\DESKTOP\HOC\DA_VXL_VDK\ASSEMBLY\DA_VXL_ASM_GIT\NEWASMTEMPLATE.ASM 333 : Found opcode in column 1. (movlw)
Warning[203] E:\DESKTOP\HOC\DA_VXL_VDK\ASSEMBLY\DA_VXL_ASM_GIT\NEWASMTEMPLATE.ASM 334 : Found opcode in column 1. (call)
Warning[203] E:\DESKTOP\HOC\DA_VXL_VDK\ASSEMBLY\DA_VXL_ASM_GIT\NEWASMTEMPLATE.ASM 335 : Found opcode in column 1. (movlw)
Warning[203] E:\DESKTOP\HOC\DA_VXL_VDK\ASSEMBLY\DA_VXL_ASM_GIT\NEWASMTEMPLATE.ASM 336 : Found opcode in column 1. (call)
Warning[203] E:\DESKTOP\HOC\DA_VXL_VDK\ASSEMBLY\DA_VXL_ASM_GIT\NEWASMTEMPLATE.ASM 337 : Found opcode in column 1. (movlw)
Warning[203] E:\DESKTOP\HOC\DA_VXL_VDK\ASSEMBLY\DA_VXL_ASM_GIT\NEWASMTEMPLATE.ASM 338 : Found opcode in column 1. (call)
Warning[203] E:\DESKTOP\HOC\DA_VXL_VDK\ASSEMBLY\DA_VXL_ASM_GIT\NEWASMTEMPLATE.ASM 339 : Found opcode in column 1. (movlw)
Warning[203] E:\DESKTOP\HOC\DA_VXL_VDK\ASSEMBLY\DA_VXL_ASM_GIT\NEWASMTEMPLATE.ASM 340 : Found opcode in column 1. (call)
Warning[203] E:\DESKTOP\HOC\DA_VXL_VDK\ASSEMBLY\DA_VXL_ASM_GIT\NEWASMTEMPLATE.ASM 341 : Found opcode in column 1. (movlw)
Warning[203] E:\DESKTOP\HOC\DA_VXL_VDK\ASSEMBLY\DA_VXL_ASM_GIT\NEWASMTEMPLATE.ASM 342 : Found opcode in column 1. (call)
Warning[203] E:\DESKTOP\HOC\DA_VXL_VDK\ASSEMBLY\DA_VXL_ASM_GIT\NEWASMTEMPLATE.ASM 343 : Found opcode in column 1. (movlw)
Warning[203] E:\DESKTOP\HOC\DA_VXL_VDK\ASSEMBLY\DA_VXL_ASM_GIT\NEWASMTEMPLATE.ASM 344 : Found opcode in column 1. (call)
Warning[203] E:\DESKTOP\HOC\DA_VXL_VDK\ASSEMBLY\DA_VXL_ASM_GIT\NEWASMTEMPLATE.ASM 345 : Found opcode in column 1. (movlw)
Warning[203] E:\DESKTOP\HOC\DA_VXL_VDK\ASSEMBLY\DA_VXL_ASM_GIT\NEWASMTEMPLATE.ASM 346 : Found opcode in column 1. (call)
Warning[203] E:\DESKTOP\HOC\DA_VXL_VDK\ASSEMBLY\DA_VXL_ASM_GIT\NEWASMTEMPLATE.ASM 347 : Found opcode in column 1. (movlw)
Warning[203] E:\DESKTOP\HOC\DA_VXL_VDK\ASSEMBLY\DA_VXL_ASM_GIT\NEWASMTEMPLATE.ASM 348 : Found opcode in column 1. (call)
Warning[203] E:\DESKTOP\HOC\DA_VXL_VDK\ASSEMBLY\DA_VXL_ASM_GIT\NEWASMTEMPLATE.ASM 349 : Found opcode in column 1. (movlw)
Warning[203] E:\DESKTOP\HOC\DA_VXL_VDK\ASSEMBLY\DA_VXL_ASM_GIT\NEWASMTEMPLATE.ASM 350 : Found opcode in column 1. (call)
Warning[203] E:\DESKTOP\HOC\DA_VXL_VDK\ASSEMBLY\DA_VXL_ASM_GIT\NEWASMTEMPLATE.ASM 351 : Found opcode in column 1. (movlw)
Warning[203] E:\DESKTOP\HOC\DA_VXL_VDK\ASSEMBLY\DA_VXL_ASM_GIT\NEWASMTEMPLATE.ASM 352 : Found opcode in column 1. (call)
Warning[203] E:\DESKTOP\HOC\DA_VXL_VDK\ASSEMBLY\DA_VXL_ASM_GIT\NEWASMTEMPLATE.ASM 353 : Found opcode in column 1. (movlw)
Warning[203] E:\DESKTOP\HOC\DA_VXL_VDK\ASSEMBLY\DA_VXL_ASM_GIT\NEWASMTEMPLATE.ASM 354 : Found opcode in column 1. (call)
Warning[203] E:\DESKTOP\HOC\DA_VXL_VDK\ASSEMBLY\DA_VXL_ASM_GIT\NEWASMTEMPLATE.ASM 355 : Found opcode in column 1. (return)
Warning[203] E:\DESKTOP\HOC\DA_VXL_VDK\ASSEMBLY\DA_VXL_ASM_GIT\NEWASMTEMPLATE.ASM 359 : Found opcode in column 1. (movlw)
Warning[203] E:\DESKTOP\HOC\DA_VXL_VDK\ASSEMBLY\DA_VXL_ASM_GIT\NEWASMTEMPLATE.ASM 360 : Found opcode in column 1. (movwf)
Warning[203] E:\DESKTOP\HOC\DA_VXL_VDK\ASSEMBLY\DA_VXL_ASM_GIT\NEWASMTEMPLATE.ASM 361 : Found opcode in column 1. (movlw)
Warning[203] E:\DESKTOP\HOC\DA_VXL_VDK\ASSEMBLY\DA_VXL_ASM_GIT\NEWASMTEMPLATE.ASM 362 : Found opcode in column 1. (call)
Warning[203] E:\DESKTOP\HOC\DA_VXL_VDK\ASSEMBLY\DA_VXL_ASM_GIT\NEWASMTEMPLATE.ASM 363 : Found opcode in column 1. (movlw)
Warning[203] E:\DESKTOP\HOC\DA_VXL_VDK\ASSEMBLY\DA_VXL_ASM_GIT\NEWASMTEMPLATE.ASM 364 : Found opcode in column 1. (movwf)
Warning[203] E:\DESKTOP\HOC\DA_VXL_VDK\ASSEMBLY\DA_VXL_ASM_GIT\NEWASMTEMPLATE.ASM 365 : Found opcode in column 1. (movlw)
Warning[203] E:\DESKTOP\HOC\DA_VXL_VDK\ASSEMBLY\DA_VXL_ASM_GIT\NEWASMTEMPLATE.ASM 366 : Found opcode in column 1. (movwf)
Warning[203] E:\DESKTOP\HOC\DA_VXL_VDK\ASSEMBLY\DA_VXL_ASM_GIT\NEWASMTEMPLATE.ASM 367 : Found opcode in column 1. (movlw)
Warning[203] E:\DESKTOP\HOC\DA_VXL_VDK\ASSEMBLY\DA_VXL_ASM_GIT\NEWASMTEMPLATE.ASM 368 : Found opcode in column 1. (movwf)
Warning[203] E:\DESKTOP\HOC\DA_VXL_VDK\ASSEMBLY\DA_VXL_ASM_GIT\NEWASMTEMPLATE.ASM 369 : Found opcode in column 1. (movlw)
Warning[203] E:\DESKTOP\HOC\DA_VXL_VDK\ASSEMBLY\DA_VXL_ASM_GIT\NEWASMTEMPLATE.ASM 370 : Found opcode in column 1. (movwf)
Warning[203] E:\DESKTOP\HOC\DA_VXL_VDK\ASSEMBLY\DA_VXL_ASM_GIT\NEWASMTEMPLATE.ASM 371 : Found opcode in column 1. (movlw)
Warning[203] E:\DESKTOP\HOC\DA_VXL_VDK\ASSEMBLY\DA_VXL_ASM_GIT\NEWASMTEMPLATE.ASM 372 : Found opcode in column 1. (call)
Warning[203] E:\DESKTOP\HOC\DA_VXL_VDK\ASSEMBLY\DA_VXL_ASM_GIT\NEWASMTEMPLATE.ASM 373 : Found opcode in column 1. (movlw)
Warning[203] E:\DESKTOP\HOC\DA_VXL_VDK\ASSEMBLY\DA_VXL_ASM_GIT\NEWASMTEMPLATE.ASM 374 : Found opcode in column 1. (call)
Warning[203] E:\DESKTOP\HOC\DA_VXL_VDK\ASSEMBLY\DA_VXL_ASM_GIT\NEWASMTEMPLATE.ASM 375 : Found opcode in column 1. (movlw)
Warning[203] E:\DESKTOP\HOC\DA_VXL_VDK\ASSEMBLY\DA_VXL_ASM_GIT\NEWASMTEMPLATE.ASM 376 : Found opcode in column 1. (call)
Warning[203] E:\DESKTOP\HOC\DA_VXL_VDK\ASSEMBLY\DA_VXL_ASM_GIT\NEWASMTEMPLATE.ASM 377 : Found opcode in column 1. (movlw)
Warning[203] E:\DESKTOP\HOC\DA_VXL_VDK\ASSEMBLY\DA_VXL_ASM_GIT\NEWASMTEMPLATE.ASM 378 : Found opcode in column 1. (call)
Warning[203] E:\DESKTOP\HOC\DA_VXL_VDK\ASSEMBLY\DA_VXL_ASM_GIT\NEWASMTEMPLATE.ASM 379 : Found opcode in column 1. (movlw)
Warning[203] E:\DESKTOP\HOC\DA_VXL_VDK\ASSEMBLY\DA_VXL_ASM_GIT\NEWASMTEMPLATE.ASM 380 : Found opcode in column 1. (call)
Warning[203] E:\DESKTOP\HOC\DA_VXL_VDK\ASSEMBLY\DA_VXL_ASM_GIT\NEWASMTEMPLATE.ASM 381 : Found opcode in column 1. (movlw)
Warning[203] E:\DESKTOP\HOC\DA_VXL_VDK\ASSEMBLY\DA_VXL_ASM_GIT\NEWASMTEMPLATE.ASM 382 : Found opcode in column 1. (call)
Warning[203] E:\DESKTOP\HOC\DA_VXL_VDK\ASSEMBLY\DA_VXL_ASM_GIT\NEWASMTEMPLATE.ASM 383 : Found opcode in column 1. (movlw)
Warning[203] E:\DESKTOP\HOC\DA_VXL_VDK\ASSEMBLY\DA_VXL_ASM_GIT\NEWASMTEMPLATE.ASM 384 : Found opcode in column 1. (call)
Warning[203] E:\DESKTOP\HOC\DA_VXL_VDK\ASSEMBLY\DA_VXL_ASM_GIT\NEWASMTEMPLATE.ASM 385 : Found opcode in column 1. (movlw)
Warning[203] E:\DESKTOP\HOC\DA_VXL_VDK\ASSEMBLY\DA_VXL_ASM_GIT\NEWASMTEMPLATE.ASM 386 : Found opcode in column 1. (call)
Warning[203] E:\DESKTOP\HOC\DA_VXL_VDK\ASSEMBLY\DA_VXL_ASM_GIT\NEWASMTEMPLATE.ASM 387 : Found opcode in column 1. (movlw)
Warning[203] E:\DESKTOP\HOC\DA_VXL_VDK\ASSEMBLY\DA_VXL_ASM_GIT\NEWASMTEMPLATE.ASM 388 : Found opcode in column 1. (call)
Warning[203] E:\DESKTOP\HOC\DA_VXL_VDK\ASSEMBLY\DA_VXL_ASM_GIT\NEWASMTEMPLATE.ASM 389 : Found opcode in column 1. (movlw)
Warning[203] E:\DESKTOP\HOC\DA_VXL_VDK\ASSEMBLY\DA_VXL_ASM_GIT\NEWASMTEMPLATE.ASM 390 : Found opcode in column 1. (call)
Warning[203] E:\DESKTOP\HOC\DA_VXL_VDK\ASSEMBLY\DA_VXL_ASM_GIT\NEWASMTEMPLATE.ASM 391 : Found opcode in column 1. (movlw)
Warning[203] E:\DESKTOP\HOC\DA_VXL_VDK\ASSEMBLY\DA_VXL_ASM_GIT\NEWASMTEMPLATE.ASM 392 : Found opcode in column 1. (call)
Warning[203] E:\DESKTOP\HOC\DA_VXL_VDK\ASSEMBLY\DA_VXL_ASM_GIT\NEWASMTEMPLATE.ASM 393 : Found opcode in column 1. (movlw)
Warning[203] E:\DESKTOP\HOC\DA_VXL_VDK\ASSEMBLY\DA_VXL_ASM_GIT\NEWASMTEMPLATE.ASM 394 : Found opcode in column 1. (call)
Warning[203] E:\DESKTOP\HOC\DA_VXL_VDK\ASSEMBLY\DA_VXL_ASM_GIT\NEWASMTEMPLATE.ASM 395 : Found opcode in column 1. (return)
Warning[203] E:\DESKTOP\HOC\DA_VXL_VDK\ASSEMBLY\DA_VXL_ASM_GIT\NEWASMTEMPLATE.ASM 399 : Found opcode in column 1. (movlw)
Warning[203] E:\DESKTOP\HOC\DA_VXL_VDK\ASSEMBLY\DA_VXL_ASM_GIT\NEWASMTEMPLATE.ASM 400 : Found opcode in column 1. (movwf)
Warning[203] E:\DESKTOP\HOC\DA_VXL_VDK\ASSEMBLY\DA_VXL_ASM_GIT\NEWASMTEMPLATE.ASM 401 : Found opcode in column 1. (movlw)
Warning[203] E:\DESKTOP\HOC\DA_VXL_VDK\ASSEMBLY\DA_VXL_ASM_GIT\NEWASMTEMPLATE.ASM 402 : Found opcode in column 1. (call)
Warning[203] E:\DESKTOP\HOC\DA_VXL_VDK\ASSEMBLY\DA_VXL_ASM_GIT\NEWASMTEMPLATE.ASM 403 : Found opcode in column 1. (movlw)
Warning[203] E:\DESKTOP\HOC\DA_VXL_VDK\ASSEMBLY\DA_VXL_ASM_GIT\NEWASMTEMPLATE.ASM 404 : Found opcode in column 1. (movwf)
Warning[203] E:\DESKTOP\HOC\DA_VXL_VDK\ASSEMBLY\DA_VXL_ASM_GIT\NEWASMTEMPLATE.ASM 405 : Found opcode in column 1. (movlw)
Warning[203] E:\DESKTOP\HOC\DA_VXL_VDK\ASSEMBLY\DA_VXL_ASM_GIT\NEWASMTEMPLATE.ASM 406 : Found opcode in column 1. (movwf)
Warning[203] E:\DESKTOP\HOC\DA_VXL_VDK\ASSEMBLY\DA_VXL_ASM_GIT\NEWASMTEMPLATE.ASM 407 : Found opcode in column 1. (movlw)
Warning[203] E:\DESKTOP\HOC\DA_VXL_VDK\ASSEMBLY\DA_VXL_ASM_GIT\NEWASMTEMPLATE.ASM 408 : Found opcode in column 1. (movwf)
Warning[203] E:\DESKTOP\HOC\DA_VXL_VDK\ASSEMBLY\DA_VXL_ASM_GIT\NEWASMTEMPLATE.ASM 409 : Found opcode in column 1. (movlw)
Warning[203] E:\DESKTOP\HOC\DA_VXL_VDK\ASSEMBLY\DA_VXL_ASM_GIT\NEWASMTEMPLATE.ASM 410 : Found opcode in column 1. (movwf)
Warning[203] E:\DESKTOP\HOC\DA_VXL_VDK\ASSEMBLY\DA_VXL_ASM_GIT\NEWASMTEMPLATE.ASM 411 : Found opcode in column 1. (movlw)
Warning[203] E:\DESKTOP\HOC\DA_VXL_VDK\ASSEMBLY\DA_VXL_ASM_GIT\NEWASMTEMPLATE.ASM 412 : Found opcode in column 1. (call)
Warning[203] E:\DESKTOP\HOC\DA_VXL_VDK\ASSEMBLY\DA_VXL_ASM_GIT\NEWASMTEMPLATE.ASM 413 : Found opcode in column 1. (movlw)
Warning[203] E:\DESKTOP\HOC\DA_VXL_VDK\ASSEMBLY\DA_VXL_ASM_GIT\NEWASMTEMPLATE.ASM 414 : Found opcode in column 1. (call)
Warning[203] E:\DESKTOP\HOC\DA_VXL_VDK\ASSEMBLY\DA_VXL_ASM_GIT\NEWASMTEMPLATE.ASM 415 : Found opcode in column 1. (movlw)
Warning[203] E:\DESKTOP\HOC\DA_VXL_VDK\ASSEMBLY\DA_VXL_ASM_GIT\NEWASMTEMPLATE.ASM 416 : Found opcode in column 1. (call)
Warning[203] E:\DESKTOP\HOC\DA_VXL_VDK\ASSEMBLY\DA_VXL_ASM_GIT\NEWASMTEMPLATE.ASM 417 : Found opcode in column 1. (movlw)
Warning[203] E:\DESKTOP\HOC\DA_VXL_VDK\ASSEMBLY\DA_VXL_ASM_GIT\NEWASMTEMPLATE.ASM 418 : Found opcode in column 1. (call)
Warning[203] E:\DESKTOP\HOC\DA_VXL_VDK\ASSEMBLY\DA_VXL_ASM_GIT\NEWASMTEMPLATE.ASM 419 : Found opcode in column 1. (movlw)
Warning[203] E:\DESKTOP\HOC\DA_VXL_VDK\ASSEMBLY\DA_VXL_ASM_GIT\NEWASMTEMPLATE.ASM 420 : Found opcode in column 1. (call)
Warning[203] E:\DESKTOP\HOC\DA_VXL_VDK\ASSEMBLY\DA_VXL_ASM_GIT\NEWASMTEMPLATE.ASM 421 : Found opcode in column 1. (movlw)
Warning[203] E:\DESKTOP\HOC\DA_VXL_VDK\ASSEMBLY\DA_VXL_ASM_GIT\NEWASMTEMPLATE.ASM 422 : Found opcode in column 1. (call)
Warning[203] E:\DESKTOP\HOC\DA_VXL_VDK\ASSEMBLY\DA_VXL_ASM_GIT\NEWASMTEMPLATE.ASM 423 : Found opcode in column 1. (movlw)
Warning[203] E:\DESKTOP\HOC\DA_VXL_VDK\ASSEMBLY\DA_VXL_ASM_GIT\NEWASMTEMPLATE.ASM 424 : Found opcode in column 1. (call)
Warning[203] E:\DESKTOP\HOC\DA_VXL_VDK\ASSEMBLY\DA_VXL_ASM_GIT\NEWASMTEMPLATE.ASM 425 : Found opcode in column 1. (movlw)
Warning[203] E:\DESKTOP\HOC\DA_VXL_VDK\ASSEMBLY\DA_VXL_ASM_GIT\NEWASMTEMPLATE.ASM 426 : Found opcode in column 1. (call)
Warning[203] E:\DESKTOP\HOC\DA_VXL_VDK\ASSEMBLY\DA_VXL_ASM_GIT\NEWASMTEMPLATE.ASM 427 : Found opcode in column 1. (movlw)
Warning[203] E:\DESKTOP\HOC\DA_VXL_VDK\ASSEMBLY\DA_VXL_ASM_GIT\NEWASMTEMPLATE.ASM 428 : Found opcode in column 1. (call)
Warning[203] E:\DESKTOP\HOC\DA_VXL_VDK\ASSEMBLY\DA_VXL_ASM_GIT\NEWASMTEMPLATE.ASM 429 : Found opcode in column 1. (movlw)
Warning[203] E:\DESKTOP\HOC\DA_VXL_VDK\ASSEMBLY\DA_VXL_ASM_GIT\NEWASMTEMPLATE.ASM 430 : Found opcode in column 1. (call)
Warning[203] E:\DESKTOP\HOC\DA_VXL_VDK\ASSEMBLY\DA_VXL_ASM_GIT\NEWASMTEMPLATE.ASM 431 : Found opcode in column 1. (movlw)
Warning[203] E:\DESKTOP\HOC\DA_VXL_VDK\ASSEMBLY\DA_VXL_ASM_GIT\NEWASMTEMPLATE.ASM 432 : Found opcode in column 1. (call)
Warning[203] E:\DESKTOP\HOC\DA_VXL_VDK\ASSEMBLY\DA_VXL_ASM_GIT\NEWASMTEMPLATE.ASM 433 : Found opcode in column 1. (movlw)
Warning[203] E:\DESKTOP\HOC\DA_VXL_VDK\ASSEMBLY\DA_VXL_ASM_GIT\NEWASMTEMPLATE.ASM 434 : Found opcode in column 1. (call)
Warning[203] E:\DESKTOP\HOC\DA_VXL_VDK\ASSEMBLY\DA_VXL_ASM_GIT\NEWASMTEMPLATE.ASM 435 : Found opcode in column 1. (return)
Warning[203] E:\DESKTOP\HOC\DA_VXL_VDK\ASSEMBLY\DA_VXL_ASM_GIT\NEWASMTEMPLATE.ASM 438 : Found opcode in column 1. (movlw)
Warning[203] E:\DESKTOP\HOC\DA_VXL_VDK\ASSEMBLY\DA_VXL_ASM_GIT\NEWASMTEMPLATE.ASM 439 : Found opcode in column 1. (movwf)
Warning[203] E:\DESKTOP\HOC\DA_VXL_VDK\ASSEMBLY\DA_VXL_ASM_GIT\NEWASMTEMPLATE.ASM 440 : Found opcode in column 1. (movlw)
Warning[203] E:\DESKTOP\HOC\DA_VXL_VDK\ASSEMBLY\DA_VXL_ASM_GIT\NEWASMTEMPLATE.ASM 441 : Found opcode in column 1. (call)
Warning[203] E:\DESKTOP\HOC\DA_VXL_VDK\ASSEMBLY\DA_VXL_ASM_GIT\NEWASMTEMPLATE.ASM 442 : Found opcode in column 1. (movlw)
Warning[203] E:\DESKTOP\HOC\DA_VXL_VDK\ASSEMBLY\DA_VXL_ASM_GIT\NEWASMTEMPLATE.ASM 443 : Found opcode in column 1. (movwf)
Warning[203] E:\DESKTOP\HOC\DA_VXL_VDK\ASSEMBLY\DA_VXL_ASM_GIT\NEWASMTEMPLATE.ASM 444 : Found opcode in column 1. (movlw)
Warning[203] E:\DESKTOP\HOC\DA_VXL_VDK\ASSEMBLY\DA_VXL_ASM_GIT\NEWASMTEMPLATE.ASM 445 : Found opcode in column 1. (movwf)
Warning[203] E:\DESKTOP\HOC\DA_VXL_VDK\ASSEMBLY\DA_VXL_ASM_GIT\NEWASMTEMPLATE.ASM 446 : Found opcode in column 1. (movlw)
Warning[203] E:\DESKTOP\HOC\DA_VXL_VDK\ASSEMBLY\DA_VXL_ASM_GIT\NEWASMTEMPLATE.ASM 447 : Found opcode in column 1. (movwf)
Warning[203] E:\DESKTOP\HOC\DA_VXL_VDK\ASSEMBLY\DA_VXL_ASM_GIT\NEWASMTEMPLATE.ASM 448 : Found opcode in column 1. (movlw)
Warning[203] E:\DESKTOP\HOC\DA_VXL_VDK\ASSEMBLY\DA_VXL_ASM_GIT\NEWASMTEMPLATE.ASM 449 : Found opcode in column 1. (movwf)
Warning[203] E:\DESKTOP\HOC\DA_VXL_VDK\ASSEMBLY\DA_VXL_ASM_GIT\NEWASMTEMPLATE.ASM 450 : Found opcode in column 1. (movlw)
Warning[203] E:\DESKTOP\HOC\DA_VXL_VDK\ASSEMBLY\DA_VXL_ASM_GIT\NEWASMTEMPLATE.ASM 451 : Found opcode in column 1. (call)
Warning[203] E:\DESKTOP\HOC\DA_VXL_VDK\ASSEMBLY\DA_VXL_ASM_GIT\NEWASMTEMPLATE.ASM 452 : Found opcode in column 1. (movlw)
Warning[203] E:\DESKTOP\HOC\DA_VXL_VDK\ASSEMBLY\DA_VXL_ASM_GIT\NEWASMTEMPLATE.ASM 453 : Found opcode in column 1. (call)
Warning[203] E:\DESKTOP\HOC\DA_VXL_VDK\ASSEMBLY\DA_VXL_ASM_GIT\NEWASMTEMPLATE.ASM 454 : Found opcode in column 1. (movlw)
Warning[203] E:\DESKTOP\HOC\DA_VXL_VDK\ASSEMBLY\DA_VXL_ASM_GIT\NEWASMTEMPLATE.ASM 455 : Found opcode in column 1. (call)
Warning[203] E:\DESKTOP\HOC\DA_VXL_VDK\ASSEMBLY\DA_VXL_ASM_GIT\NEWASMTEMPLATE.ASM 456 : Found opcode in column 1. (movlw)
Warning[203] E:\DESKTOP\HOC\DA_VXL_VDK\ASSEMBLY\DA_VXL_ASM_GIT\NEWASMTEMPLATE.ASM 457 : Found opcode in column 1. (call)
Warning[203] E:\DESKTOP\HOC\DA_VXL_VDK\ASSEMBLY\DA_VXL_ASM_GIT\NEWASMTEMPLATE.ASM 458 : Found opcode in column 1. (movlw)
Warning[203] E:\DESKTOP\HOC\DA_VXL_VDK\ASSEMBLY\DA_VXL_ASM_GIT\NEWASMTEMPLATE.ASM 459 : Found opcode in column 1. (call)
Warning[203] E:\DESKTOP\HOC\DA_VXL_VDK\ASSEMBLY\DA_VXL_ASM_GIT\NEWASMTEMPLATE.ASM 460 : Found opcode in column 1. (movlw)
Warning[203] E:\DESKTOP\HOC\DA_VXL_VDK\ASSEMBLY\DA_VXL_ASM_GIT\NEWASMTEMPLATE.ASM 461 : Found opcode in column 1. (call)
Warning[203] E:\DESKTOP\HOC\DA_VXL_VDK\ASSEMBLY\DA_VXL_ASM_GIT\NEWASMTEMPLATE.ASM 462 : Found opcode in column 1. (movlw)
Warning[203] E:\DESKTOP\HOC\DA_VXL_VDK\ASSEMBLY\DA_VXL_ASM_GIT\NEWASMTEMPLATE.ASM 463 : Found opcode in column 1. (call)
Warning[203] E:\DESKTOP\HOC\DA_VXL_VDK\ASSEMBLY\DA_VXL_ASM_GIT\NEWASMTEMPLATE.ASM 464 : Found opcode in column 1. (movlw)
Warning[203] E:\DESKTOP\HOC\DA_VXL_VDK\ASSEMBLY\DA_VXL_ASM_GIT\NEWASMTEMPLATE.ASM 465 : Found opcode in column 1. (call)
Warning[203] E:\DESKTOP\HOC\DA_VXL_VDK\ASSEMBLY\DA_VXL_ASM_GIT\NEWASMTEMPLATE.ASM 466 : Found opcode in column 1. (movlw)
Warning[203] E:\DESKTOP\HOC\DA_VXL_VDK\ASSEMBLY\DA_VXL_ASM_GIT\NEWASMTEMPLATE.ASM 467 : Found opcode in column 1. (call)
Warning[203] E:\DESKTOP\HOC\DA_VXL_VDK\ASSEMBLY\DA_VXL_ASM_GIT\NEWASMTEMPLATE.ASM 468 : Found opcode in column 1. (movlw)
Warning[203] E:\DESKTOP\HOC\DA_VXL_VDK\ASSEMBLY\DA_VXL_ASM_GIT\NEWASMTEMPLATE.ASM 469 : Found opcode in column 1. (call)
Warning[203] E:\DESKTOP\HOC\DA_VXL_VDK\ASSEMBLY\DA_VXL_ASM_GIT\NEWASMTEMPLATE.ASM 470 : Found opcode in column 1. (movlw)
Warning[203] E:\DESKTOP\HOC\DA_VXL_VDK\ASSEMBLY\DA_VXL_ASM_GIT\NEWASMTEMPLATE.ASM 471 : Found opcode in column 1. (call)
Warning[203] E:\DESKTOP\HOC\DA_VXL_VDK\ASSEMBLY\DA_VXL_ASM_GIT\NEWASMTEMPLATE.ASM 472 : Found opcode in column 1. (movlw)
Warning[203] E:\DESKTOP\HOC\DA_VXL_VDK\ASSEMBLY\DA_VXL_ASM_GIT\NEWASMTEMPLATE.ASM 473 : Found opcode in column 1. (call)
Warning[203] E:\DESKTOP\HOC\DA_VXL_VDK\ASSEMBLY\DA_VXL_ASM_GIT\NEWASMTEMPLATE.ASM 474 : Found opcode in column 1. (return)
Warning[203] E:\DESKTOP\HOC\DA_VXL_VDK\ASSEMBLY\DA_VXL_ASM_GIT\NEWASMTEMPLATE.ASM 479 : Found opcode in column 1. (bcf)
Warning[203] E:\DESKTOP\HOC\DA_VXL_VDK\ASSEMBLY\DA_VXL_ASM_GIT\NEWASMTEMPLATE.ASM 480 : Found opcode in column 1. (bsf)
Warning[203] E:\DESKTOP\HOC\DA_VXL_VDK\ASSEMBLY\DA_VXL_ASM_GIT\NEWASMTEMPLATE.ASM 481 : Found opcode in column 1. (movwf)
Warning[203] E:\DESKTOP\HOC\DA_VXL_VDK\ASSEMBLY\DA_VXL_ASM_GIT\NEWASMTEMPLATE.ASM 482 : Found opcode in column 1. (call)
Warning[203] E:\DESKTOP\HOC\DA_VXL_VDK\ASSEMBLY\DA_VXL_ASM_GIT\NEWASMTEMPLATE.ASM 483 : Found opcode in column 1. (return)
Warning[203] E:\DESKTOP\HOC\DA_VXL_VDK\ASSEMBLY\DA_VXL_ASM_GIT\NEWASMTEMPLATE.ASM 487 : Found opcode in column 1. (bcf)
Warning[203] E:\DESKTOP\HOC\DA_VXL_VDK\ASSEMBLY\DA_VXL_ASM_GIT\NEWASMTEMPLATE.ASM 488 : Found opcode in column 1. (bcf)
Warning[203] E:\DESKTOP\HOC\DA_VXL_VDK\ASSEMBLY\DA_VXL_ASM_GIT\NEWASMTEMPLATE.ASM 489 : Found opcode in column 1. (movwf)
Warning[203] E:\DESKTOP\HOC\DA_VXL_VDK\ASSEMBLY\DA_VXL_ASM_GIT\NEWASMTEMPLATE.ASM 490 : Found opcode in column 1. (call)
Warning[203] E:\DESKTOP\HOC\DA_VXL_VDK\ASSEMBLY\DA_VXL_ASM_GIT\NEWASMTEMPLATE.ASM 491 : Found opcode in column 1. (return)
Warning[203] E:\DESKTOP\HOC\DA_VXL_VDK\ASSEMBLY\DA_VXL_ASM_GIT\NEWASMTEMPLATE.ASM 495 : Found opcode in column 1. (bsf)
Warning[203] E:\DESKTOP\HOC\DA_VXL_VDK\ASSEMBLY\DA_VXL_ASM_GIT\NEWASMTEMPLATE.ASM 496 : Found opcode in column 1. (call)
Warning[203] E:\DESKTOP\HOC\DA_VXL_VDK\ASSEMBLY\DA_VXL_ASM_GIT\NEWASMTEMPLATE.ASM 497 : Found opcode in column 1. (call)
Warning[203] E:\DESKTOP\HOC\DA_VXL_VDK\ASSEMBLY\DA_VXL_ASM_GIT\NEWASMTEMPLATE.ASM 498 : Found opcode in column 1. (bcf)
Warning[203] E:\DESKTOP\HOC\DA_VXL_VDK\ASSEMBLY\DA_VXL_ASM_GIT\NEWASMTEMPLATE.ASM 499 : Found opcode in column 1. (call)
Warning[203] E:\DESKTOP\HOC\DA_VXL_VDK\ASSEMBLY\DA_VXL_ASM_GIT\NEWASMTEMPLATE.ASM 500 : Found opcode in column 1. (call)
Warning[203] E:\DESKTOP\HOC\DA_VXL_VDK\ASSEMBLY\DA_VXL_ASM_GIT\NEWASMTEMPLATE.ASM 501 : Found opcode in column 1. (call)
Warning[203] E:\DESKTOP\HOC\DA_VXL_VDK\ASSEMBLY\DA_VXL_ASM_GIT\NEWASMTEMPLATE.ASM 502 : Found opcode in column 1. (call)
Warning[203] E:\DESKTOP\HOC\DA_VXL_VDK\ASSEMBLY\DA_VXL_ASM_GIT\NEWASMTEMPLATE.ASM 503 : Found opcode in column 1. (call)
Warning[203] E:\DESKTOP\HOC\DA_VXL_VDK\ASSEMBLY\DA_VXL_ASM_GIT\NEWASMTEMPLATE.ASM 504 : Found opcode in column 1. (call)
Warning[203] E:\DESKTOP\HOC\DA_VXL_VDK\ASSEMBLY\DA_VXL_ASM_GIT\NEWASMTEMPLATE.ASM 505 : Found opcode in column 1. (return)
Warning[203] E:\DESKTOP\HOC\DA_VXL_VDK\ASSEMBLY\DA_VXL_ASM_GIT\NEWASMTEMPLATE.ASM 509 : Found opcode in column 1. (movlw)
Warning[203] E:\DESKTOP\HOC\DA_VXL_VDK\ASSEMBLY\DA_VXL_ASM_GIT\NEWASMTEMPLATE.ASM 510 : Found opcode in column 1. (movwf)
Warning[203] E:\DESKTOP\HOC\DA_VXL_VDK\ASSEMBLY\DA_VXL_ASM_GIT\NEWASMTEMPLATE.ASM 512 : Found opcode in column 1. (nop)
Warning[203] E:\DESKTOP\HOC\DA_VXL_VDK\ASSEMBLY\DA_VXL_ASM_GIT\NEWASMTEMPLATE.ASM 513 : Found opcode in column 1. (decfsz)
Warning[203] E:\DESKTOP\HOC\DA_VXL_VDK\ASSEMBLY\DA_VXL_ASM_GIT\NEWASMTEMPLATE.ASM 514 : Found opcode in column 1. (goto)
Warning[203] E:\DESKTOP\HOC\DA_VXL_VDK\ASSEMBLY\DA_VXL_ASM_GIT\NEWASMTEMPLATE.ASM 515 : Found opcode in column 1. (RETURN)
Warning[203] E:\DESKTOP\HOC\DA_VXL_VDK\ASSEMBLY\DA_VXL_ASM_GIT\NEWASMTEMPLATE.ASM 519 : Found opcode in column 1. (movlw)
Warning[203] E:\DESKTOP\HOC\DA_VXL_VDK\ASSEMBLY\DA_VXL_ASM_GIT\NEWASMTEMPLATE.ASM 520 : Found opcode in column 1. (movwf)
Warning[203] E:\DESKTOP\HOC\DA_VXL_VDK\ASSEMBLY\DA_VXL_ASM_GIT\NEWASMTEMPLATE.ASM 522 : Found opcode in column 1. (call)
Warning[203] E:\DESKTOP\HOC\DA_VXL_VDK\ASSEMBLY\DA_VXL_ASM_GIT\NEWASMTEMPLATE.ASM 523 : Found opcode in column 1. (decfsz)
Warning[203] E:\DESKTOP\HOC\DA_VXL_VDK\ASSEMBLY\DA_VXL_ASM_GIT\NEWASMTEMPLATE.ASM 524 : Found opcode in column 1. (goto)
Warning[203] E:\DESKTOP\HOC\DA_VXL_VDK\ASSEMBLY\DA_VXL_ASM_GIT\NEWASMTEMPLATE.ASM 525 : Found opcode in column 1. (RETURN)
Warning[205] E:\DESKTOP\HOC\DA_VXL_VDK\ASSEMBLY\DA_VXL_ASM_GIT\NEWASMTEMPLATE.ASM 527 : Found directive in column 1. (end)
