MPASM 5.54                NEWASMTEMPLATE.ASM   5-10-2021  16:53:53         PAGE  1


LOC  OBJECT CODE     LINE SOURCE TEXT
  VALUE

Warning[205]: Found directive in column 1. (PROCESSOR)
                      00001 PROCESSOR pic18f4520
                      00002 #INCLUDE <p18F4520.INC>
                      00001         LIST
                      00002 
                      00003 ;==========================================================================
                      00004 ;  MPASM PIC18F4520 processor include
                      00005 ; 
                      00006 ;  (c) Copyright 1999-2013 Microchip Technology, All rights reserved
                      00007 ;==========================================================================
                      00008 
                      01488         LIST
                      00003 
                      00004 ; CONFIG1H
                      00005   CONFIG  OSC = RCIO6           ; Oscillator Selection bits (External RC oscillator, port function on RA
                            6)
                      00006   CONFIG  FCMEN = OFF           ; Fail-Safe Clock Monitor Enable bit (Fail-Safe Clock Monitor disabled)
                      00007   CONFIG  IESO = OFF            ; Internal/External Oscillator Switchover bit (Oscillator Switchover mod
                            e disabled)
                      00008 
                      00009 ; CONFIG2L
                      00010   CONFIG  PWRT = OFF            ; Power-up Timer Enable bit (PWRT disabled)
                      00011   CONFIG  BOREN = SBORDIS       ; Brown-out Reset Enable bits (Brown-out Reset enabled in hardware only 
                            (SBOREN is disabled))
                      00012   CONFIG  BORV = 3              ; Brown Out Reset Voltage bits (Minimum setting)
                      00013 
                      00014 ; CONFIG2H
                      00015   CONFIG  WDT = OFF             ; Watchdog Timer Enable bit (WDT disabled (control is placed on the SWDT
                            EN bit))
                      00016   CONFIG  WDTPS = 32768         ; Watchdog Timer Postscale Select bits (1:32768)
                      00017 
                      00018 ; CONFIG3H
                      00019   CONFIG  CCP2MX = PORTC        ; CCP2 MUX bit (CCP2 input/output is multiplexed with RC1)
                      00020   CONFIG  PBADEN = OFF          ; PORTB A/D Enable bit (PORTB<4:0> pins are configured as digital I/O on
                             Reset)
                      00021   CONFIG  LPT1OSC = OFF         ; Low-Power Timer1 Oscillator Enable bit (Timer1 configured for higher p
                            ower operation)
                      00022   CONFIG  MCLRE = OFF           ; MCLR Pin Enable bit (RE3 input pin enabled; MCLR disabled)
                      00023 
                      00024 ; CONFIG4L
                      00025   CONFIG  STVREN = OFF          ; Stack Full/Underflow Reset Enable bit (Stack full/underflow will not c
                            ause Reset)
                      00026   CONFIG  LVP = OFF             ; Single-Supply ICSP Enable bit (Single-Supply ICSP disabled)
                      00027   CONFIG  XINST = OFF           ; Extended Instruction Set Enable bit (Instruction set extension and Ind
                            exed Addressing mode disabled (Legacy mode))
                      00028 
                      00029 ; CONFIG5L
                      00030   CONFIG  CP0 = OFF             ; Code Protection bit (Block 0 (000800-001FFFh) not code-protected)
                      00031   CONFIG  CP1 = OFF             ; Code Protection bit (Block 1 (002000-003FFFh) not code-protected)
                      00032   CONFIG  CP2 = OFF             ; Code Protection bit (Block 2 (004000-005FFFh) not code-protected)
                      00033   CONFIG  CP3 = OFF             ; Code Protection bit (Block 3 (006000-007FFFh) not code-protected)
                      00034 
                      00035 ; CONFIG5H
MPASM 5.54                NEWASMTEMPLATE.ASM   5-10-2021  16:53:53         PAGE  2


LOC  OBJECT CODE     LINE SOURCE TEXT
  VALUE

                      00036   CONFIG  CPB = OFF             ; Boot Block Code Protection bit (Boot block (000000-0007FFh) not code-p
                            rotected)
                      00037   CONFIG  CPD = OFF             ; Data EEPROM Code Protection bit (Data EEPROM not code-protected)
                      00038 
                      00039 ; CONFIG6L
                      00040   CONFIG  WRT0 = OFF            ; Write Protection bit (Block 0 (000800-001FFFh) not write-protected)
                      00041   CONFIG  WRT1 = OFF            ; Write Protection bit (Block 1 (002000-003FFFh) not write-protected)
                      00042   CONFIG  WRT2 = OFF            ; Write Protection bit (Block 2 (004000-005FFFh) not write-protected)
                      00043   CONFIG  WRT3 = OFF            ; Write Protection bit (Block 3 (006000-007FFFh) not write-protected)
                      00044 
                      00045 ; CONFIG6H
                      00046   CONFIG  WRTC = OFF            ; Configuration Register Write Protection bit (Configuration registers (
                            300000-3000FFh) not write-protected)
                      00047   CONFIG  WRTB = OFF            ; Boot Block Write Protection bit (Boot block (000000-0007FFh) not write
                            -protected)
                      00048   CONFIG  WRTD = OFF            ; Data EEPROM Write Protection bit (Data EEPROM not write-protected)
                      00049 
                      00050 ; CONFIG7L
                      00051   CONFIG  EBTR0 = OFF           ; Table Read Protection bit (Block 0 (000800-001FFFh) not protected from
                             table reads executed in other blocks)
                      00052   CONFIG  EBTR1 = OFF           ; Table Read Protection bit (Block 1 (002000-003FFFh) not protected from
                             table reads executed in other blocks)
                      00053   CONFIG  EBTR2 = OFF           ; Table Read Protection bit (Block 2 (004000-005FFFh) not protected from
                             table reads executed in other blocks)
                      00054   CONFIG  EBTR3 = OFF           ; Table Read Protection bit (Block 3 (006000-007FFFh) not protected from
                             table reads executed in other blocks)
                      00055 
                      00056 ; CONFIG7H
                      00057   CONFIG  EBTRB = OFF           ; Boot Block Table Read Protection bit (Boot block (000000-0007FFh) not 
                            protected from table reads executed in other blocks)
                      00058 
  0000000E            00059 W_TEMP equ 0x0e
  0000000F            00060 STATUS_TEMP equ 0x0f
  0000000C            00061 BSR_TEMP equ 0x0c
Warning[205]: Found directive in column 1. (cblock)
                      00062 cblock 0x40
  00000040            00063 dulieu                          ;0x40
  00000041            00064 muc
  00000042            00065 muc_temp
  00000043            00066 vong
  00000044            00067 vong2
  00000045            00068 cntH
  00000046            00069 cntL
  00000047            00070 hesoH
  00000048            00071 hesoL
  00000049            00072 rate0
  0000004A            00073 rate1
  0000004B            00074 rate2
  0000004C            00075 rate3
  0000004D            00076 TOCDO               ;
  0000004E            00077 TUSO
  0000004F            00078 NHO1
  00000050            00079 NHO2                ;
MPASM 5.54                NEWASMTEMPLATE.ASM   5-10-2021  16:53:53         PAGE  3


LOC  OBJECT CODE     LINE SOURCE TEXT
  VALUE

  00000051            00080 TRAM
  00000052            00081 CHUC
  00000053            00082 DONVI               ;
  00000054            00083 THUONGSO
Warning[205]: Found directive in column 1. (ENDC)
                      00084 endc
                      00085 #define RS PORTC,5
                      00086 #define RW PORTC,6
                      00087 #define E  PORTC,7
                      00088 
                      00089 
Warning[205]: Found directive in column 1. (org)
                      00090 org 0x00
Warning[203]: Found opcode in column 1. (goto)
000000 EF?? F???      00091 goto main
                      00092 
                      00093 
Warning[205]: Found directive in column 1. (org)
                      00094 org 0x08
Warning[203]: Found opcode in column 1. (MOVWF)
000008 6E0E           00095 MOVWF W_TEMP ; W_TEMP is in virtual bank
Warning[203]: Found opcode in column 1. (MOVFF)
00000A CFD8 F00F      00096 MOVFF STATUS, STATUS_TEMP ; STATUS_TEMP located anywhere
Warning[203]: Found opcode in column 1. (MOVFF)
00000E CFE0 F00C      00097 MOVFF BSR, BSR_TEMP ; BSR_TMEP located anywhere
                      00098 ;
Warning[203]: Found opcode in column 1. (btfss)
000012 A881           00099 btfss PORTB,4               ;skip if set
Warning[203]: Found opcode in column 1. (call)
000014 EC?? F???      00100 call start
Warning[203]: Found opcode in column 1. (btfss)
000018 AA81           00101 btfss PORTB,5               ;skip if set
Warning[203]: Found opcode in column 1. (call)
00001A EC?? F???      00102 call Up
Warning[203]: Found opcode in column 1. (btfss)
00001E AC81           00103 btfss PORTB,6
Warning[203]: Found opcode in column 1. (call)
000020 EC?? F???      00104 call Down
                      00105 ;
Warning[203]: Found opcode in column 1. (MOVFF)
000024 C00C FFE0      00106 MOVFF BSR_TEMP, BSR ; Restore BSR
Warning[203]: Found opcode in column 1. (MOVF)
000028 500E           00107 MOVF W_TEMP, W ; Restore WREG
Warning[203]: Found opcode in column 1. (MOVFF)
00002A C00F FFD8      00108 MOVFF STATUS_TEMP, STATUS ; Restore STATUS
Warning[203]: Found opcode in column 1. (call)
00002E EC?? F???      00109 call delay2                 ;cho nut nhan on dinh
Warning[203]: Found opcode in column 1. (bcf)
000032 90F2           00110 bcf INTCON,0                ;xoa co ngat
Warning[203]: Found opcode in column 1. (RETFIE)
000034 0010           00111 RETFIE                      ;The ?return from interrupt? instruction, RETFIE, exits
                      00112                             ;the interrupt routine and sets the GIE bit (GIEH or GIEL
                      00113                             ;if priority levels are used), which re-enables interrupts
MPASM 5.54                NEWASMTEMPLATE.ASM   5-10-2021  16:53:53         PAGE  4


LOC  OBJECT CODE     LINE SOURCE TEXT
  VALUE

                      00114 
                      00115 
Warning[205]: Found directive in column 1. (org)
                      00116 org 0x100
000100                00117 main
Warning[203]: Found opcode in column 1. (clrf)
000100 6A94           00118 clrf TRISC
Warning[203]: Found opcode in column 1. (bsf)
000102 8094           00119 bsf TRISC,0
Warning[203]: Found opcode in column 1. (clrf)
000104 6A95           00120 clrf TRISD                  ;portD output
Warning[203]: Found opcode in column 1. (movlw)
000106 0EFF           00121 movlw 0xff
Warning[203]: Found opcode in column 1. (movwf)
000108 6E93           00122 movwf TRISB                 ;portB input
Warning[203]: Found opcode in column 1. (movlw)
00010A 0E00           00123 movlw 0x00
Warning[203]: Found opcode in column 1. (movwf)
00010C 6E83           00124 movwf PORTD
                      00125 ;Interrupt_configuration
Warning[203]: Found opcode in column 1. (movlw)
00010E 0E88           00126 movlw 0x88
Warning[203]: Found opcode in column 1. (movwf)
000110 6EF2           00127 movwf INTCON                ;intcon = 0x88
Warning[203]: Found opcode in column 1. (bsf)
000112 82F1           00128 bsf INTCON2,1               ;RBIP = 1, high priority interrupt PortB
                      00129 ;lm298_configuration
Warning[203]: Found opcode in column 1. (bsf)
000114 8882           00130 bsf PORTC, 4                ;ENA = ENB = 5v
Warning[203]: Found opcode in column 1. (bcf)
000116 9682           00131 bcf PORTC, 3                ;IN2 = 0
                      00132 ;Timer 1 config-counter doc xung
Warning[203]: Found opcode in column 1. (movlw)
000118 0E03           00133 movlw 0x03
Warning[203]: Found opcode in column 1. (movwf)
00011A 6ECD           00134 movwf T1CON
Warning[203]: Found opcode in column 1. (movlw)
00011C 0E00           00135 movlw 0x00
Warning[203]: Found opcode in column 1. (movwf)
00011E 6ECE           00136 movwf TMR1L
Warning[203]: Found opcode in column 1. (movlw)
000120 0E00           00137 movlw 0x00
Warning[203]: Found opcode in column 1. (movwf)
000122 6ECF           00138 movwf TMR1H
                      00139 ;khoi tao lcd
Warning[203]: Found opcode in column 1. (movlw)
000124 0E38           00140 movlw 0x38                  ;Mode8bit2line
Warning[203]: Found opcode in column 1. (call)
000126 EC?? F???      00141 call ghi_lenh
Warning[203]: Found opcode in column 1. (movlw)
00012A 0E0C           00142 movlw 0x0c                  ;DisplayOn
Warning[203]: Found opcode in column 1. (call)
00012C EC?? F???      00143 call ghi_lenh
MPASM 5.54                NEWASMTEMPLATE.ASM   5-10-2021  16:53:53         PAGE  5


LOC  OBJECT CODE     LINE SOURCE TEXT
  VALUE

Warning[203]: Found opcode in column 1. (movlw)
000130 0E01           00144 movlw 0x01                  ;clear lcd
Warning[203]: Found opcode in column 1. (call)
000132 EC?? F???      00145 call ghi_lenh
Warning[203]: Found opcode in column 1. (call)
000136 EC?? F???      00146 call muc_0
Warning[203]: Found opcode in column 1. (movff)
00013A C042 F041      00147 movff muc_temp, muc
00013E                00148 loop
                      00149 ;doc xung ve tren encoder trên xung rc0
Warning[203]: Found opcode in column 1. (clrf)
00013E 6ACE           00150 clrf TMR1L
Warning[203]: Found opcode in column 1. (clrf)
000140 6ACF           00151 clrf TMR1H
                      00152 ;delay 1s
Warning[203]: Found opcode in column 1. (call)
000142 EC?? F???      00153 call delay2
Warning[203]: Found opcode in column 1. (call)
000146 EC?? F???      00154 call delay2
Warning[203]: Found opcode in column 1. (call)
00014A EC?? F???      00155 call delay2
Warning[203]: Found opcode in column 1. (call)
00014E EC?? F???      00156 call delay2
Warning[203]: Found opcode in column 1. (call)
000152 EC?? F???      00157 call delay2
Warning[203]: Found opcode in column 1. (call)
000156 EC?? F???      00158 call delay2
Warning[203]: Found opcode in column 1. (call)
00015A EC?? F???      00159 call delay2
Warning[203]: Found opcode in column 1. (call)
00015E EC?? F???      00160 call delay2
Warning[203]: Found opcode in column 1. (call)
000162 EC?? F???      00161 call delay2
Warning[203]: Found opcode in column 1. (call)
000166 EC?? F???      00162 call delay2
Warning[203]: Found opcode in column 1. (movff)
00016A CFCE F046      00163 movff TMR1L, cntL
Warning[203]: Found opcode in column 1. (movff)
00016E CFCF F045      00164 movff TMR1H, cntH
Warning[203]: Found opcode in column 1. (movlw)
000172 0EC0           00165 movlw 0xc0              ;xuong hang 2
Warning[203]: Found opcode in column 1. (call)
000174 EC?? F???      00166 call ghi_lenh
Warning[203]: Found opcode in column 1. (call)
000178 EC?? F???      00167 call tinh_toc_do
Warning[203]: Found opcode in column 1. (MOVF)
00017C 504A           00168 MOVF rate1, W
Warning[203]: Found opcode in column 1. (MOVWF)
00017E 6E4D           00169 MOVWF TOCDO
Warning[203]: Found opcode in column 1. (MOVFF)
000180 C04D F04E      00170 MOVFF   TOCDO, TUSO     ; TUSO = TOCDO
Warning[203]: Found opcode in column 1. (CLRF)
000184 6A4F           00171 CLRF            NHO1
MPASM 5.54                NEWASMTEMPLATE.ASM   5-10-2021  16:53:53         PAGE  6


LOC  OBJECT CODE     LINE SOURCE TEXT
  VALUE

Warning[203]: Found opcode in column 1. (CLRF)
000186 6A50           00172 CLRF            NHO2
Warning[203]: Found opcode in column 1. (CLRF)
000188 6A51           00173 CLRF            TRAM
Warning[203]: Found opcode in column 1. (CLRF)
00018A 6A52           00174 CLRF            CHUC
Warning[203]: Found opcode in column 1. (CLRF)
00018C 6A53           00175 CLRF            DONVI
Warning[203]: Found opcode in column 1. (CLRF)
00018E 6A54           00176 CLRF            THUONGSO
Warning[203]: Found opcode in column 1. (CALL)
000190 EC?? F???      00177 CALL            CHUYENDOITRAM
Warning[203]: Found opcode in column 1. (MOVF)
000194 5054           00178 MOVF            THUONGSO, W
Warning[203]: Found opcode in column 1. (ADDLW)
000196 0F30           00179 ADDLW   0X30
Warning[203]: Found opcode in column 1. (MOVWF)
000198 6E51           00180 MOVWF   TRAM
Warning[203]: Found opcode in column 1. (movf)
00019A 5051           00181 movf    TRAM, W
Warning[203]: Found opcode in column 1. (call)
00019C EC?? F???      00182 call ghi_dulieu
Warning[203]: Found opcode in column 1. (CLRF)
0001A0 6A54           00183 CLRF            THUONGSO
Warning[203]: Found opcode in column 1. (CALL)
0001A2 EC?? F???      00184 CALL            CHUYENDOICHUC
Warning[203]: Found opcode in column 1. (MOVF)
0001A6 5054           00185 MOVF            THUONGSO, W
Warning[203]: Found opcode in column 1. (ADDLW)
0001A8 0F30           00186 ADDLW   0X30
Warning[203]: Found opcode in column 1. (MOVWF)
0001AA 6E52           00187 MOVWF   CHUC
Warning[203]: Found opcode in column 1. (movf)
0001AC 5052           00188 movf CHUC, W
Warning[203]: Found opcode in column 1. (call)
0001AE EC?? F???      00189 call ghi_dulieu
Warning[203]: Found opcode in column 1. (MOVF)
0001B2 5050           00190 MOVF            NHO2, W
Warning[203]: Found opcode in column 1. (ADDLW)
0001B4 0F30           00191 ADDLW   0X30
Warning[203]: Found opcode in column 1. (MOVWF)
0001B6 6E53           00192 MOVWF   DONVI
Warning[203]: Found opcode in column 1. (movf)
0001B8 5053           00193 movf    DONVI, W
Warning[203]: Found opcode in column 1. (call)
0001BA EC?? F???      00194 call ghi_dulieu
Warning[203]: Found opcode in column 1. (movlw)
0001BE 0E20           00195 movlw ' '
Warning[203]: Found opcode in column 1. (call)
0001C0 EC?? F???      00196 call ghi_dulieu
Warning[203]: Found opcode in column 1. (movlw)
0001C4 0E72           00197 movlw 'r'
Warning[203]: Found opcode in column 1. (call)
MPASM 5.54                NEWASMTEMPLATE.ASM   5-10-2021  16:53:53         PAGE  7


LOC  OBJECT CODE     LINE SOURCE TEXT
  VALUE

0001C6 EC?? F???      00198 call ghi_dulieu
Warning[203]: Found opcode in column 1. (movlw)
0001CA 0E70           00199 movlw 'p'
Warning[203]: Found opcode in column 1. (call)
0001CC EC?? F???      00200 call ghi_dulieu
Warning[203]: Found opcode in column 1. (movlw)
0001D0 0E6D           00201 movlw 'm'
Warning[203]: Found opcode in column 1. (call)
0001D2 EC?? F???      00202 call ghi_dulieu
Warning[203]: Found opcode in column 1. (goto)
0001D6 EF?? F???      00203 goto loop
                      00204 
                      00205 
0001DA                00206 tinh_toc_do                 ;(cntH<<8 | cntL)*60/374*2^8 = (cntH<<8 | cntL)*41
Warning[203]: Found opcode in column 1. (movlw)
0001DA 0E29           00207 movlw 0x29
Warning[203]: Found opcode in column 1. (movwf)
0001DC 6E48           00208 movwf hesoL
Warning[203]: Found opcode in column 1. (movlw)
0001DE 0E00           00209 movlw 0x00
Warning[203]: Found opcode in column 1. (movwf)
0001E0 6E47           00210 movwf hesoH
                      00211 ;1L*2L
Warning[203]: Found opcode in column 1. (movf)
0001E2 5046           00212 movf cntL, W
Warning[203]: Found opcode in column 1. (mulwf)
0001E4 0248           00213 mulwf hesoL
Warning[203]: Found opcode in column 1. (movff)
0001E6 CFF4 F04A      00214 movff PRODH, rate1
Warning[203]: Found opcode in column 1. (movff)
0001EA CFF3 F049      00215 movff PRODL, rate0
                      00216 ;1H*2L*2^8
Warning[203]: Found opcode in column 1. (movf)
0001EE 5045           00217 movf cntH, W
Warning[203]: Found opcode in column 1. (mulwf)
0001F0 0248           00218 mulwf hesoL
Warning[203]: Found opcode in column 1. (movf)
0001F2 50F3           00219 movf PRODL, W
Warning[203]: Found opcode in column 1. (addwf)
0001F4 264A           00220 addwf rate1, F
Warning[203]: Found opcode in column 1. (movff)
0001F6 CFF4 F04B      00221 movff PRODH, rate2
Warning[203]: Found opcode in column 1. (clrf)
0001FA 6AE8           00222 clrf WREG
Warning[203]: Found opcode in column 1. (addwfc)
0001FC 224B           00223 addwfc rate2, F               ;W+ rate2 + C_flag = rate2
                      00224 ;1L*2H*2^8
Warning[203]: Found opcode in column 1. (movf)
0001FE 5046           00225 movf cntL, W
Warning[203]: Found opcode in column 1. (mulwf)
000200 0247           00226 mulwf hesoH
Warning[203]: Found opcode in column 1. (movf)
000202 50F3           00227 movf PRODL,W
MPASM 5.54                NEWASMTEMPLATE.ASM   5-10-2021  16:53:53         PAGE  8


LOC  OBJECT CODE     LINE SOURCE TEXT
  VALUE

Warning[203]: Found opcode in column 1. (addwf)
000204 264A           00228 addwf rate1, F
Warning[203]: Found opcode in column 1. (movf)
000206 50F4           00229 movf PRODH, W
Warning[203]: Found opcode in column 1. (addwf)
000208 264B           00230 addwf rate2, F
Warning[203]: Found opcode in column 1. (clrf)
00020A 6AE8           00231 clrf WREG
Warning[203]: Found opcode in column 1. (addwfc)
00020C 224B           00232 addwfc rate2, F
                      00233 ;1H*2H*2^16
Warning[203]: Found opcode in column 1. (movf)
00020E 5045           00234 movf cntH, W
Warning[203]: Found opcode in column 1. (mulwf)
000210 0247           00235 mulwf hesoH
Warning[203]: Found opcode in column 1. (movf)
000212 50F3           00236 movf PRODL, W
Warning[203]: Found opcode in column 1. (addwf)
000214 264B           00237 addwf rate2, F
Warning[203]: Found opcode in column 1. (movff)
000216 CFF4 F04C      00238 movff PRODH, rate3
Warning[203]: Found opcode in column 1. (clrf)
00021A 6AE8           00239 clrf WREG
Warning[203]: Found opcode in column 1. (addwfc)
00021C 224C           00240 addwfc rate3, F
Warning[203]: Found opcode in column 1. (return)
00021E 0012           00241 return
                      00242 
000220                00243 CHUYENDOITRAM
Warning[203]: Found opcode in column 1. (MOVFF)
000220 C04E F04F      00244 MOVFF   TUSO, NHO1
Warning[203]: Found opcode in column 1. (MOVLW)
000224 0E64           00245 MOVLW   B'01100100'             ; W = 100
Warning[203]: Found opcode in column 1. (SUBWF)
000226 5E4E           00246 SUBWF   TUSO,F          ; TU SO -W
Warning[203]: Found opcode in column 1. (BC)
000228 E2??           00247 BC                      LAP1
Warning[203]: Found opcode in column 1. (RETURN)
00022A 0012           00248 RETURN
                      00249 ;------------------------------------------------
00022C                00250 CHUYENDOICHUC
Warning[203]: Found opcode in column 1. (MOVFF)
00022C C04F F050      00251 MOVFF   NHO1, NHO2
Warning[203]: Found opcode in column 1. (MOVLW)
000230 0E0A           00252 MOVLW   B'00001010'             ; W=10
Warning[203]: Found opcode in column 1. (SUBWF)
000232 5E4F           00253 SUBWF   NHO1,F          ; nho1 = nho1 - w
Warning[203]: Found opcode in column 1. (BC)
000234 E2??           00254 BC      LAP2
Warning[203]: Found opcode in column 1. (RETURN)
000236 0012           00255 RETURN
                      00256 
                      00257 
MPASM 5.54                NEWASMTEMPLATE.ASM   5-10-2021  16:53:53         PAGE  9


LOC  OBJECT CODE     LINE SOURCE TEXT
  VALUE

                      00258 ;------------------------------------------------
000238                00259 LAP1
Warning[203]: Found opcode in column 1. (INCF)
000238 2A54           00260 INCF            THUONGSO, F     ; TANG THUONG SO CHO MOI LAN THUC HIEN PHEP TRU
Warning[203]: Found opcode in column 1. (GOTO)
00023A EF?? F???      00261 GOTO            CHUYENDOITRAM   ; NEU C = 0 QUAY LAI
                      00262 ;------------------------------------------------
00023E                00263 LAP2
Warning[203]: Found opcode in column 1. (INCF)
00023E 2A54           00264 INCF            THUONGSO, F             ; TANG THUONG SO CHO MOI LAN THUC HIEN PHEP TRU
Warning[203]: Found opcode in column 1. (GOTO)
000240 EF?? F???      00265 GOTO            CHUYENDOICHUC   ; NEU C = 0 QUAY LAI
                      00266 
                      00267 
                      00268 
000244                00269 start
Warning[203]: Found opcode in column 1. (movf)
000244 5041           00270 movf muc,0                  ;copy muc into W
Warning[203]: Found opcode in column 1. (xorlw)
000246 0A00           00271 xorlw D'0'                  ;xor W with 0; if W=0, Z=1 else Z=0
Warning[203]: Found opcode in column 1. (btfsc)
000248 B4D8           00272 btfsc STATUS,Z              ;skip next instruction if Z=0(muc != 0)
Warning[203]: Found opcode in column 1. (call)
00024A EC?? F???      00273 call muc_1                  ;so if muc=0, call muc_1
                      00274 ;tuong tu phia tren
Warning[203]: Found opcode in column 1. (movf)
00024E 5041           00275 movf muc,0
Warning[203]: Found opcode in column 1. (xorlw)
000250 0A00           00276 xorlw D'0'                  ;if W != 0, Z=0
Warning[203]: Found opcode in column 1. (btfss)
000252 A4D8           00277 btfss STATUS,Z              ;skip next instruction if Z=1
Warning[203]: Found opcode in column 1. (call)
000254 EC?? F???      00278 call muc_0                  ;so if muc != 0, call muc_0
Warning[203]: Found opcode in column 1. (movff)
000258 C042 F041      00279 movff muc_temp, muc
Warning[203]: Found opcode in column 1. (return)
00025C 0012           00280 return
                      00281 
                      00282 
00025E                00283 Up
Warning[203]: Found opcode in column 1. (movf)
00025E 5041           00284 movf muc,0
Warning[203]: Found opcode in column 1. (xorlw)
000260 0A00           00285 xorlw D'0'
Warning[203]: Found opcode in column 1. (btfsc)
000262 B4D8           00286 btfsc STATUS,Z
Warning[203]: Found opcode in column 1. (return)
000264 0012           00287 return
Warning[203]: Found opcode in column 1. (movf)
000266 5041           00288 movf muc,0
Warning[203]: Found opcode in column 1. (xorlw)
000268 0A01           00289 xorlw D'1'
Warning[203]: Found opcode in column 1. (btfsc)
MPASM 5.54                NEWASMTEMPLATE.ASM   5-10-2021  16:53:53         PAGE 10


LOC  OBJECT CODE     LINE SOURCE TEXT
  VALUE

00026A B4D8           00290 btfsc STATUS,Z
Warning[203]: Found opcode in column 1. (call)
00026C EC?? F???      00291 call muc_2
Warning[203]: Found opcode in column 1. (movf)
000270 5041           00292 movf muc,0
Warning[203]: Found opcode in column 1. (xorlw)
000272 0A02           00293 xorlw D'2'
Warning[203]: Found opcode in column 1. (btfsc)
000274 B4D8           00294 btfsc STATUS,Z
Warning[203]: Found opcode in column 1. (call)
000276 EC?? F???      00295 call muc_3
Warning[203]: Found opcode in column 1. (movff)
00027A C042 F041      00296 movff muc_temp, muc
Warning[203]: Found opcode in column 1. (return)
00027E 0012           00297 return
                      00298 
                      00299 
000280                00300 Down
Warning[203]: Found opcode in column 1. (movf)
000280 5041           00301 movf muc,0
Warning[203]: Found opcode in column 1. (xorlw)
000282 0A00           00302 xorlw D'0'
Warning[203]: Found opcode in column 1. (btfsc)
000284 B4D8           00303 btfsc STATUS,Z
Warning[203]: Found opcode in column 1. (return)
000286 0012           00304 return
Warning[203]: Found opcode in column 1. (movf)
000288 5041           00305 movf muc,0
Warning[203]: Found opcode in column 1. (xorlw)
00028A 0A03           00306 xorlw D'3'
Warning[203]: Found opcode in column 1. (btfsc)
00028C B4D8           00307 btfsc STATUS,Z
Warning[203]: Found opcode in column 1. (call)
00028E EC?? F???      00308 call muc_2
Warning[203]: Found opcode in column 1. (movf)
000292 5041           00309 movf muc,0
Warning[203]: Found opcode in column 1. (xorlw)
000294 0A02           00310 xorlw D'2'
Warning[203]: Found opcode in column 1. (btfsc)
000296 B4D8           00311 btfsc STATUS,Z
Warning[203]: Found opcode in column 1. (call)
000298 EC?? F???      00312 call muc_1
Warning[203]: Found opcode in column 1. (movff)
00029C C042 F041      00313 movff muc_temp, muc
Warning[203]: Found opcode in column 1. (return)
0002A0 0012           00314 return
                      00315 
                      00316 
                      00317 
0002A2                00318 muc_0
Warning[203]: Found opcode in column 1. (movlw)
0002A2 0E00           00319 movlw 0x00
Warning[203]: Found opcode in column 1. (movwf)
MPASM 5.54                NEWASMTEMPLATE.ASM   5-10-2021  16:53:53         PAGE 11


LOC  OBJECT CODE     LINE SOURCE TEXT
  VALUE

0002A4 6E42           00320 movwf muc_temp
Warning[203]: Found opcode in column 1. (movlw)
0002A6 0E01           00321 movlw 0x01                  ;clear lcd
Warning[203]: Found opcode in column 1. (call)
0002A8 EC?? F???      00322 call ghi_lenh
                      00323 ;bcf T2CON, 2                ;timer 2 off
                      00324 ;bcf PORTC, 2
Warning[203]: Found opcode in column 1. (movlw)
0002AC 0E63           00325 movlw 0x63
Warning[203]: Found opcode in column 1. (movwf)
0002AE 6ECB           00326 movwf PR2
Warning[203]: Found opcode in column 1. (movlw)
0002B0 0E0C           00327 movlw 0x0c
Warning[203]: Found opcode in column 1. (movwf)
0002B2 6EBD           00328 movwf CCP1CON
Warning[203]: Found opcode in column 1. (movlw)
0002B4 0E00           00329 movlw 0x00
Warning[203]: Found opcode in column 1. (movwf)
0002B6 6EBE           00330 movwf CCPR1L
Warning[203]: Found opcode in column 1. (movlw)
0002B8 0E05           00331 movlw 0x05
Warning[203]: Found opcode in column 1. (movwf)
0002BA 6ECA           00332 movwf T2CON
Warning[203]: Found opcode in column 1. (movlw)
0002BC 0E43           00333 movlw 'C'
Warning[203]: Found opcode in column 1. (call)
0002BE EC?? F???      00334 call ghi_dulieu
Warning[203]: Found opcode in column 1. (movlw)
0002C2 0E61           00335 movlw 'a'
Warning[203]: Found opcode in column 1. (call)
0002C4 EC?? F???      00336 call ghi_dulieu
Warning[203]: Found opcode in column 1. (movlw)
0002C8 0E69           00337 movlw 'i'
Warning[203]: Found opcode in column 1. (call)
0002CA EC?? F???      00338 call ghi_dulieu
Warning[203]: Found opcode in column 1. (movlw)
0002CE 0E20           00339 movlw ' '
Warning[203]: Found opcode in column 1. (call)
0002D0 EC?? F???      00340 call ghi_dulieu
Warning[203]: Found opcode in column 1. (movlw)
0002D4 0E64           00341 movlw 'd'
Warning[203]: Found opcode in column 1. (call)
0002D6 EC?? F???      00342 call ghi_dulieu
Warning[203]: Found opcode in column 1. (movlw)
0002DA 0E61           00343 movlw 'a'
Warning[203]: Found opcode in column 1. (call)
0002DC EC?? F???      00344 call ghi_dulieu
Warning[203]: Found opcode in column 1. (movlw)
0002E0 0E74           00345 movlw 't'
Warning[203]: Found opcode in column 1. (call)
0002E2 EC?? F???      00346 call ghi_dulieu
Warning[203]: Found opcode in column 1. (movlw)
0002E6 0E3A           00347 movlw ':'
MPASM 5.54                NEWASMTEMPLATE.ASM   5-10-2021  16:53:53         PAGE 12


LOC  OBJECT CODE     LINE SOURCE TEXT
  VALUE

Warning[203]: Found opcode in column 1. (call)
0002E8 EC?? F???      00348 call ghi_dulieu
Warning[203]: Found opcode in column 1. (movlw)
0002EC 0E30           00349 movlw '0'
Warning[203]: Found opcode in column 1. (call)
0002EE EC?? F???      00350 call ghi_dulieu
Warning[203]: Found opcode in column 1. (movlw)
0002F2 0E25           00351 movlw '%'
Warning[203]: Found opcode in column 1. (call)
0002F4 EC?? F???      00352 call ghi_dulieu
Warning[203]: Found opcode in column 1. (movlw)
0002F8 0EC0           00353 movlw 0xc0              ;xuong hang 2
Warning[203]: Found opcode in column 1. (call)
0002FA EC?? F???      00354 call ghi_lenh
Warning[203]: Found opcode in column 1. (return)
0002FE 0012           00355 return
                      00356 
                      00357 
000300                00358 muc_1
Warning[203]: Found opcode in column 1. (movlw)
000300 0E01           00359 movlw 0x01
Warning[203]: Found opcode in column 1. (movwf)
000302 6E42           00360 movwf muc_temp
Warning[203]: Found opcode in column 1. (movlw)
000304 0E01           00361 movlw 0x01                  ;clear lcd
Warning[203]: Found opcode in column 1. (call)
000306 EC?? F???      00362 call ghi_lenh
Warning[203]: Found opcode in column 1. (movlw)
00030A 0E63           00363 movlw 0x63
Warning[203]: Found opcode in column 1. (movwf)
00030C 6ECB           00364 movwf PR2
Warning[203]: Found opcode in column 1. (movlw)
00030E 0E0C           00365 movlw 0x0c
Warning[203]: Found opcode in column 1. (movwf)
000310 6EBD           00366 movwf CCP1CON
Warning[203]: Found opcode in column 1. (movlw)
000312 0E21           00367 movlw 0x21
Warning[203]: Found opcode in column 1. (movwf)
000314 6EBE           00368 movwf CCPR1L
Warning[203]: Found opcode in column 1. (movlw)
000316 0E05           00369 movlw 0x05
Warning[203]: Found opcode in column 1. (movwf)
000318 6ECA           00370 movwf T2CON
Warning[203]: Found opcode in column 1. (movlw)
00031A 0E43           00371 movlw 'C'
Warning[203]: Found opcode in column 1. (call)
00031C EC?? F???      00372 call ghi_dulieu
Warning[203]: Found opcode in column 1. (movlw)
000320 0E61           00373 movlw 'a'
Warning[203]: Found opcode in column 1. (call)
000322 EC?? F???      00374 call ghi_dulieu
Warning[203]: Found opcode in column 1. (movlw)
000326 0E69           00375 movlw 'i'
MPASM 5.54                NEWASMTEMPLATE.ASM   5-10-2021  16:53:53         PAGE 13


LOC  OBJECT CODE     LINE SOURCE TEXT
  VALUE

Warning[203]: Found opcode in column 1. (call)
000328 EC?? F???      00376 call ghi_dulieu
Warning[203]: Found opcode in column 1. (movlw)
00032C 0E20           00377 movlw ' '
Warning[203]: Found opcode in column 1. (call)
00032E EC?? F???      00378 call ghi_dulieu
Warning[203]: Found opcode in column 1. (movlw)
000332 0E64           00379 movlw 'd'
Warning[203]: Found opcode in column 1. (call)
000334 EC?? F???      00380 call ghi_dulieu
Warning[203]: Found opcode in column 1. (movlw)
000338 0E61           00381 movlw 'a'
Warning[203]: Found opcode in column 1. (call)
00033A EC?? F???      00382 call ghi_dulieu
Warning[203]: Found opcode in column 1. (movlw)
00033E 0E74           00383 movlw 't'
Warning[203]: Found opcode in column 1. (call)
000340 EC?? F???      00384 call ghi_dulieu
Warning[203]: Found opcode in column 1. (movlw)
000344 0E3A           00385 movlw ':'
Warning[203]: Found opcode in column 1. (call)
000346 EC?? F???      00386 call ghi_dulieu
Warning[203]: Found opcode in column 1. (movlw)
00034A 0E33           00387 movlw '3'
Warning[203]: Found opcode in column 1. (call)
00034C EC?? F???      00388 call ghi_dulieu
Warning[203]: Found opcode in column 1. (movlw)
000350 0E33           00389 movlw '3'
Warning[203]: Found opcode in column 1. (call)
000352 EC?? F???      00390 call ghi_dulieu
Warning[203]: Found opcode in column 1. (movlw)
000356 0E25           00391 movlw '%'
Warning[203]: Found opcode in column 1. (call)
000358 EC?? F???      00392 call ghi_dulieu
Warning[203]: Found opcode in column 1. (movlw)
00035C 0EC0           00393 movlw 0xc0              ;xuong hang 2
Warning[203]: Found opcode in column 1. (call)
00035E EC?? F???      00394 call ghi_lenh
Warning[203]: Found opcode in column 1. (return)
000362 0012           00395 return
                      00396 
                      00397 
000364                00398 muc_2                   ;50%
Warning[203]: Found opcode in column 1. (movlw)
000364 0E02           00399 movlw 0x02
Warning[203]: Found opcode in column 1. (movwf)
000366 6E42           00400 movwf muc_temp
Warning[203]: Found opcode in column 1. (movlw)
000368 0E01           00401 movlw 0x01                  ;clear lcd
Warning[203]: Found opcode in column 1. (call)
00036A EC?? F???      00402 call ghi_lenh
Warning[203]: Found opcode in column 1. (movlw)
00036E 0E63           00403 movlw 0x63
MPASM 5.54                NEWASMTEMPLATE.ASM   5-10-2021  16:53:53         PAGE 14


LOC  OBJECT CODE     LINE SOURCE TEXT
  VALUE

Warning[203]: Found opcode in column 1. (movwf)
000370 6ECB           00404 movwf PR2
Warning[203]: Found opcode in column 1. (movlw)
000372 0E0C           00405 movlw 0x0c
Warning[203]: Found opcode in column 1. (movwf)
000374 6EBD           00406 movwf CCP1CON
Warning[203]: Found opcode in column 1. (movlw)
000376 0E32           00407 movlw 0x32
Warning[203]: Found opcode in column 1. (movwf)
000378 6EBE           00408 movwf CCPR1L
Warning[203]: Found opcode in column 1. (movlw)
00037A 0E05           00409 movlw 0x05
Warning[203]: Found opcode in column 1. (movwf)
00037C 6ECA           00410 movwf T2CON
Warning[203]: Found opcode in column 1. (movlw)
00037E 0E43           00411 movlw 'C'
Warning[203]: Found opcode in column 1. (call)
000380 EC?? F???      00412 call ghi_dulieu
Warning[203]: Found opcode in column 1. (movlw)
000384 0E61           00413 movlw 'a'
Warning[203]: Found opcode in column 1. (call)
000386 EC?? F???      00414 call ghi_dulieu
Warning[203]: Found opcode in column 1. (movlw)
00038A 0E69           00415 movlw 'i'
Warning[203]: Found opcode in column 1. (call)
00038C EC?? F???      00416 call ghi_dulieu
Warning[203]: Found opcode in column 1. (movlw)
000390 0E20           00417 movlw ' '
Warning[203]: Found opcode in column 1. (call)
000392 EC?? F???      00418 call ghi_dulieu
Warning[203]: Found opcode in column 1. (movlw)
000396 0E64           00419 movlw 'd'
Warning[203]: Found opcode in column 1. (call)
000398 EC?? F???      00420 call ghi_dulieu
Warning[203]: Found opcode in column 1. (movlw)
00039C 0E61           00421 movlw 'a'
Warning[203]: Found opcode in column 1. (call)
00039E EC?? F???      00422 call ghi_dulieu
Warning[203]: Found opcode in column 1. (movlw)
0003A2 0E74           00423 movlw 't'
Warning[203]: Found opcode in column 1. (call)
0003A4 EC?? F???      00424 call ghi_dulieu
Warning[203]: Found opcode in column 1. (movlw)
0003A8 0E3A           00425 movlw ':'
Warning[203]: Found opcode in column 1. (call)
0003AA EC?? F???      00426 call ghi_dulieu
Warning[203]: Found opcode in column 1. (movlw)
0003AE 0E35           00427 movlw '5'
Warning[203]: Found opcode in column 1. (call)
0003B0 EC?? F???      00428 call ghi_dulieu
Warning[203]: Found opcode in column 1. (movlw)
0003B4 0E30           00429 movlw '0'
Warning[203]: Found opcode in column 1. (call)
MPASM 5.54                NEWASMTEMPLATE.ASM   5-10-2021  16:53:53         PAGE 15


LOC  OBJECT CODE     LINE SOURCE TEXT
  VALUE

0003B6 EC?? F???      00430 call ghi_dulieu
Warning[203]: Found opcode in column 1. (movlw)
0003BA 0E25           00431 movlw '%'
Warning[203]: Found opcode in column 1. (call)
0003BC EC?? F???      00432 call ghi_dulieu
Warning[203]: Found opcode in column 1. (movlw)
0003C0 0EC0           00433 movlw 0xc0              ;xuong hang 2
Warning[203]: Found opcode in column 1. (call)
0003C2 EC?? F???      00434 call ghi_lenh
Warning[203]: Found opcode in column 1. (return)
0003C6 0012           00435 return
                      00436 
0003C8                00437 muc_3                   ;66%
Warning[203]: Found opcode in column 1. (movlw)
0003C8 0E03           00438 movlw 0x03
Warning[203]: Found opcode in column 1. (movwf)
0003CA 6E42           00439 movwf muc_temp
Warning[203]: Found opcode in column 1. (movlw)
0003CC 0E01           00440 movlw 0x01                  ;clear lcd
Warning[203]: Found opcode in column 1. (call)
0003CE EC?? F???      00441 call ghi_lenh
Warning[203]: Found opcode in column 1. (movlw)
0003D2 0E63           00442 movlw 0x63
Warning[203]: Found opcode in column 1. (movwf)
0003D4 6ECB           00443 movwf PR2
Warning[203]: Found opcode in column 1. (movlw)
0003D6 0E0C           00444 movlw 0x0c
Warning[203]: Found opcode in column 1. (movwf)
0003D8 6EBD           00445 movwf CCP1CON
Warning[203]: Found opcode in column 1. (movlw)
0003DA 0E42           00446 movlw 0x42
Warning[203]: Found opcode in column 1. (movwf)
0003DC 6EBE           00447 movwf CCPR1L
Warning[203]: Found opcode in column 1. (movlw)
0003DE 0E05           00448 movlw 0x05
Warning[203]: Found opcode in column 1. (movwf)
0003E0 6ECA           00449 movwf T2CON
Warning[203]: Found opcode in column 1. (movlw)
0003E2 0E43           00450 movlw 'C'
Warning[203]: Found opcode in column 1. (call)
0003E4 EC?? F???      00451 call ghi_dulieu
Warning[203]: Found opcode in column 1. (movlw)
0003E8 0E61           00452 movlw 'a'
Warning[203]: Found opcode in column 1. (call)
0003EA EC?? F???      00453 call ghi_dulieu
Warning[203]: Found opcode in column 1. (movlw)
0003EE 0E69           00454 movlw 'i'
Warning[203]: Found opcode in column 1. (call)
0003F0 EC?? F???      00455 call ghi_dulieu
Warning[203]: Found opcode in column 1. (movlw)
0003F4 0E20           00456 movlw ' '
Warning[203]: Found opcode in column 1. (call)
0003F6 EC?? F???      00457 call ghi_dulieu
MPASM 5.54                NEWASMTEMPLATE.ASM   5-10-2021  16:53:53         PAGE 16


LOC  OBJECT CODE     LINE SOURCE TEXT
  VALUE

Warning[203]: Found opcode in column 1. (movlw)
0003FA 0E64           00458 movlw 'd'
Warning[203]: Found opcode in column 1. (call)
0003FC EC?? F???      00459 call ghi_dulieu
Warning[203]: Found opcode in column 1. (movlw)
000400 0E61           00460 movlw 'a'
Warning[203]: Found opcode in column 1. (call)
000402 EC?? F???      00461 call ghi_dulieu
Warning[203]: Found opcode in column 1. (movlw)
000406 0E74           00462 movlw 't'
Warning[203]: Found opcode in column 1. (call)
000408 EC?? F???      00463 call ghi_dulieu
Warning[203]: Found opcode in column 1. (movlw)
00040C 0E3A           00464 movlw ':'
Warning[203]: Found opcode in column 1. (call)
00040E EC?? F???      00465 call ghi_dulieu
Warning[203]: Found opcode in column 1. (movlw)
000412 0E36           00466 movlw '6'
Warning[203]: Found opcode in column 1. (call)
000414 EC?? F???      00467 call ghi_dulieu
Warning[203]: Found opcode in column 1. (movlw)
000418 0E36           00468 movlw '6'
Warning[203]: Found opcode in column 1. (call)
00041A EC?? F???      00469 call ghi_dulieu
Warning[203]: Found opcode in column 1. (movlw)
00041E 0E25           00470 movlw '%'
Warning[203]: Found opcode in column 1. (call)
000420 EC?? F???      00471 call ghi_dulieu
Warning[203]: Found opcode in column 1. (movlw)
000424 0EC0           00472 movlw 0xc0              ;xuong hang 2
Warning[203]: Found opcode in column 1. (call)
000426 EC?? F???      00473 call ghi_lenh
Warning[203]: Found opcode in column 1. (return)
00042A 0012           00474 return
                      00475 
                      00476 
                      00477 
00042C                00478 ghi_dulieu
Warning[203]: Found opcode in column 1. (bcf)
00042C 9C82           00479 bcf RW                  ;RW = 0
Warning[203]: Found opcode in column 1. (bsf)
00042E 8A82           00480 bsf RS                  ;RW = 1
Warning[203]: Found opcode in column 1. (movwf)
000430 6E83           00481 movwf PORTD
Warning[203]: Found opcode in column 1. (call)
000432 EC?? F???      00482 call cho_phep
Warning[203]: Found opcode in column 1. (return)
000436 0012           00483 return
                      00484 
                      00485 
000438                00486 ghi_lenh
Warning[203]: Found opcode in column 1. (bcf)
000438 9C82           00487 bcf RW
MPASM 5.54                NEWASMTEMPLATE.ASM   5-10-2021  16:53:53         PAGE 17


LOC  OBJECT CODE     LINE SOURCE TEXT
  VALUE

Warning[203]: Found opcode in column 1. (bcf)
00043A 9A82           00488 bcf RS
Warning[203]: Found opcode in column 1. (movwf)
00043C 6E83           00489 movwf PORTD
Warning[203]: Found opcode in column 1. (call)
00043E EC?? F???      00490 call cho_phep
Warning[203]: Found opcode in column 1. (return)
000442 0012           00491 return
                      00492 
                      00493 
000444                00494 cho_phep
Warning[203]: Found opcode in column 1. (bsf)
000444 8E82           00495 bsf E                   ;E=1
Warning[203]: Found opcode in column 1. (call)
000446 EC?? F???      00496 call delay
Warning[203]: Found opcode in column 1. (call)
00044A EC?? F???      00497 call delay
Warning[203]: Found opcode in column 1. (bcf)
00044E 9E82           00498 bcf E                   ;E=0
Warning[203]: Found opcode in column 1. (call)
000450 EC?? F???      00499 call delay
Warning[203]: Found opcode in column 1. (call)
000454 EC?? F???      00500 call delay
Warning[203]: Found opcode in column 1. (call)
000458 EC?? F???      00501 call delay
Warning[203]: Found opcode in column 1. (call)
00045C EC?? F???      00502 call delay
Warning[203]: Found opcode in column 1. (call)
000460 EC?? F???      00503 call delay
Warning[203]: Found opcode in column 1. (call)
000464 EC?? F???      00504 call delay
Warning[203]: Found opcode in column 1. (return)
000468 0012           00505 return
                      00506 
                      00507 
00046A                00508 delay                           ;delay 500us
Warning[203]: Found opcode in column 1. (movlw)
00046A 0EC7           00509 movlw D'199'                    ;T delay = 5(D+1)*/f, D 8 bit,
Warning[203]: Found opcode in column 1. (movwf)
00046C 6E43           00510 movwf vong
00046E                00511 lap
Warning[203]: Found opcode in column 1. (nop)
00046E 0000           00512 nop
Warning[203]: Found opcode in column 1. (decfsz)
000470 2E43           00513 decfsz vong
Warning[203]: Found opcode in column 1. (goto)
000472 EF?? F???      00514 goto lap
Warning[203]: Found opcode in column 1. (RETURN)
000476 0012           00515 RETURN
                      00516 
                      00517 
000478                00518 delay2                           ;delay >100ms
Warning[203]: Found opcode in column 1. (movlw)
MPASM 5.54                NEWASMTEMPLATE.ASM   5-10-2021  16:53:53         PAGE 18


LOC  OBJECT CODE     LINE SOURCE TEXT
  VALUE

000478 0EC7           00519 movlw D'199'                    ;T delay = 5(D+1)*/f, D 8 bit,
Warning[203]: Found opcode in column 1. (movwf)
00047A 6E44           00520 movwf vong2
00047C                00521 lap2
Warning[203]: Found opcode in column 1. (call)
00047C EC?? F???      00522 call delay
Warning[203]: Found opcode in column 1. (decfsz)
000480 2E44           00523 decfsz vong2
Warning[203]: Found opcode in column 1. (goto)
000482 EF?? F???      00524 goto lap2
Warning[203]: Found opcode in column 1. (RETURN)
000486 0012           00525 RETURN
                      00526 
Warning[205]: Found directive in column 1. (end)
                      00527 end
MPASM 5.54                NEWASMTEMPLATE.ASM   5-10-2021  16:53:53         PAGE 19


SYMBOL TABLE
  LABEL                             VALUE 

A                                 00000000
ABDEN                             00000000
ABDOVF                            00000007
ACCESS                            00000000
ACKDT                             00000005
ACKEN                             00000004
ACKSTAT                           00000006
ACQT0                             00000003
ACQT1                             00000004
ACQT2                             00000005
ADCON0                            00000FC2
ADCON1                            00000FC1
ADCON2                            00000FC0
ADCS0                             00000000
ADCS1                             00000001
ADCS2                             00000002
ADDEN                             00000003
ADEN                              00000003
ADFM                              00000007
ADIE                              00000006
ADIF                              00000006
ADIP                              00000006
ADMSK1                            00000001
ADMSK2                            00000002
ADMSK3                            00000003
ADMSK4                            00000004
ADMSK5                            00000005
ADON                              00000000
ADRES                             00000FC3
ADRESH                            00000FC4
ADRESL                            00000FC3
AN0                               00000000
AN1                               00000001
AN10                              00000001
AN11                              00000004
AN12                              00000000
AN2                               00000002
AN3                               00000003
AN4                               00000005
AN5                               00000000
AN6                               00000001
AN7                               00000002
AN8                               00000002
AN9                               00000003
BANKED                            00000001
BAUDCON                           00000FB8
BAUDCTL                           00000FB8
BCLIE                             00000003
BCLIF                             00000003
BCLIP                             00000003
BF                                00000000
BGST                              00000005
BOR                               00000000
MPASM 5.54                NEWASMTEMPLATE.ASM   5-10-2021  16:53:53         PAGE 20


SYMBOL TABLE
  LABEL                             VALUE 

BRG16                             00000003
BRGH                              00000002
BSR                               00000FE0
BSR_TEMP                          0000000C
C                                 00000000
C1INV                             00000004
C1OUT_CMCON                       00000006
C1OUT_PORTA                       00000004
C2INV                             00000005
C2OUT_CMCON                       00000007
C2OUT_PORTA                       00000005
CCP1                              00000002
CCP1CON                           00000FBD
CCP1IE                            00000002
CCP1IF                            00000002
CCP1IP                            00000002
CCP1M0                            00000000
CCP1M1                            00000001
CCP1M2                            00000002
CCP1M3                            00000003
CCP1X                             00000005
CCP1Y                             00000004
CCP2CON                           00000FBA
CCP2IE                            00000000
CCP2IF                            00000000
CCP2IP                            00000000
CCP2M0                            00000000
CCP2M1                            00000001
CCP2M2                            00000002
CCP2M3                            00000003
CCP2X                             00000005
CCP2Y                             00000004
CCP2_PORTB                        00000003
CCP2_PORTC                        00000001
CCPR1                             00000FBE
CCPR1H                            00000FBF
CCPR1L                            00000FBE
CCPR2                             00000FBB
CCPR2H                            00000FBC
CCPR2L                            00000FBB
CFGS                              00000006
CHS0                              00000002
CHS1                              00000003
CHS2                              00000004
CHS3                              00000005
CHUC                              00000052
CHUYENDOICHUC                     0000022C
CHUYENDOITRAM                     00000220
CIS                               00000003
CK                                00000006
CKE                               00000006
CKP                               00000004
CLKI                              00000007
MPASM 5.54                NEWASMTEMPLATE.ASM   5-10-2021  16:53:53         PAGE 21


SYMBOL TABLE
  LABEL                             VALUE 

CLKO                              00000006
CM0                               00000000
CM1                               00000001
CM2                               00000002
CMCON                             00000FB4
CMIE                              00000006
CMIF                              00000006
CMIP                              00000006
CREN                              00000004
CS                                00000002
CSRC                              00000007
CVR0                              00000000
CVR1                              00000001
CVR2                              00000002
CVR3                              00000003
CVRCON                            00000FB5
CVREF                             00000002
CVREN                             00000007
CVROE                             00000006
CVRR                              00000005
CVRSS                             00000004
D                                 00000005
DC                                00000001
DC1B0                             00000004
DC1B1                             00000005
DC2B0                             00000004
DC2B1                             00000005
DDRA                              TRISA
DDRB                              TRISB
DDRC                              TRISC
DDRD                              TRISD
DDRE                              TRISE
DONE                              00000001
DONVI                             00000053
D_A                               00000005
D_NOT_A                           00000005
Down                              00000280
E                                 PORTC,7
ECCP1AS                           00000FB6
ECCP1DEL                          00000FB7
ECCPAS                            00000FB6
ECCPAS0                           00000004
ECCPAS1                           00000005
ECCPAS2                           00000006
ECCPASE                           00000007
EEADR                             00000FA9
EECON1                            00000FA6
EECON2                            00000FA7
EEDATA                            00000FA8
EEIE                              00000004
EEIF                              00000004
EEIP                              00000004
EEPGD                             00000007
MPASM 5.54                NEWASMTEMPLATE.ASM   5-10-2021  16:53:53         PAGE 22


SYMBOL TABLE
  LABEL                             VALUE 

FAST                              00000001
FERR                              00000002
FLT0                              00000000
FLTS                              00000002
FREE                              00000004
FSR0                              00000000
FSR0H                             00000FEA
FSR0L                             00000FE9
FSR1                              00000001
FSR1H                             00000FE2
FSR1L                             00000FE1
FSR2                              00000002
FSR2H                             00000FDA
FSR2L                             00000FD9
GCEN                              00000007
GIE                               00000007
GIEH                              00000007
GIEL                              00000006
GIE_GIEH                          00000007
GO                                00000001
GO_DONE                           00000001
GO_NOT_DONE                       00000001
HLVDCON                           00000FD2
HLVDEN                            00000004
HLVDIE                            00000002
HLVDIF                            00000002
HLVDIN                            00000005
HLVDIP                            00000002
HLVDL0                            00000000
HLVDL1                            00000001
HLVDL2                            00000002
HLVDL3                            00000003
IBF                               00000007
IBOV                              00000005
IDLEN                             00000007
INDF0                             00000FEF
INDF1                             00000FE7
INDF2                             00000FDF
INT0                              00000000
INT0E                             00000004
INT0F                             00000001
INT0IE                            00000004
INT0IF                            00000001
INT1                              00000001
INT1E                             00000003
INT1F                             00000000
INT1IE                            00000003
INT1IF                            00000000
INT1IP                            00000006
INT1P                             00000006
INT2                              00000002
INT2E                             00000004
INT2F                             00000001
MPASM 5.54                NEWASMTEMPLATE.ASM   5-10-2021  16:53:53         PAGE 23


SYMBOL TABLE
  LABEL                             VALUE 

INT2IE                            00000004
INT2IF                            00000001
INT2IP                            00000007
INT2P                             00000007
INTCON                            00000FF2
INTCON2                           00000FF1
INTCON3                           00000FF0
INTEDG0                           00000006
INTEDG1                           00000005
INTEDG2                           00000004
INTSRC                            00000007
IOFS                              00000002
IPEN                              00000007
IPR1                              00000F9F
IPR2                              00000FA2
IRCF0                             00000004
IRCF1                             00000005
IRCF2                             00000006
IRVST                             00000005
IVRST                             00000005
KBI0                              00000004
KBI1                              00000005
KBI2                              00000006
KBI3                              00000007
LAP1                              00000238
LAP2                              0000023E
LATA                              00000F89
LATA0                             00000000
LATA1                             00000001
LATA2                             00000002
LATA3                             00000003
LATA4                             00000004
LATA5                             00000005
LATA6                             00000006
LATA7                             00000007
LATB                              00000F8A
LATB0                             00000000
LATB1                             00000001
LATB2                             00000002
LATB3                             00000003
LATB4                             00000004
LATB5                             00000005
LATB6                             00000006
LATB7                             00000007
LATC                              00000F8B
LATC0                             00000000
LATC1                             00000001
LATC2                             00000002
LATC3                             00000003
LATC4                             00000004
LATC5                             00000005
LATC6                             00000006
LATC7                             00000007
MPASM 5.54                NEWASMTEMPLATE.ASM   5-10-2021  16:53:53         PAGE 24


SYMBOL TABLE
  LABEL                             VALUE 

LATD                              00000F8C
LATD0                             00000000
LATD1                             00000001
LATD2                             00000002
LATD3                             00000003
LATD4                             00000004
LATD5                             00000005
LATD6                             00000006
LATD7                             00000007
LATE                              00000F8D
LATE0                             00000000
LATE1                             00000001
LATE2                             00000002
LVDCON                            00000FD2
LVDEN                             00000004
LVDIE                             00000002
LVDIF                             00000002
LVDIN                             00000005
LVDIP                             00000002
LVDL0                             00000000
LVDL1                             00000001
LVDL2                             00000002
LVDL3                             00000003
LVV0                              00000000
LVV1                              00000001
LVV2                              00000002
LVV3                              00000003
MCLR                              00000003
N                                 00000004
NHO1                              0000004F
NHO2                              00000050
NOT_A                             00000005
NOT_ADDRESS                       00000005
NOT_BOR                           00000000
NOT_CS                            00000002
NOT_DONE                          00000001
NOT_MCLR                          00000003
NOT_PD                            00000002
NOT_POR                           00000001
NOT_RBPU                          00000007
NOT_RD                            00000000
NOT_RI                            00000004
NOT_SS                            00000005
NOT_T1SYNC                        00000002
NOT_T3SYNC                        00000002
NOT_TO                            00000003
NOT_W                             00000002
NOT_WR                            00000001
NOT_WRITE                         00000002
OBF                               00000006
OERR                              00000001
OSC1                              00000007
OSC2                              00000006
MPASM 5.54                NEWASMTEMPLATE.ASM   5-10-2021  16:53:53         PAGE 25


SYMBOL TABLE
  LABEL                             VALUE 

OSCCON                            00000FD3
OSCFIE                            00000007
OSCFIF                            00000007
OSCFIP                            00000007
OSCTUNE                           00000F9B
OSTS                              00000003
OV                                00000003
P                                 00000004
P1A                               00000002
P1B                               00000005
P1C                               00000006
P1D                               00000007
P1M0                              00000006
P1M1                              00000007
PC                                00000FF9
PCFG0                             00000000
PCFG1                             00000001
PCFG2                             00000002
PCFG3                             00000003
PCL                               00000FF9
PCLATH                            00000FFA
PCLATU                            00000FFB
PD                                00000002
PDC0                              00000000
PDC1                              00000001
PDC2                              00000002
PDC3                              00000003
PDC4                              00000004
PDC5                              00000005
PDC6                              00000006
PEIE                              00000006
PEIE_GIEL                         00000006
PEN                               00000002
PGC                               00000006
PGD                               00000007
PGM                               00000005
PIE1                              00000F9D
PIE2                              00000FA0
PIR1                              00000F9E
PIR2                              00000FA1
PLLEN                             00000006
PLUSW0                            00000FEB
PLUSW1                            00000FE3
PLUSW2                            00000FDB
POR                               00000001
PORTA                             00000F80
PORTB                             00000F81
PORTC                             00000F82
PORTD                             00000F83
PORTE                             00000F84
POSTDEC0                          00000FED
POSTDEC1                          00000FE5
POSTDEC2                          00000FDD
MPASM 5.54                NEWASMTEMPLATE.ASM   5-10-2021  16:53:53         PAGE 26


SYMBOL TABLE
  LABEL                             VALUE 

POSTINC0                          00000FEE
POSTINC1                          00000FE6
POSTINC2                          00000FDE
PR2                               00000FCB
PREINC0                           00000FEC
PREINC1                           00000FE4
PREINC2                           00000FDC
PROD                              00000FF3
PRODH                             00000FF4
PRODL                             00000FF3
PRSEN                             00000007
PSA                               00000003
PSP0                              00000000
PSP1                              00000001
PSP2                              00000002
PSP3                              00000003
PSP4                              00000004
PSP5                              00000005
PSP6                              00000006
PSP7                              00000007
PSPIE                             00000007
PSPIF                             00000007
PSPIP                             00000007
PSPMODE                           00000004
PSSAC0                            00000002
PSSAC1                            00000003
PSSBD0                            00000000
PSSBD1                            00000001
PWM1CON                           00000FB7
R                                 00000002
RA0                               00000000
RA1                               00000001
RA2                               00000002
RA3                               00000003
RA4                               00000004
RA5                               00000005
RA6                               00000006
RA7                               00000007
RB0                               00000000
RB1                               00000001
RB2                               00000002
RB3                               00000003
RB4                               00000004
RB5                               00000005
RB6                               00000006
RB7                               00000007
RBIE                              00000003
RBIF                              00000000
RBIP                              00000000
RBPU                              00000007
RC0                               00000000
RC1                               00000001
RC2                               00000002
MPASM 5.54                NEWASMTEMPLATE.ASM   5-10-2021  16:53:53         PAGE 27


SYMBOL TABLE
  LABEL                             VALUE 

RC3                               00000003
RC4                               00000004
RC5                               00000005
RC6                               00000006
RC7                               00000007
RCEN                              00000003
RCIDL                             00000006
RCIE                              00000005
RCIF                              00000005
RCIP                              00000005
RCMT                              00000006
RCON                              00000FD0
RCREG                             00000FAE
RCSTA                             00000FAB
RD                                00000000
RD0                               00000000
RD1                               00000001
RD16                              00000007
RD2                               00000002
RD3                               00000003
RD4                               00000004
RD5                               00000005
RD6                               00000006
RD7                               00000007
RE0                               00000000
RE1                               00000001
RE2                               00000002
RE3                               00000003
RI                                00000004
RS                                PORTC,5
RSEN                              00000001
RW                                PORTC,6
RX                                00000007
RX9                               00000006
RX9D                              00000000
RXDTP                             00000005
R_NOT_W                           00000002
R_W                               00000002
S                                 00000003
SBOREN                            00000006
SCK                               00000003
SCKP                              00000004
SCL                               00000003
SCS0                              00000000
SCS1                              00000001
SDA                               00000004
SDI                               00000004
SDO                               00000005
SEN                               00000000
SENDB                             00000003
SMP                               00000007
SP0                               00000000
SP1                               00000001
MPASM 5.54                NEWASMTEMPLATE.ASM   5-10-2021  16:53:53         PAGE 28


SYMBOL TABLE
  LABEL                             VALUE 

SP2                               00000002
SP3                               00000003
SP4                               00000004
SPBRG                             00000FAF
SPBRGH                            00000FB0
SPEN                              00000007
SREN                              00000005
SS                                00000005
SSPADD                            00000FC8
SSPBUF                            00000FC9
SSPCON1                           00000FC6
SSPCON2                           00000FC5
SSPEN                             00000005
SSPIE                             00000003
SSPIF                             00000003
SSPIP                             00000003
SSPM0                             00000000
SSPM1                             00000001
SSPM2                             00000002
SSPM3                             00000003
SSPOV                             00000006
SSPSTAT                           00000FC7
STATUS                            00000FD8
STATUS_TEMP                       0000000F
STKFUL                            00000007
STKOVF                            00000007
STKPTR                            00000FFC
STKUNF                            00000006
SWDTE                             00000000
SWDTEN                            00000000
SYNC                              00000004
T016BIT                           00000006
T08BIT                            00000006
T0CKI                             00000004
T0CON                             00000FD5
T0CS                              00000005
T0IE                              00000005
T0IF                              00000002
T0PS0                             00000000
T0PS1                             00000001
T0PS2                             00000002
T0PS3                             00000003
T0SE                              00000004
T13CKI                            00000000
T1CKI                             00000000
T1CKPS0                           00000004
T1CKPS1                           00000005
T1CON                             00000FCD
T1OSCEN                           00000003
T1OSI                             00000001
T1OSO                             00000000
T1RUN                             00000006
T1SYNC                            00000002
MPASM 5.54                NEWASMTEMPLATE.ASM   5-10-2021  16:53:53         PAGE 29


SYMBOL TABLE
  LABEL                             VALUE 

T2CKPS0                           00000000
T2CKPS1                           00000001
T2CON                             00000FCA
T2OUTPS0                          00000003
T2OUTPS1                          00000004
T2OUTPS2                          00000005
T2OUTPS3                          00000006
T3CCP1                            00000003
T3CCP2                            00000006
T3CKPS0                           00000004
T3CKPS1                           00000005
T3CON                             00000FB1
T3SYNC                            00000002
TABLAT                            00000FF5
TBLPTR                            00000FF6
TBLPTRH                           00000FF7
TBLPTRL                           00000FF6
TBLPTRU                           00000FF8
THUONGSO                          00000054
TMR0                              00000FD6
TMR0H                             00000FD7
TMR0IE                            00000005
TMR0IF                            00000002
TMR0IP                            00000002
TMR0L                             00000FD6
TMR0ON                            00000007
TMR1                              00000FCE
TMR1CS                            00000001
TMR1H                             00000FCF
TMR1IE                            00000000
TMR1IF                            00000000
TMR1IP                            00000000
TMR1L                             00000FCE
TMR1ON                            00000000
TMR2                              00000FCC
TMR2IE                            00000001
TMR2IF                            00000001
TMR2IP                            00000001
TMR2ON                            00000002
TMR3                              00000FB2
TMR3CS                            00000001
TMR3H                             00000FB3
TMR3IE                            00000001
TMR3IF                            00000001
TMR3IP                            00000001
TMR3L                             00000FB2
TMR3ON                            00000000
TO                                00000003
TOCDO                             0000004D
TOS                               00000FFD
TOSH                              00000FFE
TOSL                              00000FFD
TOSU                              00000FFF
MPASM 5.54                NEWASMTEMPLATE.ASM   5-10-2021  16:53:53         PAGE 30


SYMBOL TABLE
  LABEL                             VALUE 

TOUTPS0                           00000003
TOUTPS1                           00000004
TOUTPS2                           00000005
TOUTPS3                           00000006
TRAM                              00000051
TRISA                             00000F92
TRISA0                            00000000
TRISA1                            00000001
TRISA2                            00000002
TRISA3                            00000003
TRISA4                            00000004
TRISA5                            00000005
TRISA6                            00000006
TRISA7                            00000007
TRISB                             00000F93
TRISB0                            00000000
TRISB1                            00000001
TRISB2                            00000002
TRISB3                            00000003
TRISB4                            00000004
TRISB5                            00000005
TRISB6                            00000006
TRISB7                            00000007
TRISC                             00000F94
TRISC0                            00000000
TRISC1                            00000001
TRISC2                            00000002
TRISC3                            00000003
TRISC4                            00000004
TRISC5                            00000005
TRISC6                            00000006
TRISC7                            00000007
TRISD                             00000F95
TRISD0                            00000000
TRISD1                            00000001
TRISD2                            00000002
TRISD3                            00000003
TRISD4                            00000004
TRISD5                            00000005
TRISD6                            00000006
TRISD7                            00000007
TRISE                             00000F96
TRISE0                            00000000
TRISE1                            00000001
TRISE2                            00000002
TRMT                              00000001
TUN0                              00000000
TUN1                              00000001
TUN2                              00000002
TUN3                              00000003
TUN4                              00000004
TUSO                              0000004E
TX                                00000006
MPASM 5.54                NEWASMTEMPLATE.ASM   5-10-2021  16:53:53         PAGE 31


SYMBOL TABLE
  LABEL                             VALUE 

TX9                               00000006
TX9D                              00000000
TXCKP                             00000004
TXEN                              00000005
TXIE                              00000004
TXIF                              00000004
TXIP                              00000004
TXREG                             00000FAD
TXSTA                             00000FAC
UA                                00000001
Up                                0000025E
VCFG0                             00000004
VCFG1                             00000005
VDIRMAG                           00000007
VPP                               00000003
VREFN                             00000002
VREFP                             00000003
W                                 00000000
WCOL                              00000007
WDTCON                            00000FD1
WR                                00000001
WREG                              00000FE8
WREN                              00000002
WRERR                             00000003
WUE                               00000001
W_TEMP                            0000000E
Z                                 00000002
_BOREN_NOSLP_2L                   000000FD
_BOREN_OFF_2L                     000000F9
_BOREN_ON_2L                      000000FB
_BOREN_SBORDIS_2L                 000000FF
_BORV_0_2L                        000000E7
_BORV_1_2L                        000000EF
_BORV_2_2L                        000000F7
_BORV_3_2L                        000000FF
_CCP2MX_PORTBE_3H                 000000FE
_CCP2MX_PORTC_3H                  000000FF
_CONFIG1H                         00300001
_CONFIG2H                         00300003
_CONFIG2L                         00300002
_CONFIG3H                         00300005
_CONFIG4L                         00300006
_CONFIG5H                         00300009
_CONFIG5L                         00300008
_CONFIG6H                         0030000B
_CONFIG6L                         0030000A
_CONFIG7H                         0030000D
_CONFIG7L                         0030000C
_CP0_OFF_5L                       000000FF
_CP0_ON_5L                        000000FE
_CP1_OFF_5L                       000000FF
_CP1_ON_5L                        000000FD
_CP2_OFF_5L                       000000FF
MPASM 5.54                NEWASMTEMPLATE.ASM   5-10-2021  16:53:53         PAGE 32


SYMBOL TABLE
  LABEL                             VALUE 

_CP2_ON_5L                        000000FB
_CP3_OFF_5L                       000000FF
_CP3_ON_5L                        000000F7
_CPB_OFF_5H                       000000FF
_CPB_ON_5H                        000000BF
_CPD_OFF_5H                       000000FF
_CPD_ON_5H                        0000007F
_DEBUG_OFF_4L                     000000FF
_DEBUG_ON_4L                      0000007F
_DEVID1                           003FFFFE
_DEVID2                           003FFFFF
_EBTR0_OFF_7L                     000000FF
_EBTR0_ON_7L                      000000FE
_EBTR1_OFF_7L                     000000FF
_EBTR1_ON_7L                      000000FD
_EBTR2_OFF_7L                     000000FF
_EBTR2_ON_7L                      000000FB
_EBTR3_OFF_7L                     000000FF
_EBTR3_ON_7L                      000000F7
_EBTRB_OFF_7H                     000000FF
_EBTRB_ON_7H                      000000BF
_FCMEN_OFF_1H                     000000BF
_FCMEN_ON_1H                      000000FF
_IDLOC0                           00200000
_IDLOC1                           00200001
_IDLOC2                           00200002
_IDLOC3                           00200003
_IDLOC4                           00200004
_IDLOC5                           00200005
_IDLOC6                           00200006
_IDLOC7                           00200007
_IESO_OFF_1H                      0000007F
_IESO_ON_1H                       000000FF
_LPT1OSC_OFF_3H                   000000FB
_LPT1OSC_ON_3H                    000000FF
_LVP_OFF_4L                       000000FB
_LVP_ON_4L                        000000FF
_MCLRE_OFF_3H                     0000007F
_MCLRE_ON_3H                      000000FF
_OSC_ECIO6_1H                     000000F5
_OSC_EC_1H                        000000F4
_OSC_HSPLL_1H                     000000F6
_OSC_HS_1H                        000000F2
_OSC_INTIO67_1H                   000000F8
_OSC_INTIO7_1H                    000000F9
_OSC_LP_1H                        000000F0
_OSC_RCIO6_1H                     000000F7
_OSC_RC_1H                        000000F3
_OSC_XT_1H                        000000F1
_PBADEN_OFF_3H                    000000FD
_PBADEN_ON_3H                     000000FF
_PWRT_OFF_2L                      000000FF
_PWRT_ON_2L                       000000FE
MPASM 5.54                NEWASMTEMPLATE.ASM   5-10-2021  16:53:53         PAGE 33


SYMBOL TABLE
  LABEL                             VALUE 

_STVREN_OFF_4L                    000000FE
_STVREN_ON_4L                     000000FF
_WDTPS_1024_2H                    000000F5
_WDTPS_128_2H                     000000EF
_WDTPS_16384_2H                   000000FD
_WDTPS_16_2H                      000000E9
_WDTPS_1_2H                       000000E1
_WDTPS_2048_2H                    000000F7
_WDTPS_256_2H                     000000F1
_WDTPS_2_2H                       000000E3
_WDTPS_32768_2H                   000000FF
_WDTPS_32_2H                      000000EB
_WDTPS_4096_2H                    000000F9
_WDTPS_4_2H                       000000E5
_WDTPS_512_2H                     000000F3
_WDTPS_64_2H                      000000ED
_WDTPS_8192_2H                    000000FB
_WDTPS_8_2H                       000000E7
_WDT_OFF_2H                       000000FE
_WDT_ON_2H                        000000FF
_WRT0_OFF_6L                      000000FF
_WRT0_ON_6L                       000000FE
_WRT1_OFF_6L                      000000FF
_WRT1_ON_6L                       000000FD
_WRT2_OFF_6L                      000000FF
_WRT2_ON_6L                       000000FB
_WRT3_OFF_6L                      000000FF
_WRT3_ON_6L                       000000F7
_WRTB_OFF_6H                      000000FF
_WRTB_ON_6H                       000000BF
_WRTC_OFF_6H                      000000FF
_WRTC_ON_6H                       000000DF
_WRTD_OFF_6H                      000000FF
_WRTD_ON_6H                       0000007F
_XINST_OFF_4L                     000000BF
_XINST_ON_4L                      000000FF
__18F4520                         00000001
cho_phep                          00000444
cntH                              00000045
cntL                              00000046
delay                             0000046A
delay2                            00000478
dulieu                            00000040
ghi_dulieu                        0000042C
ghi_lenh                          00000438
hesoH                             00000047
hesoL                             00000048
lap                               0000046E
lap2                              0000047C
loop                              0000013E
main                              00000100
muc                               00000041
muc_0                             000002A2
MPASM 5.54                NEWASMTEMPLATE.ASM   5-10-2021  16:53:53         PAGE 34


SYMBOL TABLE
  LABEL                             VALUE 

muc_1                             00000300
muc_2                             00000364
muc_3                             000003C8
muc_temp                          00000042
rate0                             00000049
rate1                             0000004A
rate2                             0000004B
rate3                             0000004C
start                             00000244
tinh_toc_do                       000001DA
vong                              00000043
vong2                             00000044

Errors   :     0
Warnings :   364 reported,     0 suppressed
Messages :     0 reported,     0 suppressed

